*** Performing diff tests: k=1
*** Testing ncgen with -k1
*** Testing: nc_enddef
*** SUCCEED: nc_enddef
*** Testing: ref_tst_unicode
*** SUCCEED: ref_tst_unicode
*** Testing: ref_tst_utf8
*** SUCCEED: ref_tst_utf8
*** Testing: simple_xy
*** SUCCEED: simple_xy
*** Testing: small
*** SUCCEED: small
*** Testing: nc_sync
*** SUCCEED: nc_sync
*** Testing: ref_tst_small
*** SUCCEED: ref_tst_small
*** Testing: small2
*** SUCCEED: small2
*** Testing: tst_ncml
*** SUCCEED: tst_ncml
*** Testing: n3time
*** SUCCEED: n3time
*** Testing: ref_tst_chardata
*** XFAIL : ref_tst_chardata
*** Testing: ref_tst_nul3
*** SUCCEED: ref_tst_nul3
*** Testing: ref_tst_long_charconst
*** SUCCEED: ref_tst_long_charconst
*** Testing: tst_chararray
*** SUCCEED: tst_chararray
*** Testing: unlimtest1
*** SUCCEED: unlimtest1
*** Testing: ref_keyword
*** SUCCEED: ref_keyword
*** PASSED: 16/16 ; 1 expected failures ; 0 unexpected failures
*** Performing cycle tests: k=1
*** Cycle testing ncgen with -k1
*** Testing: nc_enddef
*** SUCCEED: nc_enddef
*** Testing: ref_tst_unicode
*** SUCCEED: ref_tst_unicode
*** Testing: ref_tst_utf8
*** SUCCEED: ref_tst_utf8
*** Testing: simple_xy
*** SUCCEED: simple_xy
*** Testing: small
*** SUCCEED: small
*** Testing: nc_sync
*** SUCCEED: nc_sync
*** Testing: ref_tst_small
*** SUCCEED: ref_tst_small
*** Testing: small2
*** SUCCEED: small2
*** Testing: tst_ncml
*** SUCCEED: tst_ncml
*** Testing: n3time
*** SUCCEED: n3time
*** Testing: ref_tst_chardata
xfail test: ref_tst_chardata: ignored
*** Testing: ref_tst_nul3
*** SUCCEED: ref_tst_nul3
*** Testing: ref_tst_long_charconst
*** SUCCEED: ref_tst_long_charconst
*** Testing: tst_chararray
*** SUCCEED: tst_chararray
*** Testing: unlimtest1
*** SUCCEED: unlimtest1
*** Testing: ref_keyword
*** SUCCEED: ref_keyword
*** Testing: bigf1
*** SUCCEED: bigf1
*** Testing: bigf2
*** SUCCEED: bigf2
*** Testing: bigr1
*** SUCCEED: bigr1
*** Testing: bigr2
*** SUCCEED: bigr2
*** PASSED: 20/20 ; 0 unexpected failures; 1 expected failures ignored
*** Performing diff tests: k=3
*** Testing ncgen with -k3
*** Testing: nc_enddef
*** SUCCEED: nc_enddef
*** Testing: ref_tst_unicode
*** SUCCEED: ref_tst_unicode
*** Testing: ref_tst_utf8
*** SUCCEED: ref_tst_utf8
*** Testing: simple_xy
*** SUCCEED: simple_xy
*** Testing: small
*** SUCCEED: small
*** Testing: nc_sync
*** SUCCEED: nc_sync
*** Testing: ref_tst_small
*** SUCCEED: ref_tst_small
*** Testing: small2
*** SUCCEED: small2
*** Testing: tst_ncml
*** SUCCEED: tst_ncml
*** Testing: n3time
*** SUCCEED: n3time
*** Testing: ref_tst_chardata
*** XFAIL : ref_tst_chardata
*** Testing: ref_tst_nul3
*** SUCCEED: ref_tst_nul3
*** Testing: ref_tst_long_charconst
*** SUCCEED: ref_tst_long_charconst
*** Testing: tst_chararray
*** SUCCEED: tst_chararray
*** Testing: unlimtest1
*** SUCCEED: unlimtest1
*** Testing: ref_keyword
*** SUCCEED: ref_keyword
*** Testing: test0
*** SUCCEED: test0
*** Testing: sfc_pres_temp
*** SUCCEED: sfc_pres_temp
*** Testing: fills
*** SUCCEED: fills
*** Testing: c0
*** SUCCEED: c0
*** Testing: example_good
*** SUCCEED: example_good
*** Testing: pres_temp_4D
*** SUCCEED: pres_temp_4D
*** Testing: ref_nctst
*** SUCCEED: ref_nctst
*** Testing: ref_nctst_64bit_offset
*** SUCCEED: ref_nctst_64bit_offset
*** Testing: ref_ctest1_nc4
*** SUCCEED: ref_ctest1_nc4
*** Testing: ref_ctest1_nc4c
*** SUCCEED: ref_ctest1_nc4c
*** Testing: ref_nctst_netcdf4
*** SUCCEED: ref_nctst_netcdf4
*** Testing: ref_nctst_netcdf4_classic
*** SUCCEED: ref_nctst_netcdf4_classic
*** Testing: ref_tst_unlim2
*** XFAIL : ref_tst_unlim2
*** Testing: ref_tst_names
*** SUCCEED: ref_tst_names
*** Testing: ref_dimscope
*** SUCCEED: ref_dimscope
*** Testing: ref_typescope
*** SUCCEED: ref_typescope
*** Testing: ref_tst_string_data
*** SUCCEED: ref_tst_string_data
*** Testing: ref_tst_comp
*** SUCCEED: ref_tst_comp
*** Testing: ref_tst_comp2
*** SUCCEED: ref_tst_comp2
*** Testing: ref_tst_comp3
*** SUCCEED: ref_tst_comp3
*** Testing: ref_tst_group_data
*** SUCCEED: ref_tst_group_data
*** Testing: ref_tst_opaque_data
*** SUCCEED: ref_tst_opaque_data
*** Testing: ref_tst_solar_1
*** SUCCEED: ref_tst_solar_1
*** Testing: ref_tst_solar_2
*** SUCCEED: ref_tst_solar_2
*** Testing: ref_tst_enum_data
*** SUCCEED: ref_tst_enum_data
*** Testing: ref_tst_special_atts
*** XFAIL : ref_tst_special_atts
*** Testing: ref_tst_nans
*** SUCCEED: ref_tst_nans
*** Testing: ref_solar
*** SUCCEED: ref_solar
*** Testing: unlimtest2
*** SUCCEED: unlimtest2
*** Testing: ref_tst_vlen_data
*** SUCCEED: ref_tst_vlen_data
*** Testing: ref_tst_vlen_data
*** SUCCEED: ref_tst_vlen_data
*** Testing: ref_tst_vlen_data2
*** SUCCEED: ref_tst_vlen_data2
*** Testing: ref_niltest
*** SUCCEED: ref_niltest
*** Testing: ref_tst_h_scalar
*** SUCCEED: ref_tst_h_scalar
*** Testing: ref_tst_nul4
*** SUCCEED: ref_tst_nul4
*** Testing: ref_tst_chardata
*** XFAIL : ref_tst_chardata
*** Testing: ref_const_test
*** XFAIL : ref_const_test
*** Testing: ref_tst_unlim2
*** XFAIL : ref_tst_unlim2
*** Testing: ref_tst_special_atts3
*** XFAIL : ref_tst_special_atts3
*** Testing: ref_tst_special_atts
*** XFAIL : ref_tst_special_atts
*** PASSED: 56/56 ; 8 expected failures ; 0 unexpected failures
*** Performing cycle tests: k=3
*** Cycle testing ncgen with -k3
*** Testing: nc_enddef
*** SUCCEED: nc_enddef
*** Testing: ref_tst_unicode
*** SUCCEED: ref_tst_unicode
*** Testing: ref_tst_utf8
*** SUCCEED: ref_tst_utf8
*** Testing: simple_xy
*** SUCCEED: simple_xy
*** Testing: small
*** SUCCEED: small
*** Testing: nc_sync
*** SUCCEED: nc_sync
*** Testing: ref_tst_small
*** SUCCEED: ref_tst_small
*** Testing: small2
*** SUCCEED: small2
*** Testing: tst_ncml
*** SUCCEED: tst_ncml
*** Testing: n3time
*** SUCCEED: n3time
*** Testing: ref_tst_chardata
xfail test: ref_tst_chardata: ignored
*** Testing: ref_tst_nul3
*** SUCCEED: ref_tst_nul3
*** Testing: ref_tst_long_charconst
*** SUCCEED: ref_tst_long_charconst
*** Testing: tst_chararray
*** SUCCEED: tst_chararray
*** Testing: unlimtest1
*** SUCCEED: unlimtest1
*** Testing: ref_keyword
*** SUCCEED: ref_keyword
*** Testing: test0
*** SUCCEED: test0
*** Testing: sfc_pres_temp
*** SUCCEED: sfc_pres_temp
*** Testing: fills
*** SUCCEED: fills
*** Testing: c0
*** SUCCEED: c0
*** Testing: example_good
*** SUCCEED: example_good
*** Testing: pres_temp_4D
*** SUCCEED: pres_temp_4D
*** Testing: ref_nctst
*** SUCCEED: ref_nctst
*** Testing: ref_nctst_64bit_offset
*** SUCCEED: ref_nctst_64bit_offset
*** Testing: ref_ctest1_nc4
*** SUCCEED: ref_ctest1_nc4
*** Testing: ref_ctest1_nc4c
*** SUCCEED: ref_ctest1_nc4c
*** Testing: ref_nctst_netcdf4
*** SUCCEED: ref_nctst_netcdf4
*** Testing: ref_nctst_netcdf4_classic
*** SUCCEED: ref_nctst_netcdf4_classic
*** Testing: ref_tst_unlim2
xfail test: ref_tst_unlim2: ignored
*** Testing: ref_tst_names
*** SUCCEED: ref_tst_names
*** Testing: ref_dimscope
*** SUCCEED: ref_dimscope
*** Testing: ref_typescope
*** SUCCEED: ref_typescope
*** Testing: ref_tst_string_data
*** SUCCEED: ref_tst_string_data
*** Testing: ref_tst_comp
*** SUCCEED: ref_tst_comp
*** Testing: ref_tst_comp2
*** SUCCEED: ref_tst_comp2
*** Testing: ref_tst_comp3
*** SUCCEED: ref_tst_comp3
*** Testing: ref_tst_group_data
*** SUCCEED: ref_tst_group_data
*** Testing: ref_tst_opaque_data
*** SUCCEED: ref_tst_opaque_data
*** Testing: ref_tst_solar_1
*** SUCCEED: ref_tst_solar_1
*** Testing: ref_tst_solar_2
*** SUCCEED: ref_tst_solar_2
*** Testing: ref_tst_enum_data
*** SUCCEED: ref_tst_enum_data
*** Testing: ref_tst_special_atts
*** SUCCEED: ref_tst_special_atts
*** Testing: ref_tst_nans
*** SUCCEED: ref_tst_nans
*** Testing: ref_solar
*** SUCCEED: ref_solar
*** Testing: unlimtest2
*** SUCCEED: unlimtest2
*** Testing: ref_tst_vlen_data
*** SUCCEED: ref_tst_vlen_data
*** Testing: ref_tst_vlen_data
*** SUCCEED: ref_tst_vlen_data
*** Testing: ref_tst_vlen_data2
*** SUCCEED: ref_tst_vlen_data2
*** Testing: ref_niltest
*** SUCCEED: ref_niltest
*** Testing: ref_tst_h_scalar
*** SUCCEED: ref_tst_h_scalar
*** Testing: ref_tst_nul4
*** SUCCEED: ref_tst_nul4
*** Testing: bigf1
*** SUCCEED: bigf1
*** Testing: bigf2
*** SUCCEED: bigf2
*** Testing: bigr1
*** SUCCEED: bigr1
*** Testing: bigr2
*** SUCCEED: bigr2
*** Testing: ref_tst_solar_1
*** SUCCEED: ref_tst_solar_1
*** Testing: ref_tst_special_atts3
*** SUCCEED: ref_tst_special_atts3
*** Testing: ref_tst_special_atts
*** SUCCEED: ref_tst_special_atts
*** PASSED: 58/58 ; 0 unexpected failures; 2 expected failures ignored
*** Performing diff tests: k=4
*** Testing ncgen with -k4
*** Testing: nc_enddef
*** SUCCEED: nc_enddef
*** Testing: ref_tst_unicode
*** SUCCEED: ref_tst_unicode
*** Testing: ref_tst_utf8
*** SUCCEED: ref_tst_utf8
*** Testing: simple_xy
*** SUCCEED: simple_xy
*** Testing: small
*** SUCCEED: small
*** Testing: nc_sync
*** SUCCEED: nc_sync
*** Testing: ref_tst_small
*** SUCCEED: ref_tst_small
*** Testing: small2
*** SUCCEED: small2
*** Testing: tst_ncml
*** SUCCEED: tst_ncml
*** Testing: n3time
*** SUCCEED: n3time
*** Testing: ref_tst_chardata
*** XFAIL : ref_tst_chardata
*** Testing: ref_tst_nul3
*** SUCCEED: ref_tst_nul3
*** Testing: ref_tst_long_charconst
*** SUCCEED: ref_tst_long_charconst
*** Testing: tst_chararray
*** SUCCEED: tst_chararray
*** Testing: unlimtest1
*** SUCCEED: unlimtest1
*** Testing: ref_keyword
*** SUCCEED: ref_keyword
*** Testing: ref_tst_special_atts3
*** XFAIL : ref_tst_special_atts3
*** PASSED: 17/17 ; 2 expected failures ; 0 unexpected failures
*** Performing cycle tests: k=4
*** Cycle testing ncgen with -k4
*** Testing: nc_enddef
*** SUCCEED: nc_enddef
*** Testing: ref_tst_unicode
*** SUCCEED: ref_tst_unicode
*** Testing: ref_tst_utf8
*** SUCCEED: ref_tst_utf8
*** Testing: simple_xy
*** SUCCEED: simple_xy
*** Testing: small
*** SUCCEED: small
*** Testing: nc_sync
*** SUCCEED: nc_sync
*** Testing: ref_tst_small
*** SUCCEED: ref_tst_small
*** Testing: small2
*** SUCCEED: small2
*** Testing: tst_ncml
*** SUCCEED: tst_ncml
*** Testing: n3time
*** SUCCEED: n3time
*** Testing: ref_tst_chardata
xfail test: ref_tst_chardata: ignored
*** Testing: ref_tst_nul3
*** SUCCEED: ref_tst_nul3
*** Testing: ref_tst_long_charconst
*** SUCCEED: ref_tst_long_charconst
*** Testing: tst_chararray
*** SUCCEED: tst_chararray
*** Testing: unlimtest1
*** SUCCEED: unlimtest1
*** Testing: ref_keyword
*** SUCCEED: ref_keyword
*** Testing: bigf1
*** SUCCEED: bigf1
*** Testing: bigf2
*** SUCCEED: bigf2
*** Testing: bigr1
*** SUCCEED: bigr1
*** Testing: bigr2
*** SUCCEED: bigr2
*** Testing: ref_tst_special_atts3
*** SUCCEED: ref_tst_special_atts3
*** PASSED: 21/21 ; 0 unexpected failures; 1 expected failures ignored
PASS tst_ncgen4.sh (exit status: 0)
