
*** Testing netCDF-4 features of nccopy on ncdump/*.nc files
*** Test nccopy tst_comp.nc copy_of_tst_comp.nc ...
*** Test nccopy tst_comp2.nc copy_of_tst_comp2.nc ...
*** Test nccopy tst_enum_data.nc copy_of_tst_enum_data.nc ...
*** Test nccopy tst_fillbug.nc copy_of_tst_fillbug.nc ...
*** Test nccopy tst_group_data.nc copy_of_tst_group_data.nc ...
*** Test nccopy tst_nans.nc copy_of_tst_nans.nc ...
*** Test nccopy tst_opaque_data.nc copy_of_tst_opaque_data.nc ...
*** Test nccopy tst_solar_1.nc copy_of_tst_solar_1.nc ...
*** Test nccopy tst_solar_2.nc copy_of_tst_solar_2.nc ...
*** Test nccopy tst_solar_cmp.nc copy_of_tst_solar_cmp.nc ...
*** Test nccopy tst_special_atts.nc copy_of_tst_special_atts.nc ...
*** Test nccopy tst_string_data.nc copy_of_tst_string_data.nc ...
*** Test nccopy tst_unicode.nc copy_of_tst_unicode.nc ...
*** Test nccopy tst_vlen_data.nc copy_of_tst_vlen_data.nc ...
*** Creating compressible test files tst_inflated.nc, tst_inflated4.nc...ok.
*** Tests successful!
*** Test nccopy -d1 can compress a classic format file ...
*** Test nccopy -d1 can compress a netCDF-4 format file ...
*** Test nccopy -d1 -s can compress a classic model netCDF-4 file even more ...
*** Test nccopy -d1 -s can compress a netCDF-4 file even more ...
*** Test nccopy -d0 turns off compression, shuffling of compressed, shuffled file ...
*** Testing nccopy -d1 -s on ncdump/*.nc files
*** Test nccopy -d1 -s tst_comp.nc copy_of_tst_comp.nc ...
*** Test nccopy -d1 -s tst_comp2.nc copy_of_tst_comp2.nc ...
*** Test nccopy -d1 -s tst_enum_data.nc copy_of_tst_enum_data.nc ...
*** Test nccopy -d1 -s tst_fillbug.nc copy_of_tst_fillbug.nc ...
*** Test nccopy -d1 -s tst_group_data.nc copy_of_tst_group_data.nc ...
*** Test nccopy -d1 -s tst_nans.nc copy_of_tst_nans.nc ...
*** Test nccopy -d1 -s tst_opaque_data.nc copy_of_tst_opaque_data.nc ...
*** Test nccopy -d1 -s tst_solar_1.nc copy_of_tst_solar_1.nc ...
*** Test nccopy -d1 -s tst_solar_2.nc copy_of_tst_solar_2.nc ...
*** Test nccopy -d1 -s tst_solar_cmp.nc copy_of_tst_solar_cmp.nc ...
*** Test nccopy -d1 -s tst_special_atts.nc copy_of_tst_special_atts.nc ...
*** Test nccopy -d1 -s tst_string_data.nc copy_of_tst_string_data.nc ...
*** Test nccopy -d1 -s tst_unicode.nc copy_of_tst_unicode.nc ...
*** Test nccopy -d1 -s tst_vlen_data.nc copy_of_tst_vlen_data.nc ...
*** Creating chunkable test file tst_chunking.nc...ok.
*** Tests successful!
*** Test that nccopy -c can chunk and unchunk files
*** Test that nccopy -c works as intended for record dimension default (1)
*** All nccopy tests passed!
PASS tst_nccopy4.sh (exit status: 0)
