--------------------
./configure --prefix=
Mon Jan 15 03:56:52 JST 2018
Checking for gcc...
=== ztest19099.c ===
extern int getchar();
int hello() {return getchar();}
===
gcc -c ztest19099.c
... using gcc

Checking for obsessive-compulsive compiler options...
=== ztest19099.c ===
int foo() { return 0; }
===
gcc -c -O3 -xHost -ip -no-prec-div -static-intel -fPIC ztest19099.c
gcc: error: unrecognized command line option ‘-ip’
gcc: error: unrecognized command line option ‘-no-prec-div’
gcc: error: unrecognized command line option ‘-static-intel’
(exit code 1)
Compiler error reporting is too harsh for ./configure (perhaps remove -Werror).
** ./configure aborting.
--------------------


--------------------
./configure
Mon Jan 15 03:57:16 JST 2018
Checking for gcc...
=== ztest19244.c ===
extern int getchar();
int hello() {return getchar();}
===
gcc -c ztest19244.c
... using gcc

Checking for obsessive-compulsive compiler options...
=== ztest19244.c ===
int foo() { return 0; }
===
gcc -c -O3 ztest19244.c

Checking for shared library support...
=== ztest19244.c ===
extern int getchar();
int hello() {return getchar();}
===
gcc -w -c -O3 -fPIC ztest19244.c
gcc -shared -Wl,-soname,libz.so.1,--version-script,zlib.map -O3 -fPIC -o ztest19244.so ztest19244.o
Building shared library libz.so.1.2.10 with gcc.

=== ztest19244.c ===
#include <stdio.h>
#include <stdlib.h>
size_t dummy = 0;
===
gcc -c -O3 ztest19244.c
Checking for size_t... Yes.


=== ztest19244.c ===
#include <sys/types.h>
off64_t dummy = 0;
===
gcc -c -O3 -D_LARGEFILE64_SOURCE=1 ztest19244.c
Checking for off64_t... Yes.
Checking for fseeko... Yes.

=== ztest19244.c ===
#include <string.h>
#include <errno.h>
int main() { return strlen(strerror(errno)); }
===
gcc -O3 -D_LARGEFILE64_SOURCE=1 -o ztest19244 ztest19244.c
Checking for strerror... Yes.

=== ztest19244.c ===
#include <unistd.h>
int main() { return 0; }
===
gcc -c -O3 -D_LARGEFILE64_SOURCE=1 ztest19244.c
Checking for unistd.h... Yes.

=== ztest19244.c ===
#include <stdarg.h>
int main() { return 0; }
===
gcc -c -O3 -D_LARGEFILE64_SOURCE=1 ztest19244.c
Checking for stdarg.h... Yes.

=== ztest19244.c ===
#include <stdio.h>
#include <stdarg.h>
#include "zconf.h"
int main()
{
#ifndef STDC
  choke me
#endif
  return 0;
}
===
gcc -c -O3 -D_LARGEFILE64_SOURCE=1 ztest19244.c
Checking whether to use vs[n]printf() or s[n]printf()... using vs[n]printf().

=== ztest19244.c ===
#include <stdio.h>
#include <stdarg.h>
int mytest(const char *fmt, ...)
{
  char buf[20];
  va_list ap;
  va_start(ap, fmt);
  vsnprintf(buf, sizeof(buf), fmt, ap);
  va_end(ap);
  return 0;
}
int main()
{
  return (mytest("Hello%d\n", 1));
}
===
gcc -O3 -D_LARGEFILE64_SOURCE=1 -o ztest19244 ztest19244.c
Checking for vsnprintf() in stdio.h... Yes.

=== ztest19244.c ===
#include <stdio.h>
#include <stdarg.h>
int mytest(const char *fmt, ...)
{
  int n;
  char buf[20];
  va_list ap;
  va_start(ap, fmt);
  n = vsnprintf(buf, sizeof(buf), fmt, ap);
  va_end(ap);
  return n;
}
int main()
{
  return (mytest("Hello%d\n", 1));
}
===
gcc -c -O3 -D_LARGEFILE64_SOURCE=1 ztest19244.c
Checking for return value of vsnprintf()... Yes.

=== ztest19244.c ===
#define ZLIB_INTERNAL __attribute__((visibility ("hidden")))
int ZLIB_INTERNAL foo;
int main()
{
  return 0;
}
===
gcc -c -O3 -D_LARGEFILE64_SOURCE=1 ztest19244.c
Checking for attribute(visibility) support... Yes.

ALL = static shared all64
AR = ar
ARFLAGS = rc
CC = gcc
CFLAGS = -O3 -D_LARGEFILE64_SOURCE=1 -DHAVE_HIDDEN
CPP = gcc -E
EXE =
LDCONFIG = ldconfig
LDFLAGS =
LDSHARED = gcc -shared -Wl,-soname,libz.so.1,--version-script,zlib.map
LDSHAREDLIBC = -lc
OBJC = $(OBJZ) $(OBJG)
PIC_OBJC = $(PIC_OBJZ) $(PIC_OBJG)
RANLIB = ranlib
SFLAGS = -O3 -fPIC -D_LARGEFILE64_SOURCE=1 -DHAVE_HIDDEN
SHAREDLIB = libz.so
SHAREDLIBM = libz.so.1
SHAREDLIBV = libz.so.1.2.10
STATICLIB = libz.a
TEST = all teststatic testshared test64
VER = 1.2.10
Z_U4 =
SRCDIR =
exec_prefix = ${prefix}
includedir = ${prefix}/include
libdir = ${exec_prefix}/lib
mandir = ${prefix}/share/man
prefix = /usr/local
sharedlibdir = ${libdir}
uname = Linux
--------------------


--------------------
./configure --prefix=
Mon Jan 15 03:59:06 JST 2018
=== ztest19562.c ===
extern int getchar();
int hello() {return getchar();}
===
icc -c ztest19562.c
... using gcc

Checking for obsessive-compulsive compiler options...
=== ztest19562.c ===
int foo() { return 0; }
===
icc -c -O3 -xHost -ip -fPIC ztest19562.c

Checking for shared library support...
=== ztest19562.c ===
extern int getchar();
int hello() {return getchar();}
===
icc -w -c -O3 -xHost -ip -fPIC -fPIC ztest19562.c
icc -shared -Wl,-soname,libz.so.1,--version-script,zlib.map -O3 -xHost -ip -fPIC -fPIC -o ztest19562.so ztest19562.o
Building shared library libz.so.1.2.10 with icc.

=== ztest19562.c ===
#include <stdio.h>
#include <stdlib.h>
size_t dummy = 0;
===
icc -c -O3 -xHost -ip -fPIC ztest19562.c
Checking for size_t... Yes.


=== ztest19562.c ===
#include <sys/types.h>
off64_t dummy = 0;
===
icc -c -O3 -xHost -ip -fPIC -D_LARGEFILE64_SOURCE=1 ztest19562.c
Checking for off64_t... Yes.
Checking for fseeko... Yes.

=== ztest19562.c ===
#include <string.h>
#include <errno.h>
int main() { return strlen(strerror(errno)); }
===
icc -O3 -xHost -ip -fPIC -D_LARGEFILE64_SOURCE=1 -o ztest19562 ztest19562.c
Checking for strerror... Yes.

=== ztest19562.c ===
#include <unistd.h>
int main() { return 0; }
===
icc -c -O3 -xHost -ip -fPIC -D_LARGEFILE64_SOURCE=1 ztest19562.c
Checking for unistd.h... Yes.

=== ztest19562.c ===
#include <stdarg.h>
int main() { return 0; }
===
icc -c -O3 -xHost -ip -fPIC -D_LARGEFILE64_SOURCE=1 ztest19562.c
Checking for stdarg.h... Yes.

=== ztest19562.c ===
#include <stdio.h>
#include <stdarg.h>
#include "zconf.h"
int main()
{
#ifndef STDC
  choke me
#endif
  return 0;
}
===
icc -c -O3 -xHost -ip -fPIC -D_LARGEFILE64_SOURCE=1 ztest19562.c
Checking whether to use vs[n]printf() or s[n]printf()... using vs[n]printf().

=== ztest19562.c ===
#include <stdio.h>
#include <stdarg.h>
int mytest(const char *fmt, ...)
{
  char buf[20];
  va_list ap;
  va_start(ap, fmt);
  vsnprintf(buf, sizeof(buf), fmt, ap);
  va_end(ap);
  return 0;
}
int main()
{
  return (mytest("Hello%d\n", 1));
}
===
icc -O3 -xHost -ip -fPIC -D_LARGEFILE64_SOURCE=1 -o ztest19562 ztest19562.c
Checking for vsnprintf() in stdio.h... Yes.

=== ztest19562.c ===
#include <stdio.h>
#include <stdarg.h>
int mytest(const char *fmt, ...)
{
  int n;
  char buf[20];
  va_list ap;
  va_start(ap, fmt);
  n = vsnprintf(buf, sizeof(buf), fmt, ap);
  va_end(ap);
  return n;
}
int main()
{
  return (mytest("Hello%d\n", 1));
}
===
icc -c -O3 -xHost -ip -fPIC -D_LARGEFILE64_SOURCE=1 ztest19562.c
Checking for return value of vsnprintf()... Yes.

=== ztest19562.c ===
#define ZLIB_INTERNAL __attribute__((visibility ("hidden")))
int ZLIB_INTERNAL foo;
int main()
{
  return 0;
}
===
icc -c -O3 -xHost -ip -fPIC -D_LARGEFILE64_SOURCE=1 ztest19562.c
Checking for attribute(visibility) support... Yes.

ALL = static shared all64
AR = ar
ARFLAGS = rc
CC = icc
CFLAGS = -O3 -xHost -ip -fPIC -D_LARGEFILE64_SOURCE=1 -DHAVE_HIDDEN
CPP = icc -E
EXE =
LDCONFIG = ldconfig
LDFLAGS =
LDSHARED = icc -shared -Wl,-soname,libz.so.1,--version-script,zlib.map
LDSHAREDLIBC = -lc
OBJC = $(OBJZ) $(OBJG)
PIC_OBJC = $(PIC_OBJZ) $(PIC_OBJG)
RANLIB = ranlib
SFLAGS = -O3 -xHost -ip -fPIC -fPIC -D_LARGEFILE64_SOURCE=1 -DHAVE_HIDDEN
SHAREDLIB = libz.so
SHAREDLIBM = libz.so.1
SHAREDLIBV = libz.so.1.2.10
STATICLIB = libz.a
TEST = all teststatic testshared test64
VER = 1.2.10
Z_U4 =
SRCDIR =
exec_prefix = ${prefix}
includedir = ${prefix}/include
libdir = ${exec_prefix}/lib
mandir = ${prefix}/share/man
prefix =
sharedlibdir = ${libdir}
uname = Linux
--------------------


--------------------
./configure --prefix=/home/yamamoto/local/devel/moltypes
Mon Jan 15 03:59:50 JST 2018
=== ztest20350.c ===
extern int getchar();
int hello() {return getchar();}
===
icc -c ztest20350.c
... using gcc

Checking for obsessive-compulsive compiler options...
=== ztest20350.c ===
int foo() { return 0; }
===
icc -c -O3 -xHost -ip -fPIC ztest20350.c

Checking for shared library support...
=== ztest20350.c ===
extern int getchar();
int hello() {return getchar();}
===
icc -w -c -O3 -xHost -ip -fPIC -fPIC ztest20350.c
icc -shared -Wl,-soname,libz.so.1,--version-script,zlib.map -O3 -xHost -ip -fPIC -fPIC -o ztest20350.so ztest20350.o
Building shared library libz.so.1.2.10 with icc.

=== ztest20350.c ===
#include <stdio.h>
#include <stdlib.h>
size_t dummy = 0;
===
icc -c -O3 -xHost -ip -fPIC ztest20350.c
Checking for size_t... Yes.


=== ztest20350.c ===
#include <sys/types.h>
off64_t dummy = 0;
===
icc -c -O3 -xHost -ip -fPIC -D_LARGEFILE64_SOURCE=1 ztest20350.c
Checking for off64_t... Yes.
Checking for fseeko... Yes.

=== ztest20350.c ===
#include <string.h>
#include <errno.h>
int main() { return strlen(strerror(errno)); }
===
icc -O3 -xHost -ip -fPIC -D_LARGEFILE64_SOURCE=1 -o ztest20350 ztest20350.c
Checking for strerror... Yes.

=== ztest20350.c ===
#include <unistd.h>
int main() { return 0; }
===
icc -c -O3 -xHost -ip -fPIC -D_LARGEFILE64_SOURCE=1 ztest20350.c
Checking for unistd.h... Yes.

=== ztest20350.c ===
#include <stdarg.h>
int main() { return 0; }
===
icc -c -O3 -xHost -ip -fPIC -D_LARGEFILE64_SOURCE=1 ztest20350.c
Checking for stdarg.h... Yes.

=== ztest20350.c ===
#include <stdio.h>
#include <stdarg.h>
#include "zconf.h"
int main()
{
#ifndef STDC
  choke me
#endif
  return 0;
}
===
icc -c -O3 -xHost -ip -fPIC -D_LARGEFILE64_SOURCE=1 ztest20350.c
Checking whether to use vs[n]printf() or s[n]printf()... using vs[n]printf().

=== ztest20350.c ===
#include <stdio.h>
#include <stdarg.h>
int mytest(const char *fmt, ...)
{
  char buf[20];
  va_list ap;
  va_start(ap, fmt);
  vsnprintf(buf, sizeof(buf), fmt, ap);
  va_end(ap);
  return 0;
}
int main()
{
  return (mytest("Hello%d\n", 1));
}
===
icc -O3 -xHost -ip -fPIC -D_LARGEFILE64_SOURCE=1 -o ztest20350 ztest20350.c
Checking for vsnprintf() in stdio.h... Yes.

=== ztest20350.c ===
#include <stdio.h>
#include <stdarg.h>
int mytest(const char *fmt, ...)
{
  int n;
  char buf[20];
  va_list ap;
  va_start(ap, fmt);
  n = vsnprintf(buf, sizeof(buf), fmt, ap);
  va_end(ap);
  return n;
}
int main()
{
  return (mytest("Hello%d\n", 1));
}
===
icc -c -O3 -xHost -ip -fPIC -D_LARGEFILE64_SOURCE=1 ztest20350.c
Checking for return value of vsnprintf()... Yes.

=== ztest20350.c ===
#define ZLIB_INTERNAL __attribute__((visibility ("hidden")))
int ZLIB_INTERNAL foo;
int main()
{
  return 0;
}
===
icc -c -O3 -xHost -ip -fPIC -D_LARGEFILE64_SOURCE=1 ztest20350.c
Checking for attribute(visibility) support... Yes.

ALL = static shared all64
AR = ar
ARFLAGS = rc
CC = icc
CFLAGS = -O3 -xHost -ip -fPIC -D_LARGEFILE64_SOURCE=1 -DHAVE_HIDDEN
CPP = icc -E
EXE =
LDCONFIG = ldconfig
LDFLAGS =
LDSHARED = icc -shared -Wl,-soname,libz.so.1,--version-script,zlib.map
LDSHAREDLIBC = -lc
OBJC = $(OBJZ) $(OBJG)
PIC_OBJC = $(PIC_OBJZ) $(PIC_OBJG)
RANLIB = ranlib
SFLAGS = -O3 -xHost -ip -fPIC -fPIC -D_LARGEFILE64_SOURCE=1 -DHAVE_HIDDEN
SHAREDLIB = libz.so
SHAREDLIBM = libz.so.1
SHAREDLIBV = libz.so.1.2.10
STATICLIB = libz.a
TEST = all teststatic testshared test64
VER = 1.2.10
Z_U4 =
SRCDIR =
exec_prefix = ${prefix}
includedir = ${prefix}/include
libdir = ${exec_prefix}/lib
mandir = ${prefix}/share/man
prefix = /home/yamamoto/local/devel/moltypes
sharedlibdir = ${libdir}
uname = Linux
--------------------


--------------------
./configure --prefix=/home/yamamoto/local/devel/moltypes
Mon Jan 15 04:01:44 JST 2018
=== ztest21562.c ===
extern int getchar();
int hello() {return getchar();}
===
icc -c ztest21562.c
... using gcc

Checking for obsessive-compulsive compiler options...
=== ztest21562.c ===
int foo() { return 0; }
===
icc -c -O3 -xHost -ip -fPIC ztest21562.c

Checking for shared library support...
=== ztest21562.c ===
extern int getchar();
int hello() {return getchar();}
===
icc -w -c -O3 -xHost -ip -fPIC -fPIC ztest21562.c
icc -shared -Wl,-soname,libz.so.1,--version-script,zlib.map -O3 -xHost -ip -fPIC -fPIC -o ztest21562.so ztest21562.o
Building shared library libz.so.1.2.10 with icc.

=== ztest21562.c ===
#include <stdio.h>
#include <stdlib.h>
size_t dummy = 0;
===
icc -c -O3 -xHost -ip -fPIC ztest21562.c
Checking for size_t... Yes.


=== ztest21562.c ===
#include <sys/types.h>
off64_t dummy = 0;
===
icc -c -O3 -xHost -ip -fPIC -D_LARGEFILE64_SOURCE=1 ztest21562.c
Checking for off64_t... Yes.
Checking for fseeko... Yes.

=== ztest21562.c ===
#include <string.h>
#include <errno.h>
int main() { return strlen(strerror(errno)); }
===
icc -O3 -xHost -ip -fPIC -D_LARGEFILE64_SOURCE=1 -o ztest21562 ztest21562.c
Checking for strerror... Yes.

=== ztest21562.c ===
#include <unistd.h>
int main() { return 0; }
===
icc -c -O3 -xHost -ip -fPIC -D_LARGEFILE64_SOURCE=1 ztest21562.c
Checking for unistd.h... Yes.

=== ztest21562.c ===
#include <stdarg.h>
int main() { return 0; }
===
icc -c -O3 -xHost -ip -fPIC -D_LARGEFILE64_SOURCE=1 ztest21562.c
Checking for stdarg.h... Yes.

=== ztest21562.c ===
#include <stdio.h>
#include <stdarg.h>
#include "zconf.h"
int main()
{
#ifndef STDC
  choke me
#endif
  return 0;
}
===
icc -c -O3 -xHost -ip -fPIC -D_LARGEFILE64_SOURCE=1 ztest21562.c
Checking whether to use vs[n]printf() or s[n]printf()... using vs[n]printf().

=== ztest21562.c ===
#include <stdio.h>
#include <stdarg.h>
int mytest(const char *fmt, ...)
{
  char buf[20];
  va_list ap;
  va_start(ap, fmt);
  vsnprintf(buf, sizeof(buf), fmt, ap);
  va_end(ap);
  return 0;
}
int main()
{
  return (mytest("Hello%d\n", 1));
}
===
icc -O3 -xHost -ip -fPIC -D_LARGEFILE64_SOURCE=1 -o ztest21562 ztest21562.c
Checking for vsnprintf() in stdio.h... Yes.

=== ztest21562.c ===
#include <stdio.h>
#include <stdarg.h>
int mytest(const char *fmt, ...)
{
  int n;
  char buf[20];
  va_list ap;
  va_start(ap, fmt);
  n = vsnprintf(buf, sizeof(buf), fmt, ap);
  va_end(ap);
  return n;
}
int main()
{
  return (mytest("Hello%d\n", 1));
}
===
icc -c -O3 -xHost -ip -fPIC -D_LARGEFILE64_SOURCE=1 ztest21562.c
Checking for return value of vsnprintf()... Yes.

=== ztest21562.c ===
#define ZLIB_INTERNAL __attribute__((visibility ("hidden")))
int ZLIB_INTERNAL foo;
int main()
{
  return 0;
}
===
icc -c -O3 -xHost -ip -fPIC -D_LARGEFILE64_SOURCE=1 ztest21562.c
Checking for attribute(visibility) support... Yes.

ALL = static shared all64
AR = ar
ARFLAGS = rc
CC = icc
CFLAGS = -O3 -xHost -ip -fPIC -D_LARGEFILE64_SOURCE=1 -DHAVE_HIDDEN
CPP = icc -E
EXE =
LDCONFIG = ldconfig
LDFLAGS =
LDSHARED = icc -shared -Wl,-soname,libz.so.1,--version-script,zlib.map
LDSHAREDLIBC = -lc
OBJC = $(OBJZ) $(OBJG)
PIC_OBJC = $(PIC_OBJZ) $(PIC_OBJG)
RANLIB = ranlib
SFLAGS = -O3 -xHost -ip -fPIC -fPIC -D_LARGEFILE64_SOURCE=1 -DHAVE_HIDDEN
SHAREDLIB = libz.so
SHAREDLIBM = libz.so.1
SHAREDLIBV = libz.so.1.2.10
STATICLIB = libz.a
TEST = all teststatic testshared test64
VER = 1.2.10
Z_U4 =
SRCDIR =
exec_prefix = ${prefix}
includedir = ${prefix}/include
libdir = ${exec_prefix}/lib
mandir = ${prefix}/share/man
prefix = /home/yamamoto/local/devel/moltypes
sharedlibdir = ${libdir}
uname = Linux
--------------------


--------------------
./configure --prefix=/home/yymmt/moltypes
2018年  3月 25日 日曜日 14:45:48 JST
=== ztest16118.c ===
extern int getchar();
int hello() {return getchar();}
===
icc -c ztest16118.c
... using gcc

Checking for obsessive-compulsive compiler options...
=== ztest16118.c ===
int foo() { return 0; }
===
icc -c -O3 -xHost -ip -fPIC ztest16118.c

Checking for shared library support...
=== ztest16118.c ===
extern int getchar();
int hello() {return getchar();}
===
icc -w -c -O3 -xHost -ip -fPIC -fPIC ztest16118.c
icc -shared -Wl,-soname,libz.so.1,--version-script,zlib.map -O3 -xHost -ip -fPIC -fPIC -o ztest16118.so ztest16118.o
Building shared library libz.so.1.2.10 with icc.

=== ztest16118.c ===
#include <stdio.h>
#include <stdlib.h>
size_t dummy = 0;
===
icc -c -O3 -xHost -ip -fPIC ztest16118.c
Checking for size_t... Yes.


=== ztest16118.c ===
#include <sys/types.h>
off64_t dummy = 0;
===
icc -c -O3 -xHost -ip -fPIC -D_LARGEFILE64_SOURCE=1 ztest16118.c
Checking for off64_t... Yes.
Checking for fseeko... Yes.

=== ztest16118.c ===
#include <string.h>
#include <errno.h>
int main() { return strlen(strerror(errno)); }
===
icc -O3 -xHost -ip -fPIC -D_LARGEFILE64_SOURCE=1 -o ztest16118 ztest16118.c
Checking for strerror... Yes.

=== ztest16118.c ===
#include <unistd.h>
int main() { return 0; }
===
icc -c -O3 -xHost -ip -fPIC -D_LARGEFILE64_SOURCE=1 ztest16118.c
Checking for unistd.h... Yes.

=== ztest16118.c ===
#include <stdarg.h>
int main() { return 0; }
===
icc -c -O3 -xHost -ip -fPIC -D_LARGEFILE64_SOURCE=1 ztest16118.c
Checking for stdarg.h... Yes.

=== ztest16118.c ===
#include <stdio.h>
#include <stdarg.h>
#include "zconf.h"
int main()
{
#ifndef STDC
  choke me
#endif
  return 0;
}
===
icc -c -O3 -xHost -ip -fPIC -D_LARGEFILE64_SOURCE=1 ztest16118.c
Checking whether to use vs[n]printf() or s[n]printf()... using vs[n]printf().

=== ztest16118.c ===
#include <stdio.h>
#include <stdarg.h>
int mytest(const char *fmt, ...)
{
  char buf[20];
  va_list ap;
  va_start(ap, fmt);
  vsnprintf(buf, sizeof(buf), fmt, ap);
  va_end(ap);
  return 0;
}
int main()
{
  return (mytest("Hello%d\n", 1));
}
===
icc -O3 -xHost -ip -fPIC -D_LARGEFILE64_SOURCE=1 -o ztest16118 ztest16118.c
Checking for vsnprintf() in stdio.h... Yes.

=== ztest16118.c ===
#include <stdio.h>
#include <stdarg.h>
int mytest(const char *fmt, ...)
{
  int n;
  char buf[20];
  va_list ap;
  va_start(ap, fmt);
  n = vsnprintf(buf, sizeof(buf), fmt, ap);
  va_end(ap);
  return n;
}
int main()
{
  return (mytest("Hello%d\n", 1));
}
===
icc -c -O3 -xHost -ip -fPIC -D_LARGEFILE64_SOURCE=1 ztest16118.c
Checking for return value of vsnprintf()... Yes.

=== ztest16118.c ===
#define ZLIB_INTERNAL __attribute__((visibility ("hidden")))
int ZLIB_INTERNAL foo;
int main()
{
  return 0;
}
===
icc -c -O3 -xHost -ip -fPIC -D_LARGEFILE64_SOURCE=1 ztest16118.c
Checking for attribute(visibility) support... Yes.

ALL = static shared all64
AR = ar
ARFLAGS = rc
CC = icc
CFLAGS = -O3 -xHost -ip -fPIC -D_LARGEFILE64_SOURCE=1 -DHAVE_HIDDEN
CPP = icc -E
EXE =
LDCONFIG = ldconfig
LDFLAGS =
LDSHARED = icc -shared -Wl,-soname,libz.so.1,--version-script,zlib.map
LDSHAREDLIBC = -lc
OBJC = $(OBJZ) $(OBJG)
PIC_OBJC = $(PIC_OBJZ) $(PIC_OBJG)
RANLIB = ranlib
SFLAGS = -O3 -xHost -ip -fPIC -fPIC -D_LARGEFILE64_SOURCE=1 -DHAVE_HIDDEN
SHAREDLIB = libz.so
SHAREDLIBM = libz.so.1
SHAREDLIBV = libz.so.1.2.10
STATICLIB = libz.a
TEST = all teststatic testshared test64
VER = 1.2.10
Z_U4 =
SRCDIR =
exec_prefix = ${prefix}
includedir = ${prefix}/include
libdir = ${exec_prefix}/lib
mandir = ${prefix}/share/man
prefix = /home/yymmt/moltypes
sharedlibdir = ${libdir}
uname = Linux
--------------------


--------------------
./configure --prefix=/home/yymmt/moltypes
2018年  3月 25日 日曜日 15:21:54 JST
=== ztest22873.c ===
extern int getchar();
int hello() {return getchar();}
===
icc -c ztest22873.c
... using gcc

Checking for obsessive-compulsive compiler options...
=== ztest22873.c ===
int foo() { return 0; }
===
icc -c -O3 -xHost -ip -fPIC ztest22873.c

Checking for shared library support...
=== ztest22873.c ===
extern int getchar();
int hello() {return getchar();}
===
icc -w -c -O3 -xHost -ip -fPIC -fPIC ztest22873.c
icc -shared -Wl,-soname,libz.so.1,--version-script,zlib.map -O3 -xHost -ip -fPIC -fPIC -o ztest22873.so ztest22873.o
Building shared library libz.so.1.2.10 with icc.

=== ztest22873.c ===
#include <stdio.h>
#include <stdlib.h>
size_t dummy = 0;
===
icc -c -O3 -xHost -ip -fPIC ztest22873.c
Checking for size_t... Yes.


=== ztest22873.c ===
#include <sys/types.h>
off64_t dummy = 0;
===
icc -c -O3 -xHost -ip -fPIC -D_LARGEFILE64_SOURCE=1 ztest22873.c
Checking for off64_t... Yes.
Checking for fseeko... Yes.

=== ztest22873.c ===
#include <string.h>
#include <errno.h>
int main() { return strlen(strerror(errno)); }
===
icc -O3 -xHost -ip -fPIC -D_LARGEFILE64_SOURCE=1 -o ztest22873 ztest22873.c
Checking for strerror... Yes.

=== ztest22873.c ===
#include <unistd.h>
int main() { return 0; }
===
icc -c -O3 -xHost -ip -fPIC -D_LARGEFILE64_SOURCE=1 ztest22873.c
Checking for unistd.h... Yes.

=== ztest22873.c ===
#include <stdarg.h>
int main() { return 0; }
===
icc -c -O3 -xHost -ip -fPIC -D_LARGEFILE64_SOURCE=1 ztest22873.c
Checking for stdarg.h... Yes.

=== ztest22873.c ===
#include <stdio.h>
#include <stdarg.h>
#include "zconf.h"
int main()
{
#ifndef STDC
  choke me
#endif
  return 0;
}
===
icc -c -O3 -xHost -ip -fPIC -D_LARGEFILE64_SOURCE=1 ztest22873.c
Checking whether to use vs[n]printf() or s[n]printf()... using vs[n]printf().

=== ztest22873.c ===
#include <stdio.h>
#include <stdarg.h>
int mytest(const char *fmt, ...)
{
  char buf[20];
  va_list ap;
  va_start(ap, fmt);
  vsnprintf(buf, sizeof(buf), fmt, ap);
  va_end(ap);
  return 0;
}
int main()
{
  return (mytest("Hello%d\n", 1));
}
===
icc -O3 -xHost -ip -fPIC -D_LARGEFILE64_SOURCE=1 -o ztest22873 ztest22873.c
Checking for vsnprintf() in stdio.h... Yes.

=== ztest22873.c ===
#include <stdio.h>
#include <stdarg.h>
int mytest(const char *fmt, ...)
{
  int n;
  char buf[20];
  va_list ap;
  va_start(ap, fmt);
  n = vsnprintf(buf, sizeof(buf), fmt, ap);
  va_end(ap);
  return n;
}
int main()
{
  return (mytest("Hello%d\n", 1));
}
===
icc -c -O3 -xHost -ip -fPIC -D_LARGEFILE64_SOURCE=1 ztest22873.c
Checking for return value of vsnprintf()... Yes.

=== ztest22873.c ===
#define ZLIB_INTERNAL __attribute__((visibility ("hidden")))
int ZLIB_INTERNAL foo;
int main()
{
  return 0;
}
===
icc -c -O3 -xHost -ip -fPIC -D_LARGEFILE64_SOURCE=1 ztest22873.c
Checking for attribute(visibility) support... Yes.

ALL = static shared all64
AR = ar
ARFLAGS = rc
CC = icc
CFLAGS = -O3 -xHost -ip -fPIC -D_LARGEFILE64_SOURCE=1 -DHAVE_HIDDEN
CPP = icc -E
EXE =
LDCONFIG = ldconfig
LDFLAGS =
LDSHARED = icc -shared -Wl,-soname,libz.so.1,--version-script,zlib.map
LDSHAREDLIBC = -lc
OBJC = $(OBJZ) $(OBJG)
PIC_OBJC = $(PIC_OBJZ) $(PIC_OBJG)
RANLIB = ranlib
SFLAGS = -O3 -xHost -ip -fPIC -fPIC -D_LARGEFILE64_SOURCE=1 -DHAVE_HIDDEN
SHAREDLIB = libz.so
SHAREDLIBM = libz.so.1
SHAREDLIBV = libz.so.1.2.10
STATICLIB = libz.a
TEST = all teststatic testshared test64
VER = 1.2.10
Z_U4 =
SRCDIR =
exec_prefix = ${prefix}
includedir = ${prefix}/include
libdir = ${exec_prefix}/lib
mandir = ${prefix}/share/man
prefix = /home/yymmt/moltypes
sharedlibdir = ${libdir}
uname = Linux
--------------------


