
*** Performing diff/cycle tests for classic format: k=1
+ test x/home/yamamoto/local/devel/github/moltypes/src/netcdf/netcdf-4.6.1/ncdump = x
+ . ../test_common.sh
++ TOPSRCDIR=/home/yamamoto/local/devel/github/moltypes/src/netcdf/netcdf-4.6.1
++ TOPBUILDDIR=/home/yamamoto/local/devel/github/moltypes/src/netcdf/netcdf-4.6.1
++ set -e
++ test x = x1
++ top_srcdir=/home/yamamoto/local/devel/github/moltypes/src/netcdf/netcdf-4.6.1
++ top_builddir=/home/yamamoto/local/devel/github/moltypes/src/netcdf/netcdf-4.6.1
++ test x/home/yamamoto/local/devel/github/moltypes/src/netcdf/netcdf-4.6.1/ncdump = x
+++ pwd
++ builddir=/home/yamamoto/local/devel/github/moltypes/src/netcdf/netcdf-4.6.1/ncdump
++ execdir=/home/yamamoto/local/devel/github/moltypes/src/netcdf/netcdf-4.6.1/ncdump
+++ basename /home/yamamoto/local/devel/github/moltypes/src/netcdf/netcdf-4.6.1/ncdump
++ thisdir=ncdump
+++ pwd
++ WD=/home/yamamoto/local/devel/github/moltypes/src/netcdf/netcdf-4.6.1/ncdump
++ cd /home/yamamoto/local/devel/github/moltypes/src/netcdf/netcdf-4.6.1/ncdump
+++ pwd
++ srcdir=/home/yamamoto/local/devel/github/moltypes/src/netcdf/netcdf-4.6.1/ncdump
++ cd /home/yamamoto/local/devel/github/moltypes/src/netcdf/netcdf-4.6.1/ncdump
++ cd /home/yamamoto/local/devel/github/moltypes/src/netcdf/netcdf-4.6.1
+++ pwd
++ top_srcdir=/home/yamamoto/local/devel/github/moltypes/src/netcdf/netcdf-4.6.1
++ cd /home/yamamoto/local/devel/github/moltypes/src/netcdf/netcdf-4.6.1/ncdump
++ cd /home/yamamoto/local/devel/github/moltypes/src/netcdf/netcdf-4.6.1/ncdump
+++ pwd
++ builddir=/home/yamamoto/local/devel/github/moltypes/src/netcdf/netcdf-4.6.1/ncdump
++ cd /home/yamamoto/local/devel/github/moltypes/src/netcdf/netcdf-4.6.1/ncdump
++ cd /home/yamamoto/local/devel/github/moltypes/src/netcdf/netcdf-4.6.1
+++ pwd
++ top_builddir=/home/yamamoto/local/devel/github/moltypes/src/netcdf/netcdf-4.6.1
++ cd /home/yamamoto/local/devel/github/moltypes/src/netcdf/netcdf-4.6.1/ncdump
++ cd /home/yamamoto/local/devel/github/moltypes/src/netcdf/netcdf-4.6.1/ncdump
+++ pwd
++ execdir=/home/yamamoto/local/devel/github/moltypes/src/netcdf/netcdf-4.6.1/ncdump
++ cd /home/yamamoto/local/devel/github/moltypes/src/netcdf/netcdf-4.6.1/ncdump
++ export srcdir top_srcdir builddir top_builddir execdir
++ test -e /home/yamamoto/local/devel/github/moltypes/src/netcdf/netcdf-4.6.1/ncdump/ncdump.exe
++ ext=
++ export NCDUMP=/home/yamamoto/local/devel/github/moltypes/src/netcdf/netcdf-4.6.1/ncdump/ncdump
++ NCDUMP=/home/yamamoto/local/devel/github/moltypes/src/netcdf/netcdf-4.6.1/ncdump/ncdump
++ export NCCOPY=/home/yamamoto/local/devel/github/moltypes/src/netcdf/netcdf-4.6.1/ncdump/nccopy
++ NCCOPY=/home/yamamoto/local/devel/github/moltypes/src/netcdf/netcdf-4.6.1/ncdump/nccopy
++ export NCGEN=/home/yamamoto/local/devel/github/moltypes/src/netcdf/netcdf-4.6.1/ncgen/ncgen
++ NCGEN=/home/yamamoto/local/devel/github/moltypes/src/netcdf/netcdf-4.6.1/ncgen/ncgen
++ export NCGEN3=/home/yamamoto/local/devel/github/moltypes/src/netcdf/netcdf-4.6.1/ncgen3/ncgen3
++ NCGEN3=/home/yamamoto/local/devel/github/moltypes/src/netcdf/netcdf-4.6.1/ncgen3/ncgen3
++ ncgen3c0=/home/yamamoto/local/devel/github/moltypes/src/netcdf/netcdf-4.6.1/ncgen3/c0.cdl
++ ncgenc0=/home/yamamoto/local/devel/github/moltypes/src/netcdf/netcdf-4.6.1/ncgen/c0.cdl
++ ncgenc04=/home/yamamoto/local/devel/github/moltypes/src/netcdf/netcdf-4.6.1/ncgen/c0_4.cdl
++ cd /home/yamamoto/local/devel/github/moltypes/src/netcdf/netcdf-4.6.1/ncdump
+ . /home/yamamoto/local/devel/github/moltypes/src/netcdf/netcdf-4.6.1/ncdump/tst_ncgen_shared.sh
++ test x/home/yamamoto/local/devel/github/moltypes/src/netcdf/netcdf-4.6.1/ncdump = x
++ . ../test_common.sh
+++ TOPSRCDIR=/home/yamamoto/local/devel/github/moltypes/src/netcdf/netcdf-4.6.1
+++ TOPBUILDDIR=/home/yamamoto/local/devel/github/moltypes/src/netcdf/netcdf-4.6.1
+++ set -e
+++ test x = x1
+++ top_srcdir=/home/yamamoto/local/devel/github/moltypes/src/netcdf/netcdf-4.6.1
+++ top_builddir=/home/yamamoto/local/devel/github/moltypes/src/netcdf/netcdf-4.6.1
+++ test x/home/yamamoto/local/devel/github/moltypes/src/netcdf/netcdf-4.6.1/ncdump = x
++++ pwd
+++ builddir=/home/yamamoto/local/devel/github/moltypes/src/netcdf/netcdf-4.6.1/ncdump
+++ execdir=/home/yamamoto/local/devel/github/moltypes/src/netcdf/netcdf-4.6.1/ncdump
++++ basename /home/yamamoto/local/devel/github/moltypes/src/netcdf/netcdf-4.6.1/ncdump
+++ thisdir=ncdump
++++ pwd
+++ WD=/home/yamamoto/local/devel/github/moltypes/src/netcdf/netcdf-4.6.1/ncdump
+++ cd /home/yamamoto/local/devel/github/moltypes/src/netcdf/netcdf-4.6.1/ncdump
++++ pwd
+++ srcdir=/home/yamamoto/local/devel/github/moltypes/src/netcdf/netcdf-4.6.1/ncdump
+++ cd /home/yamamoto/local/devel/github/moltypes/src/netcdf/netcdf-4.6.1/ncdump
+++ cd /home/yamamoto/local/devel/github/moltypes/src/netcdf/netcdf-4.6.1
++++ pwd
+++ top_srcdir=/home/yamamoto/local/devel/github/moltypes/src/netcdf/netcdf-4.6.1
+++ cd /home/yamamoto/local/devel/github/moltypes/src/netcdf/netcdf-4.6.1/ncdump
+++ cd /home/yamamoto/local/devel/github/moltypes/src/netcdf/netcdf-4.6.1/ncdump
++++ pwd
+++ builddir=/home/yamamoto/local/devel/github/moltypes/src/netcdf/netcdf-4.6.1/ncdump
+++ cd /home/yamamoto/local/devel/github/moltypes/src/netcdf/netcdf-4.6.1/ncdump
+++ cd /home/yamamoto/local/devel/github/moltypes/src/netcdf/netcdf-4.6.1
++++ pwd
+++ top_builddir=/home/yamamoto/local/devel/github/moltypes/src/netcdf/netcdf-4.6.1
+++ cd /home/yamamoto/local/devel/github/moltypes/src/netcdf/netcdf-4.6.1/ncdump
+++ cd /home/yamamoto/local/devel/github/moltypes/src/netcdf/netcdf-4.6.1/ncdump
++++ pwd
+++ execdir=/home/yamamoto/local/devel/github/moltypes/src/netcdf/netcdf-4.6.1/ncdump
+++ cd /home/yamamoto/local/devel/github/moltypes/src/netcdf/netcdf-4.6.1/ncdump
+++ export srcdir top_srcdir builddir top_builddir execdir
+++ test -e /home/yamamoto/local/devel/github/moltypes/src/netcdf/netcdf-4.6.1/ncdump/ncdump.exe
+++ ext=
+++ export NCDUMP=/home/yamamoto/local/devel/github/moltypes/src/netcdf/netcdf-4.6.1/ncdump/ncdump
+++ NCDUMP=/home/yamamoto/local/devel/github/moltypes/src/netcdf/netcdf-4.6.1/ncdump/ncdump
+++ export NCCOPY=/home/yamamoto/local/devel/github/moltypes/src/netcdf/netcdf-4.6.1/ncdump/nccopy
+++ NCCOPY=/home/yamamoto/local/devel/github/moltypes/src/netcdf/netcdf-4.6.1/ncdump/nccopy
+++ export NCGEN=/home/yamamoto/local/devel/github/moltypes/src/netcdf/netcdf-4.6.1/ncgen/ncgen
+++ NCGEN=/home/yamamoto/local/devel/github/moltypes/src/netcdf/netcdf-4.6.1/ncgen/ncgen
+++ export NCGEN3=/home/yamamoto/local/devel/github/moltypes/src/netcdf/netcdf-4.6.1/ncgen3/ncgen3
+++ NCGEN3=/home/yamamoto/local/devel/github/moltypes/src/netcdf/netcdf-4.6.1/ncgen3/ncgen3
+++ ncgen3c0=/home/yamamoto/local/devel/github/moltypes/src/netcdf/netcdf-4.6.1/ncgen3/c0.cdl
+++ ncgenc0=/home/yamamoto/local/devel/github/moltypes/src/netcdf/netcdf-4.6.1/ncgen/c0.cdl
+++ ncgenc04=/home/yamamoto/local/devel/github/moltypes/src/netcdf/netcdf-4.6.1/ncgen/c0_4.cdl
+++ cd /home/yamamoto/local/devel/github/moltypes/src/netcdf/netcdf-4.6.1/ncdump
++ set -e
++ RESULTSDIR=./results_15024
++ cdl=/home/yamamoto/local/devel/github/moltypes/src/netcdf/netcdf-4.6.1/ncdump/cdl
++ expected=/home/yamamoto/local/devel/github/moltypes/src/netcdf/netcdf-4.6.1/ncdump/expected
++ case "x${KFLAG}" in
++ CLASSIC=1
++ MODE=3
++ CLASSIC3='nc_enddef ref_tst_unicode ref_tst_utf8 simple_xy small nc_sync ref_tst_small small2 tst_ncml
n3time ref_tst_chardata ref_tst_nul3 ref_tst_long_charconst tst_chararray unlimtest1 ref_keyword'
++ NONCLASSIC3='test0 sfc_pres_temp fills c0 example_good pres_temp_4D ref_nctst ref_nctst_64bit_offset ref_ctest1_nc4 ref_ctest1_nc4c ref_nctst_netcdf4 ref_nctst_netcdf4_classic ref_tst_unlim2 ref_tst_names '
++ test 1 = 1
++ TESTS3='nc_enddef ref_tst_unicode ref_tst_utf8 simple_xy small nc_sync ref_tst_small small2 tst_ncml
n3time ref_tst_chardata ref_tst_nul3 ref_tst_long_charconst tst_chararray unlimtest1 ref_keyword'
++ TESTS4='ref_dimscope ref_typescope ref_tst_string_data ref_tst_comp ref_tst_comp2 ref_tst_comp3 ref_tst_group_data ref_tst_opaque_data ref_tst_solar_1 ref_tst_solar_2 ref_tst_enum_data ref_tst_special_atts ref_tst_nans ref_solar unlimtest2 ref_tst_vlen_data ref_tst_vlen_data ref_tst_vlen_data2 ref_niltest ref_tst_h_scalar ref_tst_nul4 '
++ SPECIALTESTS3=ref_tst_special_atts3
++ SPECIALTESTS='ref_tst_special_atts3 ref_tst_special_atts'
++ XFAILTESTS=
++ XFAILTESTS='ref_tst_unlim2 '
++ XFAILTESTS='ref_const_test ref_tst_unlim2 '
++ XFAILTESTS='ref_tst_chardata ref_const_test ref_tst_unlim2 '
++ BIGTESTS3='bigf1 bigf2 bigr1 bigr2'
++ XFAILBIG=bigf3
++ BIGTESTS4=ref_tst_solar_1
++ BIGTESTS='bigf1 bigf2 bigr1 bigr2 ref_tst_solar_1 '
++ failcount=0
++ passcount=0
++ xfailcount=0
++ rm -fr ./results_15024
+ ALLXFAIL='ref_tst_chardata ref_const_test ref_tst_unlim2  ref_tst_special_atts3 ref_tst_special_atts'
+ test 3 = 3
+ test 1 = 4
+ TESTSET='nc_enddef ref_tst_unicode ref_tst_utf8 simple_xy small nc_sync ref_tst_small small2 tst_ncml
n3time ref_tst_chardata ref_tst_nul3 ref_tst_long_charconst tst_chararray unlimtest1 ref_keyword'
+ echo '*** Testing ncgen with -k1'
*** Testing ncgen with -k1
+ mkdir ./results_15024
+ cd ./results_15024
+ for x in '${TESTSET}'
+ test 0 = 1
+ specflag=
+ headflag=
+ for s in '${SPECIALTESTS}'
+ test xref_tst_special_atts3 = xnc_enddef
+ for s in '${SPECIALTESTS}'
+ test xref_tst_special_atts = xnc_enddef
+ isxfail=
+ for t in '${ALLXFAIL}'
+ test xref_tst_chardata = xnc_enddef
+ for t in '${ALLXFAIL}'
+ test xref_const_test = xnc_enddef
+ for t in '${ALLXFAIL}'
+ test xref_tst_unlim2 = xnc_enddef
+ for t in '${ALLXFAIL}'
+ test xref_tst_special_atts3 = xnc_enddef
+ for t in '${ALLXFAIL}'
+ test xref_tst_special_atts = xnc_enddef
+ rm -f nc_enddef.nc nc_enddef.dmp
+ /home/yamamoto/local/devel/github/moltypes/src/netcdf/netcdf-4.6.1/ncgen/ncgen -b -k1 -o nc_enddef_15024.nc /home/yamamoto/local/devel/github/moltypes/src/netcdf/netcdf-4.6.1/ncdump/cdl/nc_enddef.cdl
+ /home/yamamoto/local/devel/github/moltypes/src/netcdf/netcdf-4.6.1/ncdump/ncdump -n nc_enddef nc_enddef_15024.nc
+ sed s/e+0/e+/g
+ test x = x1 -a x = x
+ diff -b -w /home/yamamoto/local/devel/github/moltypes/src/netcdf/netcdf-4.6.1/ncdump/expected/nc_enddef.dmp nc_enddef.dmp
+ ok=1
+ test x1 = x1
+ test 0 = 1
++ expr 0 + 1
+ passcount=1
+ for x in '${TESTSET}'
+ test 0 = 1
+ specflag=
+ headflag=
+ for s in '${SPECIALTESTS}'
+ test xref_tst_special_atts3 = xref_tst_unicode
+ for s in '${SPECIALTESTS}'
+ test xref_tst_special_atts = xref_tst_unicode
+ isxfail=
+ for t in '${ALLXFAIL}'
+ test xref_tst_chardata = xref_tst_unicode
+ for t in '${ALLXFAIL}'
+ test xref_const_test = xref_tst_unicode
+ for t in '${ALLXFAIL}'
+ test xref_tst_unlim2 = xref_tst_unicode
+ for t in '${ALLXFAIL}'
+ test xref_tst_special_atts3 = xref_tst_unicode
+ for t in '${ALLXFAIL}'
+ test xref_tst_special_atts = xref_tst_unicode
+ rm -f ref_tst_unicode.nc ref_tst_unicode.dmp
+ /home/yamamoto/local/devel/github/moltypes/src/netcdf/netcdf-4.6.1/ncgen/ncgen -b -k1 -o ref_tst_unicode_15024.nc /home/yamamoto/local/devel/github/moltypes/src/netcdf/netcdf-4.6.1/ncdump/cdl/ref_tst_unicode.cdl
+ /home/yamamoto/local/devel/github/moltypes/src/netcdf/netcdf-4.6.1/ncdump/ncdump -n ref_tst_unicode ref_tst_unicode_15024.nc
+ sed s/e+0/e+/g
+ test x = x1 -a x = x
+ diff -b -w /home/yamamoto/local/devel/github/moltypes/src/netcdf/netcdf-4.6.1/ncdump/expected/ref_tst_unicode.dmp ref_tst_unicode.dmp
+ ok=1
+ test x1 = x1
+ test 0 = 1
++ expr 1 + 1
+ passcount=2
+ for x in '${TESTSET}'
+ test 0 = 1
+ specflag=
+ headflag=
+ for s in '${SPECIALTESTS}'
+ test xref_tst_special_atts3 = xref_tst_utf8
+ for s in '${SPECIALTESTS}'
+ test xref_tst_special_atts = xref_tst_utf8
+ isxfail=
+ for t in '${ALLXFAIL}'
+ test xref_tst_chardata = xref_tst_utf8
+ for t in '${ALLXFAIL}'
+ test xref_const_test = xref_tst_utf8
+ for t in '${ALLXFAIL}'
+ test xref_tst_unlim2 = xref_tst_utf8
+ for t in '${ALLXFAIL}'
+ test xref_tst_special_atts3 = xref_tst_utf8
+ for t in '${ALLXFAIL}'
+ test xref_tst_special_atts = xref_tst_utf8
+ rm -f ref_tst_utf8.nc ref_tst_utf8.dmp
+ /home/yamamoto/local/devel/github/moltypes/src/netcdf/netcdf-4.6.1/ncgen/ncgen -b -k1 -o ref_tst_utf8_15024.nc /home/yamamoto/local/devel/github/moltypes/src/netcdf/netcdf-4.6.1/ncdump/cdl/ref_tst_utf8.cdl
+ /home/yamamoto/local/devel/github/moltypes/src/netcdf/netcdf-4.6.1/ncdump/ncdump -n ref_tst_utf8 ref_tst_utf8_15024.nc
+ sed s/e+0/e+/g
+ test x = x1 -a x = x
+ diff -b -w /home/yamamoto/local/devel/github/moltypes/src/netcdf/netcdf-4.6.1/ncdump/expected/ref_tst_utf8.dmp ref_tst_utf8.dmp
+ ok=1
+ test x1 = x1
+ test 0 = 1
++ expr 2 + 1
+ passcount=3
+ for x in '${TESTSET}'
+ test 0 = 1
+ specflag=
+ headflag=
+ for s in '${SPECIALTESTS}'
+ test xref_tst_special_atts3 = xsimple_xy
+ for s in '${SPECIALTESTS}'
+ test xref_tst_special_atts = xsimple_xy
+ isxfail=
+ for t in '${ALLXFAIL}'
+ test xref_tst_chardata = xsimple_xy
+ for t in '${ALLXFAIL}'
+ test xref_const_test = xsimple_xy
+ for t in '${ALLXFAIL}'
+ test xref_tst_unlim2 = xsimple_xy
+ for t in '${ALLXFAIL}'
+ test xref_tst_special_atts3 = xsimple_xy
+ for t in '${ALLXFAIL}'
+ test xref_tst_special_atts = xsimple_xy
+ rm -f simple_xy.nc simple_xy.dmp
+ /home/yamamoto/local/devel/github/moltypes/src/netcdf/netcdf-4.6.1/ncgen/ncgen -b -k1 -o simple_xy_15024.nc /home/yamamoto/local/devel/github/moltypes/src/netcdf/netcdf-4.6.1/ncdump/cdl/simple_xy.cdl
+ /home/yamamoto/local/devel/github/moltypes/src/netcdf/netcdf-4.6.1/ncdump/ncdump -n simple_xy simple_xy_15024.nc
+ sed s/e+0/e+/g
+ test x = x1 -a x = x
+ diff -b -w /home/yamamoto/local/devel/github/moltypes/src/netcdf/netcdf-4.6.1/ncdump/expected/simple_xy.dmp simple_xy.dmp
+ ok=1
+ test x1 = x1
+ test 0 = 1
++ expr 3 + 1
+ passcount=4
+ for x in '${TESTSET}'
+ test 0 = 1
+ specflag=
+ headflag=
+ for s in '${SPECIALTESTS}'
+ test xref_tst_special_atts3 = xsmall
+ for s in '${SPECIALTESTS}'
+ test xref_tst_special_atts = xsmall
+ isxfail=
+ for t in '${ALLXFAIL}'
+ test xref_tst_chardata = xsmall
+ for t in '${ALLXFAIL}'
+ test xref_const_test = xsmall
+ for t in '${ALLXFAIL}'
+ test xref_tst_unlim2 = xsmall
+ for t in '${ALLXFAIL}'
+ test xref_tst_special_atts3 = xsmall
+ for t in '${ALLXFAIL}'
+ test xref_tst_special_atts = xsmall
+ rm -f small.nc small.dmp
+ /home/yamamoto/local/devel/github/moltypes/src/netcdf/netcdf-4.6.1/ncgen/ncgen -b -k1 -o small_15024.nc /home/yamamoto/local/devel/github/moltypes/src/netcdf/netcdf-4.6.1/ncdump/cdl/small.cdl
+ /home/yamamoto/local/devel/github/moltypes/src/netcdf/netcdf-4.6.1/ncdump/ncdump -n small small_15024.nc
+ sed s/e+0/e+/g
+ test x = x1 -a x = x
+ diff -b -w /home/yamamoto/local/devel/github/moltypes/src/netcdf/netcdf-4.6.1/ncdump/expected/small.dmp small.dmp
+ ok=1
+ test x1 = x1
+ test 0 = 1
++ expr 4 + 1
+ passcount=5
+ for x in '${TESTSET}'
+ test 0 = 1
+ specflag=
+ headflag=
+ for s in '${SPECIALTESTS}'
+ test xref_tst_special_atts3 = xnc_sync
+ for s in '${SPECIALTESTS}'
+ test xref_tst_special_atts = xnc_sync
+ isxfail=
+ for t in '${ALLXFAIL}'
+ test xref_tst_chardata = xnc_sync
+ for t in '${ALLXFAIL}'
+ test xref_const_test = xnc_sync
+ for t in '${ALLXFAIL}'
+ test xref_tst_unlim2 = xnc_sync
+ for t in '${ALLXFAIL}'
+ test xref_tst_special_atts3 = xnc_sync
+ for t in '${ALLXFAIL}'
+ test xref_tst_special_atts = xnc_sync
+ rm -f nc_sync.nc nc_sync.dmp
+ /home/yamamoto/local/devel/github/moltypes/src/netcdf/netcdf-4.6.1/ncgen/ncgen -b -k1 -o nc_sync_15024.nc /home/yamamoto/local/devel/github/moltypes/src/netcdf/netcdf-4.6.1/ncdump/cdl/nc_sync.cdl
+ /home/yamamoto/local/devel/github/moltypes/src/netcdf/netcdf-4.6.1/ncdump/ncdump -n nc_sync nc_sync_15024.nc
+ sed s/e+0/e+/g
+ test x = x1 -a x = x
+ diff -b -w /home/yamamoto/local/devel/github/moltypes/src/netcdf/netcdf-4.6.1/ncdump/expected/nc_sync.dmp nc_sync.dmp
+ ok=1
+ test x1 = x1
+ test 0 = 1
++ expr 5 + 1
+ passcount=6
+ for x in '${TESTSET}'
+ test 0 = 1
+ specflag=
+ headflag=
+ for s in '${SPECIALTESTS}'
+ test xref_tst_special_atts3 = xref_tst_small
+ for s in '${SPECIALTESTS}'
+ test xref_tst_special_atts = xref_tst_small
+ isxfail=
+ for t in '${ALLXFAIL}'
+ test xref_tst_chardata = xref_tst_small
+ for t in '${ALLXFAIL}'
+ test xref_const_test = xref_tst_small
+ for t in '${ALLXFAIL}'
+ test xref_tst_unlim2 = xref_tst_small
+ for t in '${ALLXFAIL}'
+ test xref_tst_special_atts3 = xref_tst_small
+ for t in '${ALLXFAIL}'
+ test xref_tst_special_atts = xref_tst_small
+ rm -f ref_tst_small.nc ref_tst_small.dmp
+ /home/yamamoto/local/devel/github/moltypes/src/netcdf/netcdf-4.6.1/ncgen/ncgen -b -k1 -o ref_tst_small_15024.nc /home/yamamoto/local/devel/github/moltypes/src/netcdf/netcdf-4.6.1/ncdump/cdl/ref_tst_small.cdl
+ /home/yamamoto/local/devel/github/moltypes/src/netcdf/netcdf-4.6.1/ncdump/ncdump -n ref_tst_small ref_tst_small_15024.nc
+ sed s/e+0/e+/g
+ test x = x1 -a x = x
+ diff -b -w /home/yamamoto/local/devel/github/moltypes/src/netcdf/netcdf-4.6.1/ncdump/expected/ref_tst_small.dmp ref_tst_small.dmp
+ ok=1
+ test x1 = x1
+ test 0 = 1
++ expr 6 + 1
+ passcount=7
+ for x in '${TESTSET}'
+ test 0 = 1
+ specflag=
+ headflag=
+ for s in '${SPECIALTESTS}'
+ test xref_tst_special_atts3 = xsmall2
+ for s in '${SPECIALTESTS}'
+ test xref_tst_special_atts = xsmall2
+ isxfail=
+ for t in '${ALLXFAIL}'
+ test xref_tst_chardata = xsmall2
+ for t in '${ALLXFAIL}'
+ test xref_const_test = xsmall2
+ for t in '${ALLXFAIL}'
+ test xref_tst_unlim2 = xsmall2
+ for t in '${ALLXFAIL}'
+ test xref_tst_special_atts3 = xsmall2
+ for t in '${ALLXFAIL}'
+ test xref_tst_special_atts = xsmall2
+ rm -f small2.nc small2.dmp
+ /home/yamamoto/local/devel/github/moltypes/src/netcdf/netcdf-4.6.1/ncgen/ncgen -b -k1 -o small2_15024.nc /home/yamamoto/local/devel/github/moltypes/src/netcdf/netcdf-4.6.1/ncdump/cdl/small2.cdl
+ /home/yamamoto/local/devel/github/moltypes/src/netcdf/netcdf-4.6.1/ncdump/ncdump -n small2 small2_15024.nc
+ sed s/e+0/e+/g
+ test x = x1 -a x = x
+ diff -b -w /home/yamamoto/local/devel/github/moltypes/src/netcdf/netcdf-4.6.1/ncdump/expected/small2.dmp small2.dmp
+ ok=1
+ test x1 = x1
+ test 0 = 1
++ expr 7 + 1
+ passcount=8
+ for x in '${TESTSET}'
+ test 0 = 1
+ specflag=
+ headflag=
+ for s in '${SPECIALTESTS}'
+ test xref_tst_special_atts3 = xtst_ncml
+ for s in '${SPECIALTESTS}'
+ test xref_tst_special_atts = xtst_ncml
+ isxfail=
+ for t in '${ALLXFAIL}'
+ test xref_tst_chardata = xtst_ncml
+ for t in '${ALLXFAIL}'
+ test xref_const_test = xtst_ncml
+ for t in '${ALLXFAIL}'
+ test xref_tst_unlim2 = xtst_ncml
+ for t in '${ALLXFAIL}'
+ test xref_tst_special_atts3 = xtst_ncml
+ for t in '${ALLXFAIL}'
+ test xref_tst_special_atts = xtst_ncml
+ rm -f tst_ncml.nc tst_ncml.dmp
+ /home/yamamoto/local/devel/github/moltypes/src/netcdf/netcdf-4.6.1/ncgen/ncgen -b -k1 -o tst_ncml_15024.nc /home/yamamoto/local/devel/github/moltypes/src/netcdf/netcdf-4.6.1/ncdump/cdl/tst_ncml.cdl
+ /home/yamamoto/local/devel/github/moltypes/src/netcdf/netcdf-4.6.1/ncdump/ncdump -n tst_ncml tst_ncml_15024.nc
+ sed s/e+0/e+/g
+ test x = x1 -a x = x
+ diff -b -w /home/yamamoto/local/devel/github/moltypes/src/netcdf/netcdf-4.6.1/ncdump/expected/tst_ncml.dmp tst_ncml.dmp
+ ok=1
+ test x1 = x1
+ test 0 = 1
++ expr 8 + 1
+ passcount=9
+ for x in '${TESTSET}'
+ test 0 = 1
+ specflag=
+ headflag=
+ for s in '${SPECIALTESTS}'
+ test xref_tst_special_atts3 = xn3time
+ for s in '${SPECIALTESTS}'
+ test xref_tst_special_atts = xn3time
+ isxfail=
+ for t in '${ALLXFAIL}'
+ test xref_tst_chardata = xn3time
+ for t in '${ALLXFAIL}'
+ test xref_const_test = xn3time
+ for t in '${ALLXFAIL}'
+ test xref_tst_unlim2 = xn3time
+ for t in '${ALLXFAIL}'
+ test xref_tst_special_atts3 = xn3time
+ for t in '${ALLXFAIL}'
+ test xref_tst_special_atts = xn3time
+ rm -f n3time.nc n3time.dmp
+ /home/yamamoto/local/devel/github/moltypes/src/netcdf/netcdf-4.6.1/ncgen/ncgen -b -k1 -o n3time_15024.nc /home/yamamoto/local/devel/github/moltypes/src/netcdf/netcdf-4.6.1/ncdump/cdl/n3time.cdl
+ /home/yamamoto/local/devel/github/moltypes/src/netcdf/netcdf-4.6.1/ncdump/ncdump -n n3time n3time_15024.nc
+ sed s/e+0/e+/g
+ test x = x1 -a x = x
+ diff -b -w /home/yamamoto/local/devel/github/moltypes/src/netcdf/netcdf-4.6.1/ncdump/expected/n3time.dmp n3time.dmp
+ ok=1
+ test x1 = x1
+ test 0 = 1
++ expr 9 + 1
+ passcount=10
+ for x in '${TESTSET}'
+ test 0 = 1
+ specflag=
+ headflag=
+ for s in '${SPECIALTESTS}'
+ test xref_tst_special_atts3 = xref_tst_chardata
+ for s in '${SPECIALTESTS}'
+ test xref_tst_special_atts = xref_tst_chardata
+ isxfail=
+ for t in '${ALLXFAIL}'
+ test xref_tst_chardata = xref_tst_chardata
+ isxfail=1
+ for t in '${ALLXFAIL}'
+ test xref_const_test = xref_tst_chardata
+ for t in '${ALLXFAIL}'
+ test xref_tst_unlim2 = xref_tst_chardata
+ for t in '${ALLXFAIL}'
+ test xref_tst_special_atts3 = xref_tst_chardata
+ for t in '${ALLXFAIL}'
+ test xref_tst_special_atts = xref_tst_chardata
+ rm -f ref_tst_chardata.nc ref_tst_chardata.dmp
+ /home/yamamoto/local/devel/github/moltypes/src/netcdf/netcdf-4.6.1/ncgen/ncgen -b -k1 -o ref_tst_chardata_15024.nc /home/yamamoto/local/devel/github/moltypes/src/netcdf/netcdf-4.6.1/ncdump/cdl/ref_tst_chardata.cdl
+ /home/yamamoto/local/devel/github/moltypes/src/netcdf/netcdf-4.6.1/ncdump/ncdump -n ref_tst_chardata ref_tst_chardata_15024.nc
+ sed s/e+0/e+/g
+ test x1 = x1 -a x = x
+ diff -b -bw /home/yamamoto/local/devel/github/moltypes/src/netcdf/netcdf-4.6.1/ncdump/expected/ref_tst_chardata.dmp ref_tst_chardata.dmp
+ ok=0
+ test x0 = x1
+ test x1 = x1
+ echo '*** XFAIL : ref_tst_chardata'
*** XFAIL : ref_tst_chardata
++ expr 0 + 1
+ xfailcount=1
+ for x in '${TESTSET}'
+ test 0 = 1
+ specflag=
+ headflag=
+ for s in '${SPECIALTESTS}'
+ test xref_tst_special_atts3 = xref_tst_nul3
+ for s in '${SPECIALTESTS}'
+ test xref_tst_special_atts = xref_tst_nul3
+ isxfail=
+ for t in '${ALLXFAIL}'
+ test xref_tst_chardata = xref_tst_nul3
+ for t in '${ALLXFAIL}'
+ test xref_const_test = xref_tst_nul3
+ for t in '${ALLXFAIL}'
+ test xref_tst_unlim2 = xref_tst_nul3
+ for t in '${ALLXFAIL}'
+ test xref_tst_special_atts3 = xref_tst_nul3
+ for t in '${ALLXFAIL}'
+ test xref_tst_special_atts = xref_tst_nul3
+ rm -f ref_tst_nul3.nc ref_tst_nul3.dmp
+ /home/yamamoto/local/devel/github/moltypes/src/netcdf/netcdf-4.6.1/ncgen/ncgen -b -k1 -o ref_tst_nul3_15024.nc /home/yamamoto/local/devel/github/moltypes/src/netcdf/netcdf-4.6.1/ncdump/cdl/ref_tst_nul3.cdl
+ /home/yamamoto/local/devel/github/moltypes/src/netcdf/netcdf-4.6.1/ncdump/ncdump -n ref_tst_nul3 ref_tst_nul3_15024.nc
+ sed s/e+0/e+/g
+ test x = x1 -a x = x
+ diff -b -w /home/yamamoto/local/devel/github/moltypes/src/netcdf/netcdf-4.6.1/ncdump/expected/ref_tst_nul3.dmp ref_tst_nul3.dmp
+ ok=1
+ test x1 = x1
+ test 0 = 1
++ expr 10 + 1
+ passcount=11
+ for x in '${TESTSET}'
+ test 0 = 1
+ specflag=
+ headflag=
+ for s in '${SPECIALTESTS}'
+ test xref_tst_special_atts3 = xref_tst_long_charconst
+ for s in '${SPECIALTESTS}'
+ test xref_tst_special_atts = xref_tst_long_charconst
+ isxfail=
+ for t in '${ALLXFAIL}'
+ test xref_tst_chardata = xref_tst_long_charconst
+ for t in '${ALLXFAIL}'
+ test xref_const_test = xref_tst_long_charconst
+ for t in '${ALLXFAIL}'
+ test xref_tst_unlim2 = xref_tst_long_charconst
+ for t in '${ALLXFAIL}'
+ test xref_tst_special_atts3 = xref_tst_long_charconst
+ for t in '${ALLXFAIL}'
+ test xref_tst_special_atts = xref_tst_long_charconst
+ rm -f ref_tst_long_charconst.nc ref_tst_long_charconst.dmp
+ /home/yamamoto/local/devel/github/moltypes/src/netcdf/netcdf-4.6.1/ncgen/ncgen -b -k1 -o ref_tst_long_charconst_15024.nc /home/yamamoto/local/devel/github/moltypes/src/netcdf/netcdf-4.6.1/ncdump/cdl/ref_tst_long_charconst.cdl
+ /home/yamamoto/local/devel/github/moltypes/src/netcdf/netcdf-4.6.1/ncdump/ncdump -n ref_tst_long_charconst ref_tst_long_charconst_15024.nc
+ sed s/e+0/e+/g
+ test x = x1 -a x = x
+ diff -b -w /home/yamamoto/local/devel/github/moltypes/src/netcdf/netcdf-4.6.1/ncdump/expected/ref_tst_long_charconst.dmp ref_tst_long_charconst.dmp
+ ok=1
+ test x1 = x1
+ test 0 = 1
++ expr 11 + 1
+ passcount=12
+ for x in '${TESTSET}'
+ test 0 = 1
+ specflag=
+ headflag=
+ for s in '${SPECIALTESTS}'
+ test xref_tst_special_atts3 = xtst_chararray
+ for s in '${SPECIALTESTS}'
+ test xref_tst_special_atts = xtst_chararray
+ isxfail=
+ for t in '${ALLXFAIL}'
+ test xref_tst_chardata = xtst_chararray
+ for t in '${ALLXFAIL}'
+ test xref_const_test = xtst_chararray
+ for t in '${ALLXFAIL}'
+ test xref_tst_unlim2 = xtst_chararray
+ for t in '${ALLXFAIL}'
+ test xref_tst_special_atts3 = xtst_chararray
+ for t in '${ALLXFAIL}'
+ test xref_tst_special_atts = xtst_chararray
+ rm -f tst_chararray.nc tst_chararray.dmp
+ /home/yamamoto/local/devel/github/moltypes/src/netcdf/netcdf-4.6.1/ncgen/ncgen -b -k1 -o tst_chararray_15024.nc /home/yamamoto/local/devel/github/moltypes/src/netcdf/netcdf-4.6.1/ncdump/cdl/tst_chararray.cdl
+ sed s/e+0/e+/g
+ /home/yamamoto/local/devel/github/moltypes/src/netcdf/netcdf-4.6.1/ncdump/ncdump -n tst_chararray tst_chararray_15024.nc
+ test x = x1 -a x = x
+ diff -b -w /home/yamamoto/local/devel/github/moltypes/src/netcdf/netcdf-4.6.1/ncdump/expected/tst_chararray.dmp tst_chararray.dmp
+ ok=1
+ test x1 = x1
+ test 0 = 1
++ expr 12 + 1
+ passcount=13
+ for x in '${TESTSET}'
+ test 0 = 1
+ specflag=
+ headflag=
+ for s in '${SPECIALTESTS}'
+ test xref_tst_special_atts3 = xunlimtest1
+ for s in '${SPECIALTESTS}'
+ test xref_tst_special_atts = xunlimtest1
+ isxfail=
+ for t in '${ALLXFAIL}'
+ test xref_tst_chardata = xunlimtest1
+ for t in '${ALLXFAIL}'
+ test xref_const_test = xunlimtest1
+ for t in '${ALLXFAIL}'
+ test xref_tst_unlim2 = xunlimtest1
+ for t in '${ALLXFAIL}'
+ test xref_tst_special_atts3 = xunlimtest1
+ for t in '${ALLXFAIL}'
+ test xref_tst_special_atts = xunlimtest1
+ rm -f unlimtest1.nc unlimtest1.dmp
+ /home/yamamoto/local/devel/github/moltypes/src/netcdf/netcdf-4.6.1/ncgen/ncgen -b -k1 -o unlimtest1_15024.nc /home/yamamoto/local/devel/github/moltypes/src/netcdf/netcdf-4.6.1/ncdump/cdl/unlimtest1.cdl
+ /home/yamamoto/local/devel/github/moltypes/src/netcdf/netcdf-4.6.1/ncdump/ncdump -n unlimtest1 unlimtest1_15024.nc
+ sed s/e+0/e+/g
+ test x = x1 -a x = x
+ diff -b -w /home/yamamoto/local/devel/github/moltypes/src/netcdf/netcdf-4.6.1/ncdump/expected/unlimtest1.dmp unlimtest1.dmp
+ ok=1
+ test x1 = x1
+ test 0 = 1
++ expr 13 + 1
+ passcount=14
+ for x in '${TESTSET}'
+ test 0 = 1
+ specflag=
+ headflag=
+ for s in '${SPECIALTESTS}'
+ test xref_tst_special_atts3 = xref_keyword
+ for s in '${SPECIALTESTS}'
+ test xref_tst_special_atts = xref_keyword
+ isxfail=
+ for t in '${ALLXFAIL}'
+ test xref_tst_chardata = xref_keyword
+ for t in '${ALLXFAIL}'
+ test xref_const_test = xref_keyword
+ for t in '${ALLXFAIL}'
+ test xref_tst_unlim2 = xref_keyword
+ for t in '${ALLXFAIL}'
+ test xref_tst_special_atts3 = xref_keyword
+ for t in '${ALLXFAIL}'
+ test xref_tst_special_atts = xref_keyword
+ rm -f ref_keyword.nc ref_keyword.dmp
+ /home/yamamoto/local/devel/github/moltypes/src/netcdf/netcdf-4.6.1/ncgen/ncgen -b -k1 -o ref_keyword_15024.nc /home/yamamoto/local/devel/github/moltypes/src/netcdf/netcdf-4.6.1/ncdump/cdl/ref_keyword.cdl
+ /home/yamamoto/local/devel/github/moltypes/src/netcdf/netcdf-4.6.1/ncdump/ncdump -n ref_keyword ref_keyword_15024.nc
+ sed s/e+0/e+/g
+ test x = x1 -a x = x
+ diff -b -w /home/yamamoto/local/devel/github/moltypes/src/netcdf/netcdf-4.6.1/ncdump/expected/ref_keyword.dmp ref_keyword.dmp
+ ok=1
+ test x1 = x1
+ test 0 = 1
++ expr 14 + 1
+ passcount=15
+ cd ..
++ expr 15 + 0 + 1
+ totalcount=16
++ expr 15 + 1
+ okcount=16
+ echo '*** PASSED: 16/16 ; 1 expected failures ; 0 unexpected failures'
*** PASSED: 16/16 ; 1 expected failures ; 0 unexpected failures
+ rm -rf ./results_15024
+ test 0 -gt 0
+ exit 0
+ test x/home/yamamoto/local/devel/github/moltypes/src/netcdf/netcdf-4.6.1/ncdump = x
+ . ../test_common.sh
++ TOPSRCDIR=/home/yamamoto/local/devel/github/moltypes/src/netcdf/netcdf-4.6.1
++ TOPBUILDDIR=/home/yamamoto/local/devel/github/moltypes/src/netcdf/netcdf-4.6.1
++ set -e
++ test x = x1
++ top_srcdir=/home/yamamoto/local/devel/github/moltypes/src/netcdf/netcdf-4.6.1
++ top_builddir=/home/yamamoto/local/devel/github/moltypes/src/netcdf/netcdf-4.6.1
++ test x/home/yamamoto/local/devel/github/moltypes/src/netcdf/netcdf-4.6.1/ncdump = x
+++ pwd
++ builddir=/home/yamamoto/local/devel/github/moltypes/src/netcdf/netcdf-4.6.1/ncdump
++ execdir=/home/yamamoto/local/devel/github/moltypes/src/netcdf/netcdf-4.6.1/ncdump
+++ basename /home/yamamoto/local/devel/github/moltypes/src/netcdf/netcdf-4.6.1/ncdump
++ thisdir=ncdump
+++ pwd
++ WD=/home/yamamoto/local/devel/github/moltypes/src/netcdf/netcdf-4.6.1/ncdump
++ cd /home/yamamoto/local/devel/github/moltypes/src/netcdf/netcdf-4.6.1/ncdump
+++ pwd
++ srcdir=/home/yamamoto/local/devel/github/moltypes/src/netcdf/netcdf-4.6.1/ncdump
++ cd /home/yamamoto/local/devel/github/moltypes/src/netcdf/netcdf-4.6.1/ncdump
++ cd /home/yamamoto/local/devel/github/moltypes/src/netcdf/netcdf-4.6.1
+++ pwd
++ top_srcdir=/home/yamamoto/local/devel/github/moltypes/src/netcdf/netcdf-4.6.1
++ cd /home/yamamoto/local/devel/github/moltypes/src/netcdf/netcdf-4.6.1/ncdump
++ cd /home/yamamoto/local/devel/github/moltypes/src/netcdf/netcdf-4.6.1/ncdump
+++ pwd
++ builddir=/home/yamamoto/local/devel/github/moltypes/src/netcdf/netcdf-4.6.1/ncdump
++ cd /home/yamamoto/local/devel/github/moltypes/src/netcdf/netcdf-4.6.1/ncdump
++ cd /home/yamamoto/local/devel/github/moltypes/src/netcdf/netcdf-4.6.1
+++ pwd
++ top_builddir=/home/yamamoto/local/devel/github/moltypes/src/netcdf/netcdf-4.6.1
++ cd /home/yamamoto/local/devel/github/moltypes/src/netcdf/netcdf-4.6.1/ncdump
++ cd /home/yamamoto/local/devel/github/moltypes/src/netcdf/netcdf-4.6.1/ncdump
+++ pwd
++ execdir=/home/yamamoto/local/devel/github/moltypes/src/netcdf/netcdf-4.6.1/ncdump
++ cd /home/yamamoto/local/devel/github/moltypes/src/netcdf/netcdf-4.6.1/ncdump
++ export srcdir top_srcdir builddir top_builddir execdir
++ test -e /home/yamamoto/local/devel/github/moltypes/src/netcdf/netcdf-4.6.1/ncdump/ncdump.exe
++ ext=
++ export NCDUMP=/home/yamamoto/local/devel/github/moltypes/src/netcdf/netcdf-4.6.1/ncdump/ncdump
++ NCDUMP=/home/yamamoto/local/devel/github/moltypes/src/netcdf/netcdf-4.6.1/ncdump/ncdump
++ export NCCOPY=/home/yamamoto/local/devel/github/moltypes/src/netcdf/netcdf-4.6.1/ncdump/nccopy
++ NCCOPY=/home/yamamoto/local/devel/github/moltypes/src/netcdf/netcdf-4.6.1/ncdump/nccopy
++ export NCGEN=/home/yamamoto/local/devel/github/moltypes/src/netcdf/netcdf-4.6.1/ncgen/ncgen
++ NCGEN=/home/yamamoto/local/devel/github/moltypes/src/netcdf/netcdf-4.6.1/ncgen/ncgen
++ export NCGEN3=/home/yamamoto/local/devel/github/moltypes/src/netcdf/netcdf-4.6.1/ncgen3/ncgen3
++ NCGEN3=/home/yamamoto/local/devel/github/moltypes/src/netcdf/netcdf-4.6.1/ncgen3/ncgen3
++ ncgen3c0=/home/yamamoto/local/devel/github/moltypes/src/netcdf/netcdf-4.6.1/ncgen3/c0.cdl
++ ncgenc0=/home/yamamoto/local/devel/github/moltypes/src/netcdf/netcdf-4.6.1/ncgen/c0.cdl
++ ncgenc04=/home/yamamoto/local/devel/github/moltypes/src/netcdf/netcdf-4.6.1/ncgen/c0_4.cdl
++ cd /home/yamamoto/local/devel/github/moltypes/src/netcdf/netcdf-4.6.1/ncdump
+ . /home/yamamoto/local/devel/github/moltypes/src/netcdf/netcdf-4.6.1/ncdump/tst_ncgen_shared.sh
++ test x/home/yamamoto/local/devel/github/moltypes/src/netcdf/netcdf-4.6.1/ncdump = x
++ . ../test_common.sh
+++ TOPSRCDIR=/home/yamamoto/local/devel/github/moltypes/src/netcdf/netcdf-4.6.1
+++ TOPBUILDDIR=/home/yamamoto/local/devel/github/moltypes/src/netcdf/netcdf-4.6.1
+++ set -e
+++ test x = x1
+++ top_srcdir=/home/yamamoto/local/devel/github/moltypes/src/netcdf/netcdf-4.6.1
+++ top_builddir=/home/yamamoto/local/devel/github/moltypes/src/netcdf/netcdf-4.6.1
+++ test x/home/yamamoto/local/devel/github/moltypes/src/netcdf/netcdf-4.6.1/ncdump = x
++++ pwd
+++ builddir=/home/yamamoto/local/devel/github/moltypes/src/netcdf/netcdf-4.6.1/ncdump
+++ execdir=/home/yamamoto/local/devel/github/moltypes/src/netcdf/netcdf-4.6.1/ncdump
++++ basename /home/yamamoto/local/devel/github/moltypes/src/netcdf/netcdf-4.6.1/ncdump
+++ thisdir=ncdump
++++ pwd
+++ WD=/home/yamamoto/local/devel/github/moltypes/src/netcdf/netcdf-4.6.1/ncdump
+++ cd /home/yamamoto/local/devel/github/moltypes/src/netcdf/netcdf-4.6.1/ncdump
++++ pwd
+++ srcdir=/home/yamamoto/local/devel/github/moltypes/src/netcdf/netcdf-4.6.1/ncdump
+++ cd /home/yamamoto/local/devel/github/moltypes/src/netcdf/netcdf-4.6.1/ncdump
+++ cd /home/yamamoto/local/devel/github/moltypes/src/netcdf/netcdf-4.6.1
++++ pwd
+++ top_srcdir=/home/yamamoto/local/devel/github/moltypes/src/netcdf/netcdf-4.6.1
+++ cd /home/yamamoto/local/devel/github/moltypes/src/netcdf/netcdf-4.6.1/ncdump
+++ cd /home/yamamoto/local/devel/github/moltypes/src/netcdf/netcdf-4.6.1/ncdump
++++ pwd
+++ builddir=/home/yamamoto/local/devel/github/moltypes/src/netcdf/netcdf-4.6.1/ncdump
+++ cd /home/yamamoto/local/devel/github/moltypes/src/netcdf/netcdf-4.6.1/ncdump
+++ cd /home/yamamoto/local/devel/github/moltypes/src/netcdf/netcdf-4.6.1
++++ pwd
+++ top_builddir=/home/yamamoto/local/devel/github/moltypes/src/netcdf/netcdf-4.6.1
+++ cd /home/yamamoto/local/devel/github/moltypes/src/netcdf/netcdf-4.6.1/ncdump
+++ cd /home/yamamoto/local/devel/github/moltypes/src/netcdf/netcdf-4.6.1/ncdump
++++ pwd
+++ execdir=/home/yamamoto/local/devel/github/moltypes/src/netcdf/netcdf-4.6.1/ncdump
+++ cd /home/yamamoto/local/devel/github/moltypes/src/netcdf/netcdf-4.6.1/ncdump
+++ export srcdir top_srcdir builddir top_builddir execdir
+++ test -e /home/yamamoto/local/devel/github/moltypes/src/netcdf/netcdf-4.6.1/ncdump/ncdump.exe
+++ ext=
+++ export NCDUMP=/home/yamamoto/local/devel/github/moltypes/src/netcdf/netcdf-4.6.1/ncdump/ncdump
+++ NCDUMP=/home/yamamoto/local/devel/github/moltypes/src/netcdf/netcdf-4.6.1/ncdump/ncdump
+++ export NCCOPY=/home/yamamoto/local/devel/github/moltypes/src/netcdf/netcdf-4.6.1/ncdump/nccopy
+++ NCCOPY=/home/yamamoto/local/devel/github/moltypes/src/netcdf/netcdf-4.6.1/ncdump/nccopy
+++ export NCGEN=/home/yamamoto/local/devel/github/moltypes/src/netcdf/netcdf-4.6.1/ncgen/ncgen
+++ NCGEN=/home/yamamoto/local/devel/github/moltypes/src/netcdf/netcdf-4.6.1/ncgen/ncgen
+++ export NCGEN3=/home/yamamoto/local/devel/github/moltypes/src/netcdf/netcdf-4.6.1/ncgen3/ncgen3
+++ NCGEN3=/home/yamamoto/local/devel/github/moltypes/src/netcdf/netcdf-4.6.1/ncgen3/ncgen3
+++ ncgen3c0=/home/yamamoto/local/devel/github/moltypes/src/netcdf/netcdf-4.6.1/ncgen3/c0.cdl
+++ ncgenc0=/home/yamamoto/local/devel/github/moltypes/src/netcdf/netcdf-4.6.1/ncgen/c0.cdl
+++ ncgenc04=/home/yamamoto/local/devel/github/moltypes/src/netcdf/netcdf-4.6.1/ncgen/c0_4.cdl
+++ cd /home/yamamoto/local/devel/github/moltypes/src/netcdf/netcdf-4.6.1/ncdump
++ set -e
++ RESULTSDIR=./results_15560
++ cdl=/home/yamamoto/local/devel/github/moltypes/src/netcdf/netcdf-4.6.1/ncdump/cdl
++ expected=/home/yamamoto/local/devel/github/moltypes/src/netcdf/netcdf-4.6.1/ncdump/expected
++ case "x${KFLAG}" in
++ CLASSIC=1
++ MODE=3
++ CLASSIC3='nc_enddef ref_tst_unicode ref_tst_utf8 simple_xy small nc_sync ref_tst_small small2 tst_ncml
n3time ref_tst_chardata ref_tst_nul3 ref_tst_long_charconst tst_chararray unlimtest1 ref_keyword'
++ NONCLASSIC3='test0 sfc_pres_temp fills c0 example_good pres_temp_4D ref_nctst ref_nctst_64bit_offset ref_ctest1_nc4 ref_ctest1_nc4c ref_nctst_netcdf4 ref_nctst_netcdf4_classic ref_tst_unlim2 ref_tst_names '
++ test 1 = 1
++ TESTS3='nc_enddef ref_tst_unicode ref_tst_utf8 simple_xy small nc_sync ref_tst_small small2 tst_ncml
n3time ref_tst_chardata ref_tst_nul3 ref_tst_long_charconst tst_chararray unlimtest1 ref_keyword'
++ TESTS4='ref_dimscope ref_typescope ref_tst_string_data ref_tst_comp ref_tst_comp2 ref_tst_comp3 ref_tst_group_data ref_tst_opaque_data ref_tst_solar_1 ref_tst_solar_2 ref_tst_enum_data ref_tst_special_atts ref_tst_nans ref_solar unlimtest2 ref_tst_vlen_data ref_tst_vlen_data ref_tst_vlen_data2 ref_niltest ref_tst_h_scalar ref_tst_nul4 '
++ SPECIALTESTS3=ref_tst_special_atts3
++ SPECIALTESTS='ref_tst_special_atts3 ref_tst_special_atts'
++ XFAILTESTS=
++ XFAILTESTS='ref_tst_unlim2 '
++ XFAILTESTS='ref_const_test ref_tst_unlim2 '
++ XFAILTESTS='ref_tst_chardata ref_const_test ref_tst_unlim2 '
++ BIGTESTS3='bigf1 bigf2 bigr1 bigr2'
++ XFAILBIG=bigf3
++ BIGTESTS4=ref_tst_solar_1
++ BIGTESTS='bigf1 bigf2 bigr1 bigr2 ref_tst_solar_1 '
++ failcount=0
++ passcount=0
++ xfailcount=0
++ rm -fr ./results_15560
+ test 3 = 3
+ TESTSET='nc_enddef ref_tst_unicode ref_tst_utf8 simple_xy small nc_sync ref_tst_small small2 tst_ncml
n3time ref_tst_chardata ref_tst_nul3 ref_tst_long_charconst tst_chararray unlimtest1 ref_keyword bigf1 bigf2 bigr1 bigr2 '
+ test 1 = 4
+ echo '*** Cycle testing ncgen with -k1'
*** Cycle testing ncgen with -k1
+ mkdir ./results_15560
+ cd ./results_15560
+ for x in '${TESTSET}'
+ test x0 = x1
+ specflag=
+ headflag=
+ for s in '${SPECIALTESTS}'
+ test xref_tst_special_atts3 = xnc_enddef
+ for s in '${SPECIALTESTS}'
+ test xref_tst_special_atts = xnc_enddef
+ isxfail=0
+ for t in '${XFAILTESTS}'
+ test xref_tst_chardata = xnc_enddef
+ for t in '${XFAILTESTS}'
+ test xref_const_test = xnc_enddef
+ for t in '${XFAILTESTS}'
+ test xref_tst_unlim2 = xnc_enddef
+ test 0 = 1
+ rm -f nc_enddef_15560.nc nc_enddef_15560.dmp
+ /home/yamamoto/local/devel/github/moltypes/src/netcdf/netcdf-4.6.1/ncgen/ncgen -b -k1 -o nc_enddef_15560.nc /home/yamamoto/local/devel/github/moltypes/src/netcdf/netcdf-4.6.1/ncdump/cdl/nc_enddef.cdl
+ /home/yamamoto/local/devel/github/moltypes/src/netcdf/netcdf-4.6.1/ncdump/ncdump -n nc_enddef nc_enddef_15560.nc
+ rm -f nc_enddef_15560.nc
+ /home/yamamoto/local/devel/github/moltypes/src/netcdf/netcdf-4.6.1/ncgen/ncgen -b -k1 -o nc_enddef_15560.nc nc_enddef_15560.dmp
+ /home/yamamoto/local/devel/github/moltypes/src/netcdf/netcdf-4.6.1/ncdump/ncdump -n nc_enddef nc_enddef_15560.nc
+ diff -b -w nc_enddef_15560.dmp nc_enddef_15560.dmp2
+ ok=1
+ rm -f nc_enddef_15560.nc nc_enddef_15560.dmp
+ test x1 = x1
+ test x0 = x1
++ expr 0 + 1
+ passcount=1
+ for x in '${TESTSET}'
+ test x0 = x1
+ specflag=
+ headflag=
+ for s in '${SPECIALTESTS}'
+ test xref_tst_special_atts3 = xref_tst_unicode
+ for s in '${SPECIALTESTS}'
+ test xref_tst_special_atts = xref_tst_unicode
+ isxfail=0
+ for t in '${XFAILTESTS}'
+ test xref_tst_chardata = xref_tst_unicode
+ for t in '${XFAILTESTS}'
+ test xref_const_test = xref_tst_unicode
+ for t in '${XFAILTESTS}'
+ test xref_tst_unlim2 = xref_tst_unicode
+ test 0 = 1
+ rm -f ref_tst_unicode_15560.nc ref_tst_unicode_15560.dmp
+ /home/yamamoto/local/devel/github/moltypes/src/netcdf/netcdf-4.6.1/ncgen/ncgen -b -k1 -o ref_tst_unicode_15560.nc /home/yamamoto/local/devel/github/moltypes/src/netcdf/netcdf-4.6.1/ncdump/cdl/ref_tst_unicode.cdl
+ /home/yamamoto/local/devel/github/moltypes/src/netcdf/netcdf-4.6.1/ncdump/ncdump -n ref_tst_unicode ref_tst_unicode_15560.nc
+ rm -f ref_tst_unicode_15560.nc
+ /home/yamamoto/local/devel/github/moltypes/src/netcdf/netcdf-4.6.1/ncgen/ncgen -b -k1 -o ref_tst_unicode_15560.nc ref_tst_unicode_15560.dmp
+ /home/yamamoto/local/devel/github/moltypes/src/netcdf/netcdf-4.6.1/ncdump/ncdump -n ref_tst_unicode ref_tst_unicode_15560.nc
+ diff -b -w ref_tst_unicode_15560.dmp ref_tst_unicode_15560.dmp2
+ ok=1
+ rm -f ref_tst_unicode_15560.nc ref_tst_unicode_15560.dmp
+ test x1 = x1
+ test x0 = x1
++ expr 1 + 1
+ passcount=2
+ for x in '${TESTSET}'
+ test x0 = x1
+ specflag=
+ headflag=
+ for s in '${SPECIALTESTS}'
+ test xref_tst_special_atts3 = xref_tst_utf8
+ for s in '${SPECIALTESTS}'
+ test xref_tst_special_atts = xref_tst_utf8
+ isxfail=0
+ for t in '${XFAILTESTS}'
+ test xref_tst_chardata = xref_tst_utf8
+ for t in '${XFAILTESTS}'
+ test xref_const_test = xref_tst_utf8
+ for t in '${XFAILTESTS}'
+ test xref_tst_unlim2 = xref_tst_utf8
+ test 0 = 1
+ rm -f ref_tst_utf8_15560.nc ref_tst_utf8_15560.dmp
+ /home/yamamoto/local/devel/github/moltypes/src/netcdf/netcdf-4.6.1/ncgen/ncgen -b -k1 -o ref_tst_utf8_15560.nc /home/yamamoto/local/devel/github/moltypes/src/netcdf/netcdf-4.6.1/ncdump/cdl/ref_tst_utf8.cdl
+ /home/yamamoto/local/devel/github/moltypes/src/netcdf/netcdf-4.6.1/ncdump/ncdump -n ref_tst_utf8 ref_tst_utf8_15560.nc
+ rm -f ref_tst_utf8_15560.nc
+ /home/yamamoto/local/devel/github/moltypes/src/netcdf/netcdf-4.6.1/ncgen/ncgen -b -k1 -o ref_tst_utf8_15560.nc ref_tst_utf8_15560.dmp
+ /home/yamamoto/local/devel/github/moltypes/src/netcdf/netcdf-4.6.1/ncdump/ncdump -n ref_tst_utf8 ref_tst_utf8_15560.nc
+ diff -b -w ref_tst_utf8_15560.dmp ref_tst_utf8_15560.dmp2
+ ok=1
+ rm -f ref_tst_utf8_15560.nc ref_tst_utf8_15560.dmp
+ test x1 = x1
+ test x0 = x1
++ expr 2 + 1
+ passcount=3
+ for x in '${TESTSET}'
+ test x0 = x1
+ specflag=
+ headflag=
+ for s in '${SPECIALTESTS}'
+ test xref_tst_special_atts3 = xsimple_xy
+ for s in '${SPECIALTESTS}'
+ test xref_tst_special_atts = xsimple_xy
+ isxfail=0
+ for t in '${XFAILTESTS}'
+ test xref_tst_chardata = xsimple_xy
+ for t in '${XFAILTESTS}'
+ test xref_const_test = xsimple_xy
+ for t in '${XFAILTESTS}'
+ test xref_tst_unlim2 = xsimple_xy
+ test 0 = 1
+ rm -f simple_xy_15560.nc simple_xy_15560.dmp
+ /home/yamamoto/local/devel/github/moltypes/src/netcdf/netcdf-4.6.1/ncgen/ncgen -b -k1 -o simple_xy_15560.nc /home/yamamoto/local/devel/github/moltypes/src/netcdf/netcdf-4.6.1/ncdump/cdl/simple_xy.cdl
+ /home/yamamoto/local/devel/github/moltypes/src/netcdf/netcdf-4.6.1/ncdump/ncdump -n simple_xy simple_xy_15560.nc
+ rm -f simple_xy_15560.nc
+ /home/yamamoto/local/devel/github/moltypes/src/netcdf/netcdf-4.6.1/ncgen/ncgen -b -k1 -o simple_xy_15560.nc simple_xy_15560.dmp
+ /home/yamamoto/local/devel/github/moltypes/src/netcdf/netcdf-4.6.1/ncdump/ncdump -n simple_xy simple_xy_15560.nc
+ diff -b -w simple_xy_15560.dmp simple_xy_15560.dmp2
+ ok=1
+ rm -f simple_xy_15560.nc simple_xy_15560.dmp
+ test x1 = x1
+ test x0 = x1
++ expr 3 + 1
+ passcount=4
+ for x in '${TESTSET}'
+ test x0 = x1
+ specflag=
+ headflag=
+ for s in '${SPECIALTESTS}'
+ test xref_tst_special_atts3 = xsmall
+ for s in '${SPECIALTESTS}'
+ test xref_tst_special_atts = xsmall
+ isxfail=0
+ for t in '${XFAILTESTS}'
+ test xref_tst_chardata = xsmall
+ for t in '${XFAILTESTS}'
+ test xref_const_test = xsmall
+ for t in '${XFAILTESTS}'
+ test xref_tst_unlim2 = xsmall
+ test 0 = 1
+ rm -f small_15560.nc small_15560.dmp
+ /home/yamamoto/local/devel/github/moltypes/src/netcdf/netcdf-4.6.1/ncgen/ncgen -b -k1 -o small_15560.nc /home/yamamoto/local/devel/github/moltypes/src/netcdf/netcdf-4.6.1/ncdump/cdl/small.cdl
+ /home/yamamoto/local/devel/github/moltypes/src/netcdf/netcdf-4.6.1/ncdump/ncdump -n small small_15560.nc
+ rm -f small_15560.nc
+ /home/yamamoto/local/devel/github/moltypes/src/netcdf/netcdf-4.6.1/ncgen/ncgen -b -k1 -o small_15560.nc small_15560.dmp
+ /home/yamamoto/local/devel/github/moltypes/src/netcdf/netcdf-4.6.1/ncdump/ncdump -n small small_15560.nc
+ diff -b -w small_15560.dmp small_15560.dmp2
+ ok=1
+ rm -f small_15560.nc small_15560.dmp
+ test x1 = x1
+ test x0 = x1
++ expr 4 + 1
+ passcount=5
+ for x in '${TESTSET}'
+ test x0 = x1
+ specflag=
+ headflag=
+ for s in '${SPECIALTESTS}'
+ test xref_tst_special_atts3 = xnc_sync
+ for s in '${SPECIALTESTS}'
+ test xref_tst_special_atts = xnc_sync
+ isxfail=0
+ for t in '${XFAILTESTS}'
+ test xref_tst_chardata = xnc_sync
+ for t in '${XFAILTESTS}'
+ test xref_const_test = xnc_sync
+ for t in '${XFAILTESTS}'
+ test xref_tst_unlim2 = xnc_sync
+ test 0 = 1
+ rm -f nc_sync_15560.nc nc_sync_15560.dmp
+ /home/yamamoto/local/devel/github/moltypes/src/netcdf/netcdf-4.6.1/ncgen/ncgen -b -k1 -o nc_sync_15560.nc /home/yamamoto/local/devel/github/moltypes/src/netcdf/netcdf-4.6.1/ncdump/cdl/nc_sync.cdl
+ /home/yamamoto/local/devel/github/moltypes/src/netcdf/netcdf-4.6.1/ncdump/ncdump -n nc_sync nc_sync_15560.nc
+ rm -f nc_sync_15560.nc
+ /home/yamamoto/local/devel/github/moltypes/src/netcdf/netcdf-4.6.1/ncgen/ncgen -b -k1 -o nc_sync_15560.nc nc_sync_15560.dmp
+ /home/yamamoto/local/devel/github/moltypes/src/netcdf/netcdf-4.6.1/ncdump/ncdump -n nc_sync nc_sync_15560.nc
+ diff -b -w nc_sync_15560.dmp nc_sync_15560.dmp2
+ ok=1
+ rm -f nc_sync_15560.nc nc_sync_15560.dmp
+ test x1 = x1
+ test x0 = x1
++ expr 5 + 1
+ passcount=6
+ for x in '${TESTSET}'
+ test x0 = x1
+ specflag=
+ headflag=
+ for s in '${SPECIALTESTS}'
+ test xref_tst_special_atts3 = xref_tst_small
+ for s in '${SPECIALTESTS}'
+ test xref_tst_special_atts = xref_tst_small
+ isxfail=0
+ for t in '${XFAILTESTS}'
+ test xref_tst_chardata = xref_tst_small
+ for t in '${XFAILTESTS}'
+ test xref_const_test = xref_tst_small
+ for t in '${XFAILTESTS}'
+ test xref_tst_unlim2 = xref_tst_small
+ test 0 = 1
+ rm -f ref_tst_small_15560.nc ref_tst_small_15560.dmp
+ /home/yamamoto/local/devel/github/moltypes/src/netcdf/netcdf-4.6.1/ncgen/ncgen -b -k1 -o ref_tst_small_15560.nc /home/yamamoto/local/devel/github/moltypes/src/netcdf/netcdf-4.6.1/ncdump/cdl/ref_tst_small.cdl
+ /home/yamamoto/local/devel/github/moltypes/src/netcdf/netcdf-4.6.1/ncdump/ncdump -n ref_tst_small ref_tst_small_15560.nc
+ rm -f ref_tst_small_15560.nc
+ /home/yamamoto/local/devel/github/moltypes/src/netcdf/netcdf-4.6.1/ncgen/ncgen -b -k1 -o ref_tst_small_15560.nc ref_tst_small_15560.dmp
+ /home/yamamoto/local/devel/github/moltypes/src/netcdf/netcdf-4.6.1/ncdump/ncdump -n ref_tst_small ref_tst_small_15560.nc
+ diff -b -w ref_tst_small_15560.dmp ref_tst_small_15560.dmp2
+ ok=1
+ rm -f ref_tst_small_15560.nc ref_tst_small_15560.dmp
+ test x1 = x1
+ test x0 = x1
++ expr 6 + 1
+ passcount=7
+ for x in '${TESTSET}'
+ test x0 = x1
+ specflag=
+ headflag=
+ for s in '${SPECIALTESTS}'
+ test xref_tst_special_atts3 = xsmall2
+ for s in '${SPECIALTESTS}'
+ test xref_tst_special_atts = xsmall2
+ isxfail=0
+ for t in '${XFAILTESTS}'
+ test xref_tst_chardata = xsmall2
+ for t in '${XFAILTESTS}'
+ test xref_const_test = xsmall2
+ for t in '${XFAILTESTS}'
+ test xref_tst_unlim2 = xsmall2
+ test 0 = 1
+ rm -f small2_15560.nc small2_15560.dmp
+ /home/yamamoto/local/devel/github/moltypes/src/netcdf/netcdf-4.6.1/ncgen/ncgen -b -k1 -o small2_15560.nc /home/yamamoto/local/devel/github/moltypes/src/netcdf/netcdf-4.6.1/ncdump/cdl/small2.cdl
+ /home/yamamoto/local/devel/github/moltypes/src/netcdf/netcdf-4.6.1/ncdump/ncdump -n small2 small2_15560.nc
+ rm -f small2_15560.nc
+ /home/yamamoto/local/devel/github/moltypes/src/netcdf/netcdf-4.6.1/ncgen/ncgen -b -k1 -o small2_15560.nc small2_15560.dmp
+ /home/yamamoto/local/devel/github/moltypes/src/netcdf/netcdf-4.6.1/ncdump/ncdump -n small2 small2_15560.nc
+ diff -b -w small2_15560.dmp small2_15560.dmp2
+ ok=1
+ rm -f small2_15560.nc small2_15560.dmp
+ test x1 = x1
+ test x0 = x1
++ expr 7 + 1
+ passcount=8
+ for x in '${TESTSET}'
+ test x0 = x1
+ specflag=
+ headflag=
+ for s in '${SPECIALTESTS}'
+ test xref_tst_special_atts3 = xtst_ncml
+ for s in '${SPECIALTESTS}'
+ test xref_tst_special_atts = xtst_ncml
+ isxfail=0
+ for t in '${XFAILTESTS}'
+ test xref_tst_chardata = xtst_ncml
+ for t in '${XFAILTESTS}'
+ test xref_const_test = xtst_ncml
+ for t in '${XFAILTESTS}'
+ test xref_tst_unlim2 = xtst_ncml
+ test 0 = 1
+ rm -f tst_ncml_15560.nc tst_ncml_15560.dmp
+ /home/yamamoto/local/devel/github/moltypes/src/netcdf/netcdf-4.6.1/ncgen/ncgen -b -k1 -o tst_ncml_15560.nc /home/yamamoto/local/devel/github/moltypes/src/netcdf/netcdf-4.6.1/ncdump/cdl/tst_ncml.cdl
+ /home/yamamoto/local/devel/github/moltypes/src/netcdf/netcdf-4.6.1/ncdump/ncdump -n tst_ncml tst_ncml_15560.nc
+ rm -f tst_ncml_15560.nc
+ /home/yamamoto/local/devel/github/moltypes/src/netcdf/netcdf-4.6.1/ncgen/ncgen -b -k1 -o tst_ncml_15560.nc tst_ncml_15560.dmp
+ /home/yamamoto/local/devel/github/moltypes/src/netcdf/netcdf-4.6.1/ncdump/ncdump -n tst_ncml tst_ncml_15560.nc
+ diff -b -w tst_ncml_15560.dmp tst_ncml_15560.dmp2
+ ok=1
+ rm -f tst_ncml_15560.nc tst_ncml_15560.dmp
+ test x1 = x1
+ test x0 = x1
++ expr 8 + 1
+ passcount=9
+ for x in '${TESTSET}'
+ test x0 = x1
+ specflag=
+ headflag=
+ for s in '${SPECIALTESTS}'
+ test xref_tst_special_atts3 = xn3time
+ for s in '${SPECIALTESTS}'
+ test xref_tst_special_atts = xn3time
+ isxfail=0
+ for t in '${XFAILTESTS}'
+ test xref_tst_chardata = xn3time
+ for t in '${XFAILTESTS}'
+ test xref_const_test = xn3time
+ for t in '${XFAILTESTS}'
+ test xref_tst_unlim2 = xn3time
+ test 0 = 1
+ rm -f n3time_15560.nc n3time_15560.dmp
+ /home/yamamoto/local/devel/github/moltypes/src/netcdf/netcdf-4.6.1/ncgen/ncgen -b -k1 -o n3time_15560.nc /home/yamamoto/local/devel/github/moltypes/src/netcdf/netcdf-4.6.1/ncdump/cdl/n3time.cdl
+ /home/yamamoto/local/devel/github/moltypes/src/netcdf/netcdf-4.6.1/ncdump/ncdump -n n3time n3time_15560.nc
+ rm -f n3time_15560.nc
+ /home/yamamoto/local/devel/github/moltypes/src/netcdf/netcdf-4.6.1/ncgen/ncgen -b -k1 -o n3time_15560.nc n3time_15560.dmp
+ /home/yamamoto/local/devel/github/moltypes/src/netcdf/netcdf-4.6.1/ncdump/ncdump -n n3time n3time_15560.nc
+ diff -b -w n3time_15560.dmp n3time_15560.dmp2
+ ok=1
+ rm -f n3time_15560.nc n3time_15560.dmp
+ test x1 = x1
+ test x0 = x1
++ expr 9 + 1
+ passcount=10
+ for x in '${TESTSET}'
+ test x0 = x1
+ specflag=
+ headflag=
+ for s in '${SPECIALTESTS}'
+ test xref_tst_special_atts3 = xref_tst_chardata
+ for s in '${SPECIALTESTS}'
+ test xref_tst_special_atts = xref_tst_chardata
+ isxfail=0
+ for t in '${XFAILTESTS}'
+ test xref_tst_chardata = xref_tst_chardata
+ isxfail=1
+ for t in '${XFAILTESTS}'
+ test xref_const_test = xref_tst_chardata
+ for t in '${XFAILTESTS}'
+ test xref_tst_unlim2 = xref_tst_chardata
+ test 1 = 1
+ echo 'xfail test: ref_tst_chardata: ignored'
xfail test: ref_tst_chardata: ignored
++ expr 0 + 1
+ xfailcount=1
+ for x in '${TESTSET}'
+ test x0 = x1
+ specflag=
+ headflag=
+ for s in '${SPECIALTESTS}'
+ test xref_tst_special_atts3 = xref_tst_nul3
+ for s in '${SPECIALTESTS}'
+ test xref_tst_special_atts = xref_tst_nul3
+ isxfail=0
+ for t in '${XFAILTESTS}'
+ test xref_tst_chardata = xref_tst_nul3
+ for t in '${XFAILTESTS}'
+ test xref_const_test = xref_tst_nul3
+ for t in '${XFAILTESTS}'
+ test xref_tst_unlim2 = xref_tst_nul3
+ test 0 = 1
+ rm -f ref_tst_nul3_15560.nc ref_tst_nul3_15560.dmp
+ /home/yamamoto/local/devel/github/moltypes/src/netcdf/netcdf-4.6.1/ncgen/ncgen -b -k1 -o ref_tst_nul3_15560.nc /home/yamamoto/local/devel/github/moltypes/src/netcdf/netcdf-4.6.1/ncdump/cdl/ref_tst_nul3.cdl
+ /home/yamamoto/local/devel/github/moltypes/src/netcdf/netcdf-4.6.1/ncdump/ncdump -n ref_tst_nul3 ref_tst_nul3_15560.nc
+ rm -f ref_tst_nul3_15560.nc
+ /home/yamamoto/local/devel/github/moltypes/src/netcdf/netcdf-4.6.1/ncgen/ncgen -b -k1 -o ref_tst_nul3_15560.nc ref_tst_nul3_15560.dmp
+ /home/yamamoto/local/devel/github/moltypes/src/netcdf/netcdf-4.6.1/ncdump/ncdump -n ref_tst_nul3 ref_tst_nul3_15560.nc
+ diff -b -w ref_tst_nul3_15560.dmp ref_tst_nul3_15560.dmp2
+ ok=1
+ rm -f ref_tst_nul3_15560.nc ref_tst_nul3_15560.dmp
+ test x1 = x1
+ test x0 = x1
++ expr 10 + 1
+ passcount=11
+ for x in '${TESTSET}'
+ test x0 = x1
+ specflag=
+ headflag=
+ for s in '${SPECIALTESTS}'
+ test xref_tst_special_atts3 = xref_tst_long_charconst
+ for s in '${SPECIALTESTS}'
+ test xref_tst_special_atts = xref_tst_long_charconst
+ isxfail=0
+ for t in '${XFAILTESTS}'
+ test xref_tst_chardata = xref_tst_long_charconst
+ for t in '${XFAILTESTS}'
+ test xref_const_test = xref_tst_long_charconst
+ for t in '${XFAILTESTS}'
+ test xref_tst_unlim2 = xref_tst_long_charconst
+ test 0 = 1
+ rm -f ref_tst_long_charconst_15560.nc ref_tst_long_charconst_15560.dmp
+ /home/yamamoto/local/devel/github/moltypes/src/netcdf/netcdf-4.6.1/ncgen/ncgen -b -k1 -o ref_tst_long_charconst_15560.nc /home/yamamoto/local/devel/github/moltypes/src/netcdf/netcdf-4.6.1/ncdump/cdl/ref_tst_long_charconst.cdl
+ /home/yamamoto/local/devel/github/moltypes/src/netcdf/netcdf-4.6.1/ncdump/ncdump -n ref_tst_long_charconst ref_tst_long_charconst_15560.nc
+ rm -f ref_tst_long_charconst_15560.nc
+ /home/yamamoto/local/devel/github/moltypes/src/netcdf/netcdf-4.6.1/ncgen/ncgen -b -k1 -o ref_tst_long_charconst_15560.nc ref_tst_long_charconst_15560.dmp
+ /home/yamamoto/local/devel/github/moltypes/src/netcdf/netcdf-4.6.1/ncdump/ncdump -n ref_tst_long_charconst ref_tst_long_charconst_15560.nc
+ diff -b -w ref_tst_long_charconst_15560.dmp ref_tst_long_charconst_15560.dmp2
+ ok=1
+ rm -f ref_tst_long_charconst_15560.nc ref_tst_long_charconst_15560.dmp
+ test x1 = x1
+ test x0 = x1
++ expr 11 + 1
+ passcount=12
+ for x in '${TESTSET}'
+ test x0 = x1
+ specflag=
+ headflag=
+ for s in '${SPECIALTESTS}'
+ test xref_tst_special_atts3 = xtst_chararray
+ for s in '${SPECIALTESTS}'
+ test xref_tst_special_atts = xtst_chararray
+ isxfail=0
+ for t in '${XFAILTESTS}'
+ test xref_tst_chardata = xtst_chararray
+ for t in '${XFAILTESTS}'
+ test xref_const_test = xtst_chararray
+ for t in '${XFAILTESTS}'
+ test xref_tst_unlim2 = xtst_chararray
+ test 0 = 1
+ rm -f tst_chararray_15560.nc tst_chararray_15560.dmp
+ /home/yamamoto/local/devel/github/moltypes/src/netcdf/netcdf-4.6.1/ncgen/ncgen -b -k1 -o tst_chararray_15560.nc /home/yamamoto/local/devel/github/moltypes/src/netcdf/netcdf-4.6.1/ncdump/cdl/tst_chararray.cdl
+ /home/yamamoto/local/devel/github/moltypes/src/netcdf/netcdf-4.6.1/ncdump/ncdump -n tst_chararray tst_chararray_15560.nc
+ rm -f tst_chararray_15560.nc
+ /home/yamamoto/local/devel/github/moltypes/src/netcdf/netcdf-4.6.1/ncgen/ncgen -b -k1 -o tst_chararray_15560.nc tst_chararray_15560.dmp
+ /home/yamamoto/local/devel/github/moltypes/src/netcdf/netcdf-4.6.1/ncdump/ncdump -n tst_chararray tst_chararray_15560.nc
+ diff -b -w tst_chararray_15560.dmp tst_chararray_15560.dmp2
+ ok=1
+ rm -f tst_chararray_15560.nc tst_chararray_15560.dmp
+ test x1 = x1
+ test x0 = x1
++ expr 12 + 1
+ passcount=13
+ for x in '${TESTSET}'
+ test x0 = x1
+ specflag=
+ headflag=
+ for s in '${SPECIALTESTS}'
+ test xref_tst_special_atts3 = xunlimtest1
+ for s in '${SPECIALTESTS}'
+ test xref_tst_special_atts = xunlimtest1
+ isxfail=0
+ for t in '${XFAILTESTS}'
+ test xref_tst_chardata = xunlimtest1
+ for t in '${XFAILTESTS}'
+ test xref_const_test = xunlimtest1
+ for t in '${XFAILTESTS}'
+ test xref_tst_unlim2 = xunlimtest1
+ test 0 = 1
+ rm -f unlimtest1_15560.nc unlimtest1_15560.dmp
+ /home/yamamoto/local/devel/github/moltypes/src/netcdf/netcdf-4.6.1/ncgen/ncgen -b -k1 -o unlimtest1_15560.nc /home/yamamoto/local/devel/github/moltypes/src/netcdf/netcdf-4.6.1/ncdump/cdl/unlimtest1.cdl
+ /home/yamamoto/local/devel/github/moltypes/src/netcdf/netcdf-4.6.1/ncdump/ncdump -n unlimtest1 unlimtest1_15560.nc
+ rm -f unlimtest1_15560.nc
+ /home/yamamoto/local/devel/github/moltypes/src/netcdf/netcdf-4.6.1/ncgen/ncgen -b -k1 -o unlimtest1_15560.nc unlimtest1_15560.dmp
+ /home/yamamoto/local/devel/github/moltypes/src/netcdf/netcdf-4.6.1/ncdump/ncdump -n unlimtest1 unlimtest1_15560.nc
+ diff -b -w unlimtest1_15560.dmp unlimtest1_15560.dmp2
+ ok=1
+ rm -f unlimtest1_15560.nc unlimtest1_15560.dmp
+ test x1 = x1
+ test x0 = x1
++ expr 13 + 1
+ passcount=14
+ for x in '${TESTSET}'
+ test x0 = x1
+ specflag=
+ headflag=
+ for s in '${SPECIALTESTS}'
+ test xref_tst_special_atts3 = xref_keyword
+ for s in '${SPECIALTESTS}'
+ test xref_tst_special_atts = xref_keyword
+ isxfail=0
+ for t in '${XFAILTESTS}'
+ test xref_tst_chardata = xref_keyword
+ for t in '${XFAILTESTS}'
+ test xref_const_test = xref_keyword
+ for t in '${XFAILTESTS}'
+ test xref_tst_unlim2 = xref_keyword
+ test 0 = 1
+ rm -f ref_keyword_15560.nc ref_keyword_15560.dmp
+ /home/yamamoto/local/devel/github/moltypes/src/netcdf/netcdf-4.6.1/ncgen/ncgen -b -k1 -o ref_keyword_15560.nc /home/yamamoto/local/devel/github/moltypes/src/netcdf/netcdf-4.6.1/ncdump/cdl/ref_keyword.cdl
+ /home/yamamoto/local/devel/github/moltypes/src/netcdf/netcdf-4.6.1/ncdump/ncdump -n ref_keyword ref_keyword_15560.nc
+ rm -f ref_keyword_15560.nc
+ /home/yamamoto/local/devel/github/moltypes/src/netcdf/netcdf-4.6.1/ncgen/ncgen -b -k1 -o ref_keyword_15560.nc ref_keyword_15560.dmp
+ /home/yamamoto/local/devel/github/moltypes/src/netcdf/netcdf-4.6.1/ncdump/ncdump -n ref_keyword ref_keyword_15560.nc
+ diff -b -w ref_keyword_15560.dmp ref_keyword_15560.dmp2
+ ok=1
+ rm -f ref_keyword_15560.nc ref_keyword_15560.dmp
+ test x1 = x1
+ test x0 = x1
++ expr 14 + 1
+ passcount=15
+ for x in '${TESTSET}'
+ test x0 = x1
+ specflag=
+ headflag=
+ for s in '${SPECIALTESTS}'
+ test xref_tst_special_atts3 = xbigf1
+ for s in '${SPECIALTESTS}'
+ test xref_tst_special_atts = xbigf1
+ isxfail=0
+ for t in '${XFAILTESTS}'
+ test xref_tst_chardata = xbigf1
+ for t in '${XFAILTESTS}'
+ test xref_const_test = xbigf1
+ for t in '${XFAILTESTS}'
+ test xref_tst_unlim2 = xbigf1
+ test 0 = 1
+ rm -f bigf1_15560.nc bigf1_15560.dmp
+ /home/yamamoto/local/devel/github/moltypes/src/netcdf/netcdf-4.6.1/ncgen/ncgen -b -k1 -o bigf1_15560.nc /home/yamamoto/local/devel/github/moltypes/src/netcdf/netcdf-4.6.1/ncdump/cdl/bigf1.cdl
+ /home/yamamoto/local/devel/github/moltypes/src/netcdf/netcdf-4.6.1/ncdump/ncdump -n bigf1 bigf1_15560.nc
+ rm -f bigf1_15560.nc
+ /home/yamamoto/local/devel/github/moltypes/src/netcdf/netcdf-4.6.1/ncgen/ncgen -b -k1 -o bigf1_15560.nc bigf1_15560.dmp
+ /home/yamamoto/local/devel/github/moltypes/src/netcdf/netcdf-4.6.1/ncdump/ncdump -n bigf1 bigf1_15560.nc
+ diff -b -w bigf1_15560.dmp bigf1_15560.dmp2
+ ok=1
+ rm -f bigf1_15560.nc bigf1_15560.dmp
+ test x1 = x1
+ test x0 = x1
++ expr 15 + 1
+ passcount=16
+ for x in '${TESTSET}'
+ test x0 = x1
+ specflag=
+ headflag=
+ for s in '${SPECIALTESTS}'
+ test xref_tst_special_atts3 = xbigf2
+ for s in '${SPECIALTESTS}'
+ test xref_tst_special_atts = xbigf2
+ isxfail=0
+ for t in '${XFAILTESTS}'
+ test xref_tst_chardata = xbigf2
+ for t in '${XFAILTESTS}'
+ test xref_const_test = xbigf2
+ for t in '${XFAILTESTS}'
+ test xref_tst_unlim2 = xbigf2
+ test 0 = 1
+ rm -f bigf2_15560.nc bigf2_15560.dmp
+ /home/yamamoto/local/devel/github/moltypes/src/netcdf/netcdf-4.6.1/ncgen/ncgen -b -k1 -o bigf2_15560.nc /home/yamamoto/local/devel/github/moltypes/src/netcdf/netcdf-4.6.1/ncdump/cdl/bigf2.cdl
+ /home/yamamoto/local/devel/github/moltypes/src/netcdf/netcdf-4.6.1/ncdump/ncdump -n bigf2 bigf2_15560.nc
+ rm -f bigf2_15560.nc
+ /home/yamamoto/local/devel/github/moltypes/src/netcdf/netcdf-4.6.1/ncgen/ncgen -b -k1 -o bigf2_15560.nc bigf2_15560.dmp
+ /home/yamamoto/local/devel/github/moltypes/src/netcdf/netcdf-4.6.1/ncdump/ncdump -n bigf2 bigf2_15560.nc
+ diff -b -w bigf2_15560.dmp bigf2_15560.dmp2
+ ok=1
+ rm -f bigf2_15560.nc bigf2_15560.dmp
+ test x1 = x1
+ test x0 = x1
++ expr 16 + 1
+ passcount=17
+ for x in '${TESTSET}'
+ test x0 = x1
+ specflag=
+ headflag=
+ for s in '${SPECIALTESTS}'
+ test xref_tst_special_atts3 = xbigr1
+ for s in '${SPECIALTESTS}'
+ test xref_tst_special_atts = xbigr1
+ isxfail=0
+ for t in '${XFAILTESTS}'
+ test xref_tst_chardata = xbigr1
+ for t in '${XFAILTESTS}'
+ test xref_const_test = xbigr1
+ for t in '${XFAILTESTS}'
+ test xref_tst_unlim2 = xbigr1
+ test 0 = 1
+ rm -f bigr1_15560.nc bigr1_15560.dmp
+ /home/yamamoto/local/devel/github/moltypes/src/netcdf/netcdf-4.6.1/ncgen/ncgen -b -k1 -o bigr1_15560.nc /home/yamamoto/local/devel/github/moltypes/src/netcdf/netcdf-4.6.1/ncdump/cdl/bigr1.cdl
+ /home/yamamoto/local/devel/github/moltypes/src/netcdf/netcdf-4.6.1/ncdump/ncdump -n bigr1 bigr1_15560.nc
+ rm -f bigr1_15560.nc
+ /home/yamamoto/local/devel/github/moltypes/src/netcdf/netcdf-4.6.1/ncgen/ncgen -b -k1 -o bigr1_15560.nc bigr1_15560.dmp
+ /home/yamamoto/local/devel/github/moltypes/src/netcdf/netcdf-4.6.1/ncdump/ncdump -n bigr1 bigr1_15560.nc
+ diff -b -w bigr1_15560.dmp bigr1_15560.dmp2
+ ok=1
+ rm -f bigr1_15560.nc bigr1_15560.dmp
+ test x1 = x1
+ test x0 = x1
++ expr 17 + 1
+ passcount=18
+ for x in '${TESTSET}'
+ test x0 = x1
+ specflag=
+ headflag=
+ for s in '${SPECIALTESTS}'
+ test xref_tst_special_atts3 = xbigr2
+ for s in '${SPECIALTESTS}'
+ test xref_tst_special_atts = xbigr2
+ isxfail=0
+ for t in '${XFAILTESTS}'
+ test xref_tst_chardata = xbigr2
+ for t in '${XFAILTESTS}'
+ test xref_const_test = xbigr2
+ for t in '${XFAILTESTS}'
+ test xref_tst_unlim2 = xbigr2
+ test 0 = 1
+ rm -f bigr2_15560.nc bigr2_15560.dmp
+ /home/yamamoto/local/devel/github/moltypes/src/netcdf/netcdf-4.6.1/ncgen/ncgen -b -k1 -o bigr2_15560.nc /home/yamamoto/local/devel/github/moltypes/src/netcdf/netcdf-4.6.1/ncdump/cdl/bigr2.cdl
+ /home/yamamoto/local/devel/github/moltypes/src/netcdf/netcdf-4.6.1/ncdump/ncdump -n bigr2 bigr2_15560.nc
+ rm -f bigr2_15560.nc
+ /home/yamamoto/local/devel/github/moltypes/src/netcdf/netcdf-4.6.1/ncgen/ncgen -b -k1 -o bigr2_15560.nc bigr2_15560.dmp
+ /home/yamamoto/local/devel/github/moltypes/src/netcdf/netcdf-4.6.1/ncdump/ncdump -n bigr2 bigr2_15560.nc
+ diff -b -w bigr2_15560.dmp bigr2_15560.dmp2
+ ok=1
+ rm -f bigr2_15560.nc bigr2_15560.dmp
+ test x1 = x1
+ test x0 = x1
++ expr 18 + 1
+ passcount=19
+ cd ..
++ expr 19 + 0 + 1
+ totalcount=20
++ expr 19 + 1
+ okcount=20
+ echo '*** PASSED: 20/20 ; 0 unexpected failures; 1 expected failures ignored'
*** PASSED: 20/20 ; 0 unexpected failures; 1 expected failures ignored
+ rm -rf ./results_15560
+ test 0 -gt 0
+ exit 0
SUCCESS!!
PASS tst_ncgen4_classic.sh (exit status: 0)
