
*** Testing ncgen and ncdump test output for classic format.
*** Testing that ncgen produces correct C code from c0.cdl.
*** creating ctest1.cdl from tst_output_ctest0.nc...
*** creating tst_output_c0.nc from c0.cdl...
*** creating tst_output_c1.cdl from tst_output_c0.nc...
*** comparing tst_output_c1.cdl with ref_ctest1_nc4c.cdl...
*** comparing ncdump of C program output (ctest1.cdl) with c1.cdl...
*** test output for ncdump -k
*** test output for ncdump -x
*** creating tst_ncml.nc from tst_ncml.cdl
*** creating c1.ncml from tst_ncml.nc
Attribute: 'gnul'; value contains nul characters; producing illegal xml
*** comparing ncdump -x of generated file with ref1.ncml ...
*** test output for ncdump -s
*** creating tst_mslp.nc from tst_mslp.cdl
*** creating tst_format_att.cdl from tst_mslp.nc
*** comparing ncdump -s of generated file with ref_tst_format_att.cdl ...
*** All ncgen and ncdump test output for classic format passed!
*** Testing that ncgen with c0.cdl for 64-bit offset format.
*** Testing ncgen and ncdump test output for 64-bit offset format.
*** creating ctest1_64.cdl from test0_64.nc...
*** creating tst_output_c0_64.nc from c0.cdl...
*** creating tst_output_c1_64.cdl from tst_output_c0_64.nc...
*** comparing ncdump of C program output (ctest1_64.cdl) with tst_output_c1_64.cdl...
*** test output for ncdump -k
*** test output for ncdump -s
*** creating tst_mslp_64.nc from tst_mslp.cdl
*** creating tst_format_att_64.cdl from tst_mslp_64.nc
*** comparing ncdump -s of generated file with ref_tst_format_att_64.cdl ...
*** All ncgen and ncdump test output for 64-bit offset format passed!
PASS tst_output.sh (exit status: 0)
