This file contains any messages produced by compilers while
running configure, to aid debugging if configure makes a mistake.

It was created by netCDF-cxx4 configure 4.3.0, which was
generated by GNU Autoconf 2.69.  Invocation command line was

  $ ./configure --disable-netcdf-4 --prefix=/home/yymmt/moltypes

## --------- ##
## Platform. ##
## --------- ##

hostname = miharu14.kuchem.kyoto-u.ac.jp
uname -m = x86_64
uname -r = 2.6.32-696.1.1.el6.x86_64
uname -s = Linux
uname -v = #1 SMP Tue Apr 11 17:13:24 UTC 2017

/usr/bin/uname -p = unknown
/bin/uname -X     = unknown

/bin/arch              = x86_64
/usr/bin/arch -k       = unknown
/usr/convex/getsysinfo = unknown
/usr/bin/hostinfo      = unknown
/bin/machine           = unknown
/usr/bin/oslevel       = unknown
/bin/universe          = unknown

PATH: /opt/intel/compilers_and_libraries_2018.1.163/linux/bin/intel64
PATH: /opt/intel/compilers_and_libraries_2018.1.163/linux/mpi/intel64/bin
PATH: /opt/intel/compilers_and_libraries_2016.4.258/linux/bin/intel64
PATH: /opt/intel/compilers_and_libraries_2016.4.258/linux/mpi/intel64/bin
PATH: /opt/intel/debugger_2016/gdb/intel64_mic/bin
PATH: /home/yymmt/moltypes/bin
PATH: /usr/local/cuda-8.0/bin/
PATH: /home/yymmt/amber16/bin
PATH: /usr/lib64/qt-3.3/bin
PATH: /usr/local/bin
PATH: /bin
PATH: /usr/bin
PATH: /usr/local/sbin
PATH: /usr/sbin
PATH: /sbin
PATH: /home/yymmt/local/bin
PATH: /home/yymmt/bin


## ----------- ##
## Core tests. ##
## ----------- ##

configure:2462: netCDF-cxx4 4.3.0
configure:2502: checking build system type
configure:2516: result: x86_64-unknown-linux-gnu
configure:2536: checking host system type
configure:2549: result: x86_64-unknown-linux-gnu
configure:2569: checking target system type
configure:2582: result: x86_64-unknown-linux-gnu
configure:2630: checking for a BSD-compatible install
configure:2698: result: /usr/bin/install -c
configure:2709: checking whether build environment is sane
configure:2764: result: yes
configure:2915: checking for a thread-safe mkdir -p
configure:2954: result: /bin/mkdir -p
configure:2961: checking for gawk
configure:2977: found /bin/gawk
configure:2988: result: gawk
configure:2999: checking whether make sets $(MAKE)
configure:3021: result: yes
configure:3050: checking whether make supports nested variables
configure:3067: result: yes
configure:3193: checking whether to enable maintainer-specific portions of Makefiles
configure:3202: result: no
configure:3219: checking user options
configure:3223: checking whether netCDF extra tests should be run (developers only)
configure:3231: result: no
configure:3248: checking whether large file (> 2GB) tests should be run
configure:3256: result: no
configure:3273: checking whether benchmaks should be run (experimental)
configure:3281: result: no
configure:3295: checking where to put large temp files if large file tests are run
configure:3304: result: .
configure:3349: checking for doxygen
configure:3365: found /usr/bin/doxygen
configure:3376: result: doxygen
configure:3398: checking for dot
configure:3428: result: no
configure:3437: WARNING: dot not found - will use simple charts in documentation
configure:3472: finding other utilities
configure:3476: setting up libtool
configure:3525: checking how to print strings
configure:3552: result: printf
configure:3585: checking for style of include used by make
configure:3613: result: GNU
configure:3684: checking for gcc
configure:3711: result: icc
configure:3940: checking for C compiler version
configure:3949: icc --version >&5
icc (ICC) 18.0.1 20171018
(C) 1985-2017 Intel Corporation.  無断での引用、転載を禁じます。

configure:3960: $? = 0
configure:3949: icc -v >&5
icc バージョン 18.0.1 (gcc バージョン 4.4.7 互換)
configure:3960: $? = 0
configure:3949: icc -V >&5
インテル(R) 64 対応インテル(R) C コンパイラー (インテル(R) 64 対応アプリケーション用) バージョン 18.0.1.163 ビルド 20171018
(C) 1985-2017 Intel Corporation.  無断での引用、転載を禁じます。

configure:3960: $? = 0
configure:3949: icc -qversion >&5
icc: コマンドライン警告 #10006: 不明なオプション '-qversion' を無視します。
icc: コマンドライン・エラー: ファイルが指定されていません。ヘルプを表示するには "icc -help" と入力してください。
configure:3960: $? = 1
configure:3980: checking whether the C compiler works
configure:4002: icc -O3 -xHost -ip -no-prec-div -I/home/yymmt/moltypes/include -fPIC -O3 -xHost -ip -no-prec-div -I/home/yymmt/moltypes/include -fPIC -L/home/yymmt/moltypes/lib conftest.c  >&5
configure:4006: $? = 0
configure:4054: result: yes
configure:4057: checking for C compiler default output file name
configure:4059: result: a.out
configure:4065: checking for suffix of executables
configure:4072: icc -o conftest -O3 -xHost -ip -no-prec-div -I/home/yymmt/moltypes/include -fPIC -O3 -xHost -ip -no-prec-div -I/home/yymmt/moltypes/include -fPIC -L/home/yymmt/moltypes/lib conftest.c  >&5
configure:4076: $? = 0
configure:4098: result: 
configure:4120: checking whether we are cross compiling
configure:4128: icc -o conftest -O3 -xHost -ip -no-prec-div -I/home/yymmt/moltypes/include -fPIC -O3 -xHost -ip -no-prec-div -I/home/yymmt/moltypes/include -fPIC -L/home/yymmt/moltypes/lib conftest.c  >&5
configure:4132: $? = 0
configure:4139: ./conftest
configure:4143: $? = 0
configure:4158: result: no
configure:4163: checking for suffix of object files
configure:4185: icc -c -O3 -xHost -ip -no-prec-div -I/home/yymmt/moltypes/include -fPIC -O3 -xHost -ip -no-prec-div -I/home/yymmt/moltypes/include -fPIC conftest.c >&5
configure:4189: $? = 0
configure:4210: result: o
configure:4214: checking whether we are using the GNU C compiler
configure:4233: icc -c -O3 -xHost -ip -no-prec-div -I/home/yymmt/moltypes/include -fPIC -O3 -xHost -ip -no-prec-div -I/home/yymmt/moltypes/include -fPIC conftest.c >&5
configure:4233: $? = 0
configure:4242: result: yes
configure:4251: checking whether icc accepts -g
configure:4271: icc -c -g -O3 -xHost -ip -no-prec-div -I/home/yymmt/moltypes/include -fPIC conftest.c >&5
configure:4271: $? = 0
configure:4312: result: yes
configure:4329: checking for icc option to accept ISO C89
configure:4392: icc  -c -O3 -xHost -ip -no-prec-div -I/home/yymmt/moltypes/include -fPIC -O3 -xHost -ip -no-prec-div -I/home/yymmt/moltypes/include -fPIC conftest.c >&5
configure:4392: $? = 0
configure:4405: result: none needed
configure:4430: checking whether icc understands -c and -o together
configure:4452: icc -c conftest.c -o conftest2.o
configure:4455: $? = 0
configure:4452: icc -c conftest.c -o conftest2.o
configure:4455: $? = 0
configure:4467: result: yes
configure:4486: checking dependency style of icc
configure:4597: result: gcc3
configure:4612: checking for a sed that does not truncate output
configure:4676: result: /bin/sed
configure:4694: checking for grep that handles long lines and -e
configure:4752: result: /bin/grep
configure:4757: checking for egrep
configure:4819: result: /bin/grep -E
configure:4824: checking for fgrep
configure:4886: result: /bin/grep -F
configure:4921: checking for ld used by icc
configure:4988: result: /usr/bin/ld
configure:4995: checking if the linker (/usr/bin/ld) is GNU ld
configure:5010: result: yes
configure:5022: checking for BSD- or MS-compatible name lister (nm)
configure:5071: result: /usr/bin/nm -B
configure:5201: checking the name lister (/usr/bin/nm -B) interface
configure:5208: icc -c -O3 -xHost -ip -no-prec-div -I/home/yymmt/moltypes/include -fPIC -O3 -xHost -ip -no-prec-div -I/home/yymmt/moltypes/include -fPIC conftest.c >&5
configure:5211: /usr/bin/nm -B "conftest.o"
configure:5214: output
0000000000000000 B some_variable
configure:5221: result: BSD nm
configure:5224: checking whether ln -s works
configure:5228: result: yes
configure:5236: checking the maximum length of command line arguments
configure:5367: result: 1966080
configure:5384: checking whether the shell understands some XSI constructs
configure:5394: result: yes
configure:5398: checking whether the shell understands "+="
configure:5404: result: yes
configure:5439: checking how to convert x86_64-unknown-linux-gnu file names to x86_64-unknown-linux-gnu format
configure:5479: result: func_convert_file_noop
configure:5486: checking how to convert x86_64-unknown-linux-gnu file names to toolchain format
configure:5506: result: func_convert_file_noop
configure:5513: checking for /usr/bin/ld option to reload object files
configure:5520: result: -r
configure:5594: checking for objdump
configure:5610: found /usr/bin/objdump
configure:5621: result: objdump
configure:5653: checking how to recognize dependent libraries
configure:5851: result: pass_all
configure:5936: checking for dlltool
configure:5966: result: no
configure:5996: checking how to associate runtime and link libraries
configure:6023: result: printf %s\n
configure:6084: checking for ar
configure:6100: found /usr/bin/ar
configure:6111: result: ar
configure:6148: checking for archiver @FILE support
configure:6165: icc -c -O3 -xHost -ip -no-prec-div -I/home/yymmt/moltypes/include -fPIC -O3 -xHost -ip -no-prec-div -I/home/yymmt/moltypes/include -fPIC conftest.c >&5
configure:6165: $? = 0
configure:6168: ar cru libconftest.a @conftest.lst >&5
configure:6171: $? = 0
configure:6176: ar cru libconftest.a @conftest.lst >&5
ar: conftest.o: No such file or directory
configure:6179: $? = 1
configure:6191: result: @
configure:6249: checking for strip
configure:6265: found /usr/bin/strip
configure:6276: result: strip
configure:6348: checking for ranlib
configure:6364: found /usr/bin/ranlib
configure:6375: result: ranlib
configure:6477: checking command to parse /usr/bin/nm -B output from icc object
configure:6597: icc -c -O3 -xHost -ip -no-prec-div -I/home/yymmt/moltypes/include -fPIC -O3 -xHost -ip -no-prec-div -I/home/yymmt/moltypes/include -fPIC conftest.c >&5
configure:6600: $? = 0
configure:6604: /usr/bin/nm -B conftest.o \| sed -n -e 's/^.*[ ]\([ABCDGIRSTW][ABCDGIRSTW]*\)[ ][ ]*\([_A-Za-z][_A-Za-z0-9]*\)$/\1 \2 \2/p' | sed '/ __gnu_lto/d' \> conftest.nm
configure:6607: $? = 0
configure:6673: icc -o conftest -O3 -xHost -ip -no-prec-div -I/home/yymmt/moltypes/include -fPIC -O3 -xHost -ip -no-prec-div -I/home/yymmt/moltypes/include -fPIC -L/home/yymmt/moltypes/lib conftest.c conftstm.o >&5
configure:6676: $? = 0
configure:6714: result: ok
configure:6751: checking for sysroot
configure:6781: result: no
configure:6858: icc -c -O3 -xHost -ip -no-prec-div -I/home/yymmt/moltypes/include -fPIC -O3 -xHost -ip -no-prec-div -I/home/yymmt/moltypes/include -fPIC conftest.c >&5
configure:6861: $? = 0
configure:7050: checking for mt
configure:7080: result: no
configure:7100: checking if : is a manifest tool
configure:7106: : '-?'
configure:7114: result: no
configure:7756: checking how to run the C preprocessor
configure:7826: result: icc -E
configure:7846: icc -E -O3 -xHost -ip -no-prec-div -I/home/yymmt/moltypes/include -fPIC conftest.c
configure:7846: $? = 0
configure:7860: icc -E -O3 -xHost -ip -no-prec-div -I/home/yymmt/moltypes/include -fPIC conftest.c
conftest.c(12): エラー #2379: ソース ファイル "ac_nonexistent.h" を開けません。
  #include <ac_nonexistent.h>
                             ^

configure:7860: $? = 2
configure: failed program was:
| /* confdefs.h */
| #define PACKAGE_NAME "netCDF-cxx4"
| #define PACKAGE_TARNAME "netcdf-cxx4"
| #define PACKAGE_VERSION "4.3.0"
| #define PACKAGE_STRING "netCDF-cxx4 4.3.0"
| #define PACKAGE_BUGREPORT "support-netcdf@unidata.ucar.edu"
| #define PACKAGE_URL ""
| #define PACKAGE "netcdf-cxx4"
| #define VERSION "4.3.0"
| #define TEMP_LARGE "."
| /* end confdefs.h.  */
| #include <ac_nonexistent.h>
configure:7889: checking for ANSI C header files
configure:7909: icc -c -O3 -xHost -ip -no-prec-div -I/home/yymmt/moltypes/include -fPIC -O3 -xHost -ip -no-prec-div -I/home/yymmt/moltypes/include -fPIC conftest.c >&5
configure:7909: $? = 0
configure:7982: icc -o conftest -O3 -xHost -ip -no-prec-div -I/home/yymmt/moltypes/include -fPIC -O3 -xHost -ip -no-prec-div -I/home/yymmt/moltypes/include -fPIC -L/home/yymmt/moltypes/lib conftest.c  >&5
configure:7982: $? = 0
configure:7982: ./conftest
configure:7982: $? = 0
configure:7993: result: yes
configure:8006: checking for sys/types.h
configure:8006: icc -c -O3 -xHost -ip -no-prec-div -I/home/yymmt/moltypes/include -fPIC -O3 -xHost -ip -no-prec-div -I/home/yymmt/moltypes/include -fPIC conftest.c >&5
configure:8006: $? = 0
configure:8006: result: yes
configure:8006: checking for sys/stat.h
configure:8006: icc -c -O3 -xHost -ip -no-prec-div -I/home/yymmt/moltypes/include -fPIC -O3 -xHost -ip -no-prec-div -I/home/yymmt/moltypes/include -fPIC conftest.c >&5
configure:8006: $? = 0
configure:8006: result: yes
configure:8006: checking for stdlib.h
configure:8006: icc -c -O3 -xHost -ip -no-prec-div -I/home/yymmt/moltypes/include -fPIC -O3 -xHost -ip -no-prec-div -I/home/yymmt/moltypes/include -fPIC conftest.c >&5
configure:8006: $? = 0
configure:8006: result: yes
configure:8006: checking for string.h
configure:8006: icc -c -O3 -xHost -ip -no-prec-div -I/home/yymmt/moltypes/include -fPIC -O3 -xHost -ip -no-prec-div -I/home/yymmt/moltypes/include -fPIC conftest.c >&5
configure:8006: $? = 0
configure:8006: result: yes
configure:8006: checking for memory.h
configure:8006: icc -c -O3 -xHost -ip -no-prec-div -I/home/yymmt/moltypes/include -fPIC -O3 -xHost -ip -no-prec-div -I/home/yymmt/moltypes/include -fPIC conftest.c >&5
configure:8006: $? = 0
configure:8006: result: yes
configure:8006: checking for strings.h
configure:8006: icc -c -O3 -xHost -ip -no-prec-div -I/home/yymmt/moltypes/include -fPIC -O3 -xHost -ip -no-prec-div -I/home/yymmt/moltypes/include -fPIC conftest.c >&5
configure:8006: $? = 0
configure:8006: result: yes
configure:8006: checking for inttypes.h
configure:8006: icc -c -O3 -xHost -ip -no-prec-div -I/home/yymmt/moltypes/include -fPIC -O3 -xHost -ip -no-prec-div -I/home/yymmt/moltypes/include -fPIC conftest.c >&5
configure:8006: $? = 0
configure:8006: result: yes
configure:8006: checking for stdint.h
configure:8006: icc -c -O3 -xHost -ip -no-prec-div -I/home/yymmt/moltypes/include -fPIC -O3 -xHost -ip -no-prec-div -I/home/yymmt/moltypes/include -fPIC conftest.c >&5
configure:8006: $? = 0
configure:8006: result: yes
configure:8006: checking for unistd.h
configure:8006: icc -c -O3 -xHost -ip -no-prec-div -I/home/yymmt/moltypes/include -fPIC -O3 -xHost -ip -no-prec-div -I/home/yymmt/moltypes/include -fPIC conftest.c >&5
configure:8006: $? = 0
configure:8006: result: yes
configure:8020: checking for dlfcn.h
configure:8020: icc -c -O3 -xHost -ip -no-prec-div -I/home/yymmt/moltypes/include -fPIC -O3 -xHost -ip -no-prec-div -I/home/yymmt/moltypes/include -fPIC conftest.c >&5
configure:8020: $? = 0
configure:8020: result: yes
configure:8226: checking for objdir
configure:8241: result: .libs
configure:8512: checking if icc supports -fno-rtti -fno-exceptions
configure:8530: icc -c -O3 -xHost -ip -no-prec-div -I/home/yymmt/moltypes/include -fPIC -O3 -xHost -ip -no-prec-div -I/home/yymmt/moltypes/include -fPIC -fno-rtti -fno-exceptions conftest.c >&5
configure:8534: $? = 0
configure:8547: result: yes
configure:8874: checking for icc option to produce PIC
configure:8881: result: -fPIC -DPIC
configure:8889: checking if icc PIC flag -fPIC -DPIC works
configure:8907: icc -c -O3 -xHost -ip -no-prec-div -I/home/yymmt/moltypes/include -fPIC -O3 -xHost -ip -no-prec-div -I/home/yymmt/moltypes/include -fPIC -fPIC -DPIC -DPIC conftest.c >&5
configure:8911: $? = 0
configure:8924: result: yes
configure:8953: checking if icc static flag -static works
configure:8981: result: no
configure:8996: checking if icc supports -c -o file.o
configure:9017: icc -c -O3 -xHost -ip -no-prec-div -I/home/yymmt/moltypes/include -fPIC -O3 -xHost -ip -no-prec-div -I/home/yymmt/moltypes/include -fPIC -o out/conftest2.o conftest.c >&5
configure:9021: $? = 0
configure:9043: result: yes
configure:9051: checking if icc supports -c -o file.o
configure:9098: result: yes
configure:9131: checking whether the icc linker (/usr/bin/ld -m elf_x86_64) supports shared libraries
configure:10288: result: yes
configure:10325: checking whether -lc should be explicitly linked in
configure:10333: icc -c -O3 -xHost -ip -no-prec-div -I/home/yymmt/moltypes/include -fPIC -O3 -xHost -ip -no-prec-div -I/home/yymmt/moltypes/include -fPIC conftest.c >&5
configure:10336: $? = 0
configure:10351: icc -shared  -fPIC -DPIC conftest.o  -v -Wl,-soname -Wl,conftest -o conftest 2\>\&1 \| /bin/grep  -lc  \>/dev/null 2\>\&1
configure:10354: $? = 0
configure:10368: result: no
configure:10528: checking dynamic linker characteristics
configure:11028: icc -o conftest -O3 -xHost -ip -no-prec-div -I/home/yymmt/moltypes/include -fPIC -O3 -xHost -ip -no-prec-div -I/home/yymmt/moltypes/include -fPIC -L/home/yymmt/moltypes/lib -Wl,-rpath -Wl,/foo conftest.c  >&5
configure:11028: $? = 0
configure:11262: result: GNU/Linux ld.so
configure:11369: checking how to hardcode library paths into programs
configure:11394: result: immediate
configure:11934: checking whether stripping libraries is possible
configure:11939: result: yes
configure:11974: checking if libtool supports shared libraries
configure:11976: result: yes
configure:11979: checking whether to build shared libraries
configure:12000: result: yes
configure:12003: checking whether to build static libraries
configure:12007: result: yes
configure:12158: checking for C++ compiler version
configure:12167: icpc --version >&5
icpc (ICC) 18.0.1 20171018
(C) 1985-2017 Intel Corporation.  無断での引用、転載を禁じます。

configure:12178: $? = 0
configure:12167: icpc -v >&5
icpc バージョン 18.0.1 (gcc バージョン 4.4.7 互換)
configure:12178: $? = 0
configure:12167: icpc -V >&5
インテル(R) 64 対応インテル(R) C++ コンパイラー (インテル(R) 64 対応アプリケーション用) バージョン 18.0.1.163 ビルド 20171018
(C) 1985-2017 Intel Corporation.  無断での引用、転載を禁じます。

configure:12178: $? = 0
configure:12167: icpc -qversion >&5
icpc: コマンドライン警告 #10006: 不明なオプション '-qversion' を無視します。
icpc: コマンドライン・エラー: ファイルが指定されていません。ヘルプを表示するには "icpc -help" と入力してください。
configure:12178: $? = 1
configure:12182: checking whether we are using the GNU C++ compiler
configure:12201: icpc -c  -O3 -xHost -ip -no-prec-div -I/home/yymmt/moltypes/include -fPIC conftest.cpp >&5
configure:12201: $? = 0
configure:12210: result: yes
configure:12219: checking whether icpc accepts -g
configure:12239: icpc -c -g -O3 -xHost -ip -no-prec-div -I/home/yymmt/moltypes/include -fPIC conftest.cpp >&5
configure:12239: $? = 0
configure:12280: result: yes
configure:12305: checking dependency style of icpc
configure:12416: result: gcc3
configure:12449: checking how to run the C++ preprocessor
configure:12515: result: icc -E
configure:12535: icc -E -O3 -xHost -ip -no-prec-div -I/home/yymmt/moltypes/include -fPIC conftest.cpp
configure:12535: $? = 0
configure:12549: icc -E -O3 -xHost -ip -no-prec-div -I/home/yymmt/moltypes/include -fPIC conftest.cpp
conftest.cpp(24): エラー #2379: ソース ファイル "ac_nonexistent.h" を開けません。
  #include <ac_nonexistent.h>
                             ^

configure:12549: $? = 2
configure: failed program was:
| /* confdefs.h */
| #define PACKAGE_NAME "netCDF-cxx4"
| #define PACKAGE_TARNAME "netcdf-cxx4"
| #define PACKAGE_VERSION "4.3.0"
| #define PACKAGE_STRING "netCDF-cxx4 4.3.0"
| #define PACKAGE_BUGREPORT "support-netcdf@unidata.ucar.edu"
| #define PACKAGE_URL ""
| #define PACKAGE "netcdf-cxx4"
| #define VERSION "4.3.0"
| #define TEMP_LARGE "."
| #define STDC_HEADERS 1
| #define HAVE_SYS_TYPES_H 1
| #define HAVE_SYS_STAT_H 1
| #define HAVE_STDLIB_H 1
| #define HAVE_STRING_H 1
| #define HAVE_MEMORY_H 1
| #define HAVE_STRINGS_H 1
| #define HAVE_INTTYPES_H 1
| #define HAVE_STDINT_H 1
| #define HAVE_UNISTD_H 1
| #define HAVE_DLFCN_H 1
| #define LT_OBJDIR ".libs/"
| /* end confdefs.h.  */
| #include <ac_nonexistent.h>
configure:12718: checking for ld used by icpc
configure:12785: result: /usr/bin/ld -m elf_x86_64
configure:12792: checking if the linker (/usr/bin/ld -m elf_x86_64) is GNU ld
configure:12807: result: yes
configure:12862: checking whether the icpc linker (/usr/bin/ld -m elf_x86_64) supports shared libraries
configure:13864: result: yes
configure:13900: icpc -c -g -O2 -O3 -xHost -ip -no-prec-div -I/home/yymmt/moltypes/include -fPIC conftest.cpp >&5
configure:13903: $? = 0
configure:14423: checking for icpc option to produce PIC
configure:14430: result: -fPIC -DPIC
configure:14438: checking if icpc PIC flag -fPIC -DPIC works
configure:14456: icpc -c -g -O2 -O3 -xHost -ip -no-prec-div -I/home/yymmt/moltypes/include -fPIC -fPIC -DPIC -DPIC conftest.cpp >&5
configure:14460: $? = 0
configure:14473: result: yes
configure:14496: checking if icpc static flag -static works
configure:14524: result: no
configure:14536: checking if icpc supports -c -o file.o
configure:14557: icpc -c -g -O2 -O3 -xHost -ip -no-prec-div -I/home/yymmt/moltypes/include -fPIC -o out/conftest2.o conftest.cpp >&5
configure:14561: $? = 0
configure:14583: result: yes
configure:14588: checking if icpc supports -c -o file.o
configure:14635: result: yes
configure:14665: checking whether the icpc linker (/usr/bin/ld -m elf_x86_64) supports shared libraries
configure:14704: result: yes
configure:14845: checking dynamic linker characteristics
configure:15513: result: GNU/Linux ld.so
configure:15566: checking how to hardcode library paths into programs
configure:15591: result: immediate
configure:15635: checking for gawk
configure:15662: result: gawk
configure:15721: checking for gcc
configure:15748: result: icc
configure:15977: checking for C compiler version
configure:15986: icc --version >&5
icc (ICC) 18.0.1 20171018
(C) 1985-2017 Intel Corporation.  無断での引用、転載を禁じます。

configure:15997: $? = 0
configure:15986: icc -v >&5
icc バージョン 18.0.1 (gcc バージョン 4.4.7 互換)
configure:15997: $? = 0
configure:15986: icc -V >&5
インテル(R) 64 対応インテル(R) C コンパイラー (インテル(R) 64 対応アプリケーション用) バージョン 18.0.1.163 ビルド 20171018
(C) 1985-2017 Intel Corporation.  無断での引用、転載を禁じます。

configure:15997: $? = 0
configure:15986: icc -qversion >&5
icc: コマンドライン警告 #10006: 不明なオプション '-qversion' を無視します。
icc: コマンドライン・エラー: ファイルが指定されていません。ヘルプを表示するには "icc -help" と入力してください。
configure:15997: $? = 1
configure:16001: checking whether we are using the GNU C compiler
configure:16029: result: yes
configure:16038: checking whether icc accepts -g
configure:16099: result: yes
configure:16116: checking for icc option to accept ISO C89
configure:16192: result: none needed
configure:16217: checking whether icc understands -c and -o together
configure:16254: result: yes
configure:16273: checking dependency style of icc
configure:16384: result: gcc3
configure:16404: checking how to run the C preprocessor
configure:16474: result: icc -E
configure:16494: icc -E -O3 -xHost -ip -no-prec-div -I/home/yymmt/moltypes/include -fPIC conftest.c
configure:16494: $? = 0
configure:16508: icc -E -O3 -xHost -ip -no-prec-div -I/home/yymmt/moltypes/include -fPIC conftest.c
conftest.c(24): エラー #2379: ソース ファイル "ac_nonexistent.h" を開けません。
  #include <ac_nonexistent.h>
                             ^

configure:16508: $? = 2
configure: failed program was:
| /* confdefs.h */
| #define PACKAGE_NAME "netCDF-cxx4"
| #define PACKAGE_TARNAME "netcdf-cxx4"
| #define PACKAGE_VERSION "4.3.0"
| #define PACKAGE_STRING "netCDF-cxx4 4.3.0"
| #define PACKAGE_BUGREPORT "support-netcdf@unidata.ucar.edu"
| #define PACKAGE_URL ""
| #define PACKAGE "netcdf-cxx4"
| #define VERSION "4.3.0"
| #define TEMP_LARGE "."
| #define STDC_HEADERS 1
| #define HAVE_SYS_TYPES_H 1
| #define HAVE_SYS_STAT_H 1
| #define HAVE_STDLIB_H 1
| #define HAVE_STRING_H 1
| #define HAVE_MEMORY_H 1
| #define HAVE_STRINGS_H 1
| #define HAVE_INTTYPES_H 1
| #define HAVE_STDINT_H 1
| #define HAVE_UNISTD_H 1
| #define HAVE_DLFCN_H 1
| #define LT_OBJDIR ".libs/"
| /* end confdefs.h.  */
| #include <ac_nonexistent.h>
configure:16537: checking whether ln -s works
configure:16541: result: yes
configure:16548: checking whether make sets $(MAKE)
configure:16570: result: yes
configure:16584: checking stddef.h usability
configure:16584: icc -c -O3 -xHost -ip -no-prec-div -I/home/yymmt/moltypes/include -fPIC -O3 -xHost -ip -no-prec-div -I/home/yymmt/moltypes/include -fPIC conftest.c >&5
configure:16584: $? = 0
configure:16584: result: yes
configure:16584: checking stddef.h presence
configure:16584: icc -E -O3 -xHost -ip -no-prec-div -I/home/yymmt/moltypes/include -fPIC conftest.c
configure:16584: $? = 0
configure:16584: result: yes
configure:16584: checking for stddef.h
configure:16584: result: yes
configure:16584: checking for stdlib.h
configure:16584: result: yes
configure:16584: checking for string.h
configure:16584: result: yes
configure:16596: checking for stdbool.h that conforms to C99
configure:16663: icc -c -O3 -xHost -ip -no-prec-div -I/home/yymmt/moltypes/include -fPIC -O3 -xHost -ip -no-prec-div -I/home/yymmt/moltypes/include -fPIC conftest.c >&5
configure:16663: $? = 0
configure:16670: result: yes
configure:16672: checking for _Bool
configure:16672: icc -c -O3 -xHost -ip -no-prec-div -I/home/yymmt/moltypes/include -fPIC -O3 -xHost -ip -no-prec-div -I/home/yymmt/moltypes/include -fPIC conftest.c >&5
configure:16672: $? = 0
configure:16672: icc -c -O3 -xHost -ip -no-prec-div -I/home/yymmt/moltypes/include -fPIC -O3 -xHost -ip -no-prec-div -I/home/yymmt/moltypes/include -fPIC conftest.c >&5
conftest.c(63): エラー: 式を指定してください。
  if (sizeof ((_Bool)))
                     ^

コンパイルは conftest.c で異常終了しました (コード 2)。
configure:16672: $? = 2
configure: failed program was:
| /* confdefs.h */
| #define PACKAGE_NAME "netCDF-cxx4"
| #define PACKAGE_TARNAME "netcdf-cxx4"
| #define PACKAGE_VERSION "4.3.0"
| #define PACKAGE_STRING "netCDF-cxx4 4.3.0"
| #define PACKAGE_BUGREPORT "support-netcdf@unidata.ucar.edu"
| #define PACKAGE_URL ""
| #define PACKAGE "netcdf-cxx4"
| #define VERSION "4.3.0"
| #define TEMP_LARGE "."
| #define STDC_HEADERS 1
| #define HAVE_SYS_TYPES_H 1
| #define HAVE_SYS_STAT_H 1
| #define HAVE_STDLIB_H 1
| #define HAVE_STRING_H 1
| #define HAVE_MEMORY_H 1
| #define HAVE_STRINGS_H 1
| #define HAVE_INTTYPES_H 1
| #define HAVE_STDINT_H 1
| #define HAVE_UNISTD_H 1
| #define HAVE_DLFCN_H 1
| #define LT_OBJDIR ".libs/"
| #define HAVE_STDDEF_H 1
| #define HAVE_STDLIB_H 1
| #define HAVE_STRING_H 1
| /* end confdefs.h.  */
| #include <stdio.h>
| #ifdef HAVE_SYS_TYPES_H
| # include <sys/types.h>
| #endif
| #ifdef HAVE_SYS_STAT_H
| # include <sys/stat.h>
| #endif
| #ifdef STDC_HEADERS
| # include <stdlib.h>
| # include <stddef.h>
| #else
| # ifdef HAVE_STDLIB_H
| #  include <stdlib.h>
| # endif
| #endif
| #ifdef HAVE_STRING_H
| # if !defined STDC_HEADERS && defined HAVE_MEMORY_H
| #  include <memory.h>
| # endif
| # include <string.h>
| #endif
| #ifdef HAVE_STRINGS_H
| # include <strings.h>
| #endif
| #ifdef HAVE_INTTYPES_H
| # include <inttypes.h>
| #endif
| #ifdef HAVE_STDINT_H
| # include <stdint.h>
| #endif
| #ifdef HAVE_UNISTD_H
| # include <unistd.h>
| #endif
| int
| main ()
| {
| if (sizeof ((_Bool)))
| 	    return 0;
|   ;
|   return 0;
| }
configure:16672: result: yes
configure:16689: checking for size_t
configure:16689: icc -c -O3 -xHost -ip -no-prec-div -I/home/yymmt/moltypes/include -fPIC -O3 -xHost -ip -no-prec-div -I/home/yymmt/moltypes/include -fPIC conftest.c >&5
configure:16689: $? = 0
configure:16689: icc -c -O3 -xHost -ip -no-prec-div -I/home/yymmt/moltypes/include -fPIC -O3 -xHost -ip -no-prec-div -I/home/yymmt/moltypes/include -fPIC conftest.c >&5
conftest.c(65): エラー: 式を指定してください。
  if (sizeof ((size_t)))
                      ^

コンパイルは conftest.c で異常終了しました (コード 2)。
configure:16689: $? = 2
configure: failed program was:
| /* confdefs.h */
| #define PACKAGE_NAME "netCDF-cxx4"
| #define PACKAGE_TARNAME "netcdf-cxx4"
| #define PACKAGE_VERSION "4.3.0"
| #define PACKAGE_STRING "netCDF-cxx4 4.3.0"
| #define PACKAGE_BUGREPORT "support-netcdf@unidata.ucar.edu"
| #define PACKAGE_URL ""
| #define PACKAGE "netcdf-cxx4"
| #define VERSION "4.3.0"
| #define TEMP_LARGE "."
| #define STDC_HEADERS 1
| #define HAVE_SYS_TYPES_H 1
| #define HAVE_SYS_STAT_H 1
| #define HAVE_STDLIB_H 1
| #define HAVE_STRING_H 1
| #define HAVE_MEMORY_H 1
| #define HAVE_STRINGS_H 1
| #define HAVE_INTTYPES_H 1
| #define HAVE_STDINT_H 1
| #define HAVE_UNISTD_H 1
| #define HAVE_DLFCN_H 1
| #define LT_OBJDIR ".libs/"
| #define HAVE_STDDEF_H 1
| #define HAVE_STDLIB_H 1
| #define HAVE_STRING_H 1
| #define HAVE__BOOL 1
| #define HAVE_STDBOOL_H 1
| /* end confdefs.h.  */
| #include <stdio.h>
| #ifdef HAVE_SYS_TYPES_H
| # include <sys/types.h>
| #endif
| #ifdef HAVE_SYS_STAT_H
| # include <sys/stat.h>
| #endif
| #ifdef STDC_HEADERS
| # include <stdlib.h>
| # include <stddef.h>
| #else
| # ifdef HAVE_STDLIB_H
| #  include <stdlib.h>
| # endif
| #endif
| #ifdef HAVE_STRING_H
| # if !defined STDC_HEADERS && defined HAVE_MEMORY_H
| #  include <memory.h>
| # endif
| # include <string.h>
| #endif
| #ifdef HAVE_STRINGS_H
| # include <strings.h>
| #endif
| #ifdef HAVE_INTTYPES_H
| # include <inttypes.h>
| #endif
| #ifdef HAVE_STDINT_H
| # include <stdint.h>
| #endif
| #ifdef HAVE_UNISTD_H
| # include <unistd.h>
| #endif
| int
| main ()
| {
| if (sizeof ((size_t)))
| 	    return 0;
|   ;
|   return 0;
| }
configure:16689: result: yes
configure:16700: checking for ptrdiff_t
configure:16700: icc -c -O3 -xHost -ip -no-prec-div -I/home/yymmt/moltypes/include -fPIC -O3 -xHost -ip -no-prec-div -I/home/yymmt/moltypes/include -fPIC conftest.c >&5
configure:16700: $? = 0
configure:16700: icc -c -O3 -xHost -ip -no-prec-div -I/home/yymmt/moltypes/include -fPIC -O3 -xHost -ip -no-prec-div -I/home/yymmt/moltypes/include -fPIC conftest.c >&5
conftest.c(65): エラー: 式を指定してください。
  if (sizeof ((ptrdiff_t)))
                         ^

コンパイルは conftest.c で異常終了しました (コード 2)。
configure:16700: $? = 2
configure: failed program was:
| /* confdefs.h */
| #define PACKAGE_NAME "netCDF-cxx4"
| #define PACKAGE_TARNAME "netcdf-cxx4"
| #define PACKAGE_VERSION "4.3.0"
| #define PACKAGE_STRING "netCDF-cxx4 4.3.0"
| #define PACKAGE_BUGREPORT "support-netcdf@unidata.ucar.edu"
| #define PACKAGE_URL ""
| #define PACKAGE "netcdf-cxx4"
| #define VERSION "4.3.0"
| #define TEMP_LARGE "."
| #define STDC_HEADERS 1
| #define HAVE_SYS_TYPES_H 1
| #define HAVE_SYS_STAT_H 1
| #define HAVE_STDLIB_H 1
| #define HAVE_STRING_H 1
| #define HAVE_MEMORY_H 1
| #define HAVE_STRINGS_H 1
| #define HAVE_INTTYPES_H 1
| #define HAVE_STDINT_H 1
| #define HAVE_UNISTD_H 1
| #define HAVE_DLFCN_H 1
| #define LT_OBJDIR ".libs/"
| #define HAVE_STDDEF_H 1
| #define HAVE_STDLIB_H 1
| #define HAVE_STRING_H 1
| #define HAVE__BOOL 1
| #define HAVE_STDBOOL_H 1
| /* end confdefs.h.  */
| #include <stdio.h>
| #ifdef HAVE_SYS_TYPES_H
| # include <sys/types.h>
| #endif
| #ifdef HAVE_SYS_STAT_H
| # include <sys/stat.h>
| #endif
| #ifdef STDC_HEADERS
| # include <stdlib.h>
| # include <stddef.h>
| #else
| # ifdef HAVE_STDLIB_H
| #  include <stdlib.h>
| # endif
| #endif
| #ifdef HAVE_STRING_H
| # if !defined STDC_HEADERS && defined HAVE_MEMORY_H
| #  include <memory.h>
| # endif
| # include <string.h>
| #endif
| #ifdef HAVE_STRINGS_H
| # include <strings.h>
| #endif
| #ifdef HAVE_INTTYPES_H
| # include <inttypes.h>
| #endif
| #ifdef HAVE_STDINT_H
| # include <stdint.h>
| #endif
| #ifdef HAVE_UNISTD_H
| # include <unistd.h>
| #endif
| int
| main ()
| {
| if (sizeof ((ptrdiff_t)))
| 	    return 0;
|   ;
|   return 0;
| }
configure:16700: result: yes
configure:16714: checking for stdlib.h
configure:16714: result: yes
configure:16724: checking for GNU libc compatible malloc
configure:16748: icc -o conftest -O3 -xHost -ip -no-prec-div -I/home/yymmt/moltypes/include -fPIC -O3 -xHost -ip -no-prec-div -I/home/yymmt/moltypes/include -fPIC -L/home/yymmt/moltypes/lib conftest.c  >&5
configure:16748: $? = 0
configure:16748: ./conftest
configure:16748: $? = 0
configure:16758: result: yes
configure:16788: checking for special C compiler options needed for large files
configure:16833: result: no
configure:16839: checking for _FILE_OFFSET_BITS value needed for large files
configure:16864: icc -c -O3 -xHost -ip -no-prec-div -I/home/yymmt/moltypes/include -fPIC -O3 -xHost -ip -no-prec-div -I/home/yymmt/moltypes/include -fPIC conftest.c >&5
configure:16864: $? = 0
configure:16896: result: no
configure:16985: checking netcdf.h usability
configure:16985: icc -c -O3 -xHost -ip -no-prec-div -I/home/yymmt/moltypes/include -fPIC -O3 -xHost -ip -no-prec-div -I/home/yymmt/moltypes/include -fPIC conftest.c >&5
configure:16985: $? = 0
configure:16985: result: yes
configure:16985: checking netcdf.h presence
configure:16985: icc -E -O3 -xHost -ip -no-prec-div -I/home/yymmt/moltypes/include -fPIC conftest.c
configure:16985: $? = 0
configure:16985: result: yes
configure:16985: checking for netcdf.h
configure:16985: result: yes
configure:16997: checking for library containing nc_create
configure:17028: icc -o conftest -O3 -xHost -ip -no-prec-div -I/home/yymmt/moltypes/include -fPIC -O3 -xHost -ip -no-prec-div -I/home/yymmt/moltypes/include -fPIC -L/home/yymmt/moltypes/lib conftest.c  >&5
/tmp/icccZLgDf.o: In function `main':
conftest.c:(.text+0x32): undefined reference to `nc_create'
configure:17028: $? = 1
configure: failed program was:
| /* confdefs.h */
| #define PACKAGE_NAME "netCDF-cxx4"
| #define PACKAGE_TARNAME "netcdf-cxx4"
| #define PACKAGE_VERSION "4.3.0"
| #define PACKAGE_STRING "netCDF-cxx4 4.3.0"
| #define PACKAGE_BUGREPORT "support-netcdf@unidata.ucar.edu"
| #define PACKAGE_URL ""
| #define PACKAGE "netcdf-cxx4"
| #define VERSION "4.3.0"
| #define TEMP_LARGE "."
| #define STDC_HEADERS 1
| #define HAVE_SYS_TYPES_H 1
| #define HAVE_SYS_STAT_H 1
| #define HAVE_STDLIB_H 1
| #define HAVE_STRING_H 1
| #define HAVE_MEMORY_H 1
| #define HAVE_STRINGS_H 1
| #define HAVE_INTTYPES_H 1
| #define HAVE_STDINT_H 1
| #define HAVE_UNISTD_H 1
| #define HAVE_DLFCN_H 1
| #define LT_OBJDIR ".libs/"
| #define HAVE_STDDEF_H 1
| #define HAVE_STDLIB_H 1
| #define HAVE_STRING_H 1
| #define HAVE__BOOL 1
| #define HAVE_STDBOOL_H 1
| #define HAVE_PTRDIFF_T 1
| #define HAVE_STDLIB_H 1
| #define HAVE_MALLOC 1
| #define HAVE_NETCDF_H 1
| /* end confdefs.h.  */
| 
| /* Override any GCC internal prototype to avoid an error.
|    Use char because int might match the return type of a GCC
|    builtin and then its argument prototype would still apply.  */
| #ifdef __cplusplus
| extern "C"
| #endif
| char nc_create ();
| int
| main ()
| {
| return nc_create ();
|   ;
|   return 0;
| }
configure:17028: icc -o conftest -O3 -xHost -ip -no-prec-div -I/home/yymmt/moltypes/include -fPIC -O3 -xHost -ip -no-prec-div -I/home/yymmt/moltypes/include -fPIC -L/home/yymmt/moltypes/lib conftest.c -lnetcdf   >&5
configure:17028: $? = 0
configure:17045: result: -lnetcdf
configure:17056: checking for nc_def_opaque
configure:17056: icc -o conftest -O3 -xHost -ip -no-prec-div -I/home/yymmt/moltypes/include -fPIC -O3 -xHost -ip -no-prec-div -I/home/yymmt/moltypes/include -fPIC -L/home/yymmt/moltypes/lib conftest.c -lnetcdf  >&5
/tmp/iccVryiSN.o: In function `main':
conftest.c:(.text+0x32): undefined reference to `nc_def_opaque'
configure:17056: $? = 1
configure: failed program was:
| /* confdefs.h */
| #define PACKAGE_NAME "netCDF-cxx4"
| #define PACKAGE_TARNAME "netcdf-cxx4"
| #define PACKAGE_VERSION "4.3.0"
| #define PACKAGE_STRING "netCDF-cxx4 4.3.0"
| #define PACKAGE_BUGREPORT "support-netcdf@unidata.ucar.edu"
| #define PACKAGE_URL ""
| #define PACKAGE "netcdf-cxx4"
| #define VERSION "4.3.0"
| #define TEMP_LARGE "."
| #define STDC_HEADERS 1
| #define HAVE_SYS_TYPES_H 1
| #define HAVE_SYS_STAT_H 1
| #define HAVE_STDLIB_H 1
| #define HAVE_STRING_H 1
| #define HAVE_MEMORY_H 1
| #define HAVE_STRINGS_H 1
| #define HAVE_INTTYPES_H 1
| #define HAVE_STDINT_H 1
| #define HAVE_UNISTD_H 1
| #define HAVE_DLFCN_H 1
| #define LT_OBJDIR ".libs/"
| #define HAVE_STDDEF_H 1
| #define HAVE_STDLIB_H 1
| #define HAVE_STRING_H 1
| #define HAVE__BOOL 1
| #define HAVE_STDBOOL_H 1
| #define HAVE_PTRDIFF_T 1
| #define HAVE_STDLIB_H 1
| #define HAVE_MALLOC 1
| #define HAVE_NETCDF_H 1
| /* end confdefs.h.  */
| /* Define nc_def_opaque to an innocuous variant, in case <limits.h> declares nc_def_opaque.
|    For example, HP-UX 11i <limits.h> declares gettimeofday.  */
| #define nc_def_opaque innocuous_nc_def_opaque
| 
| /* System header to define __stub macros and hopefully few prototypes,
|     which can conflict with char nc_def_opaque (); below.
|     Prefer <limits.h> to <assert.h> if __STDC__ is defined, since
|     <limits.h> exists even on freestanding compilers.  */
| 
| #ifdef __STDC__
| # include <limits.h>
| #else
| # include <assert.h>
| #endif
| 
| #undef nc_def_opaque
| 
| /* Override any GCC internal prototype to avoid an error.
|    Use char because int might match the return type of a GCC
|    builtin and then its argument prototype would still apply.  */
| #ifdef __cplusplus
| extern "C"
| #endif
| char nc_def_opaque ();
| /* The GNU C library defines this for functions which it implements
|     to always fail with ENOSYS.  Some functions are actually named
|     something starting with __ and the normal name is an alias.  */
| #if defined __stub_nc_def_opaque || defined __stub___nc_def_opaque
| choke me
| #endif
| 
| int
| main ()
| {
| return nc_def_opaque ();
|   ;
|   return 0;
| }
configure:17056: result: no
configure:17056: checking for nccreate
configure:17056: icc -o conftest -O3 -xHost -ip -no-prec-div -I/home/yymmt/moltypes/include -fPIC -O3 -xHost -ip -no-prec-div -I/home/yymmt/moltypes/include -fPIC -L/home/yymmt/moltypes/lib conftest.c -lnetcdf  >&5
configure:17056: $? = 0
configure:17056: result: yes
configure:17056: checking for nc_set_log_level
configure:17056: icc -o conftest -O3 -xHost -ip -no-prec-div -I/home/yymmt/moltypes/include -fPIC -O3 -xHost -ip -no-prec-div -I/home/yymmt/moltypes/include -fPIC -L/home/yymmt/moltypes/lib conftest.c -lnetcdf  >&5
/tmp/icclZ78wy.o: In function `main':
conftest.c:(.text+0x32): undefined reference to `nc_set_log_level'
configure:17056: $? = 1
configure: failed program was:
| /* confdefs.h */
| #define PACKAGE_NAME "netCDF-cxx4"
| #define PACKAGE_TARNAME "netcdf-cxx4"
| #define PACKAGE_VERSION "4.3.0"
| #define PACKAGE_STRING "netCDF-cxx4 4.3.0"
| #define PACKAGE_BUGREPORT "support-netcdf@unidata.ucar.edu"
| #define PACKAGE_URL ""
| #define PACKAGE "netcdf-cxx4"
| #define VERSION "4.3.0"
| #define TEMP_LARGE "."
| #define STDC_HEADERS 1
| #define HAVE_SYS_TYPES_H 1
| #define HAVE_SYS_STAT_H 1
| #define HAVE_STDLIB_H 1
| #define HAVE_STRING_H 1
| #define HAVE_MEMORY_H 1
| #define HAVE_STRINGS_H 1
| #define HAVE_INTTYPES_H 1
| #define HAVE_STDINT_H 1
| #define HAVE_UNISTD_H 1
| #define HAVE_DLFCN_H 1
| #define LT_OBJDIR ".libs/"
| #define HAVE_STDDEF_H 1
| #define HAVE_STDLIB_H 1
| #define HAVE_STRING_H 1
| #define HAVE__BOOL 1
| #define HAVE_STDBOOL_H 1
| #define HAVE_PTRDIFF_T 1
| #define HAVE_STDLIB_H 1
| #define HAVE_MALLOC 1
| #define HAVE_NETCDF_H 1
| #define HAVE_NCCREATE 1
| /* end confdefs.h.  */
| /* Define nc_set_log_level to an innocuous variant, in case <limits.h> declares nc_set_log_level.
|    For example, HP-UX 11i <limits.h> declares gettimeofday.  */
| #define nc_set_log_level innocuous_nc_set_log_level
| 
| /* System header to define __stub macros and hopefully few prototypes,
|     which can conflict with char nc_set_log_level (); below.
|     Prefer <limits.h> to <assert.h> if __STDC__ is defined, since
|     <limits.h> exists even on freestanding compilers.  */
| 
| #ifdef __STDC__
| # include <limits.h>
| #else
| # include <assert.h>
| #endif
| 
| #undef nc_set_log_level
| 
| /* Override any GCC internal prototype to avoid an error.
|    Use char because int might match the return type of a GCC
|    builtin and then its argument prototype would still apply.  */
| #ifdef __cplusplus
| extern "C"
| #endif
| char nc_set_log_level ();
| /* The GNU C library defines this for functions which it implements
|     to always fail with ENOSYS.  Some functions are actually named
|     something starting with __ and the normal name is an alias.  */
| #if defined __stub_nc_set_log_level || defined __stub___nc_set_log_level
| choke me
| #endif
| 
| int
| main ()
| {
| return nc_set_log_level ();
|   ;
|   return 0;
| }
configure:17056: result: no
configure:17056: checking for oc_open
configure:17056: icc -o conftest -O3 -xHost -ip -no-prec-div -I/home/yymmt/moltypes/include -fPIC -O3 -xHost -ip -no-prec-div -I/home/yymmt/moltypes/include -fPIC -L/home/yymmt/moltypes/lib conftest.c -lnetcdf  >&5
configure:17056: $? = 0
configure:17056: result: yes
configure:17056: checking for nc_use_parallel_enabled
configure:17056: icc -o conftest -O3 -xHost -ip -no-prec-div -I/home/yymmt/moltypes/include -fPIC -O3 -xHost -ip -no-prec-div -I/home/yymmt/moltypes/include -fPIC -L/home/yymmt/moltypes/lib conftest.c -lnetcdf  >&5
/tmp/iccPFYzI5.o: In function `main':
conftest.c:(.text+0x32): undefined reference to `nc_use_parallel_enabled'
configure:17056: $? = 1
configure: failed program was:
| /* confdefs.h */
| #define PACKAGE_NAME "netCDF-cxx4"
| #define PACKAGE_TARNAME "netcdf-cxx4"
| #define PACKAGE_VERSION "4.3.0"
| #define PACKAGE_STRING "netCDF-cxx4 4.3.0"
| #define PACKAGE_BUGREPORT "support-netcdf@unidata.ucar.edu"
| #define PACKAGE_URL ""
| #define PACKAGE "netcdf-cxx4"
| #define VERSION "4.3.0"
| #define TEMP_LARGE "."
| #define STDC_HEADERS 1
| #define HAVE_SYS_TYPES_H 1
| #define HAVE_SYS_STAT_H 1
| #define HAVE_STDLIB_H 1
| #define HAVE_STRING_H 1
| #define HAVE_MEMORY_H 1
| #define HAVE_STRINGS_H 1
| #define HAVE_INTTYPES_H 1
| #define HAVE_STDINT_H 1
| #define HAVE_UNISTD_H 1
| #define HAVE_DLFCN_H 1
| #define LT_OBJDIR ".libs/"
| #define HAVE_STDDEF_H 1
| #define HAVE_STDLIB_H 1
| #define HAVE_STRING_H 1
| #define HAVE__BOOL 1
| #define HAVE_STDBOOL_H 1
| #define HAVE_PTRDIFF_T 1
| #define HAVE_STDLIB_H 1
| #define HAVE_MALLOC 1
| #define HAVE_NETCDF_H 1
| #define HAVE_NCCREATE 1
| #define HAVE_OC_OPEN 1
| /* end confdefs.h.  */
| /* Define nc_use_parallel_enabled to an innocuous variant, in case <limits.h> declares nc_use_parallel_enabled.
|    For example, HP-UX 11i <limits.h> declares gettimeofday.  */
| #define nc_use_parallel_enabled innocuous_nc_use_parallel_enabled
| 
| /* System header to define __stub macros and hopefully few prototypes,
|     which can conflict with char nc_use_parallel_enabled (); below.
|     Prefer <limits.h> to <assert.h> if __STDC__ is defined, since
|     <limits.h> exists even on freestanding compilers.  */
| 
| #ifdef __STDC__
| # include <limits.h>
| #else
| # include <assert.h>
| #endif
| 
| #undef nc_use_parallel_enabled
| 
| /* Override any GCC internal prototype to avoid an error.
|    Use char because int might match the return type of a GCC
|    builtin and then its argument prototype would still apply.  */
| #ifdef __cplusplus
| extern "C"
| #endif
| char nc_use_parallel_enabled ();
| /* The GNU C library defines this for functions which it implements
|     to always fail with ENOSYS.  Some functions are actually named
|     something starting with __ and the normal name is an alias.  */
| #if defined __stub_nc_use_parallel_enabled || defined __stub___nc_use_parallel_enabled
| choke me
| #endif
| 
| int
| main ()
| {
| return nc_use_parallel_enabled ();
|   ;
|   return 0;
| }
configure:17056: result: no
configure:17076: error: NetCDF must be built with netCDF-4 enabled.

## ---------------- ##
## Cache variables. ##
## ---------------- ##

ac_cv_build=x86_64-unknown-linux-gnu
ac_cv_c_compiler_gnu=yes
ac_cv_cxx_compiler_gnu=yes
ac_cv_env_CCC_set=
ac_cv_env_CCC_value=
ac_cv_env_CC_set=set
ac_cv_env_CC_value=icc
ac_cv_env_CFLAGS_set=set
ac_cv_env_CFLAGS_value='-O3 -xHost -ip -no-prec-div -I/home/yymmt/moltypes/include -fPIC'
ac_cv_env_CPPFLAGS_set=set
ac_cv_env_CPPFLAGS_value='-O3 -xHost -ip -no-prec-div -I/home/yymmt/moltypes/include -fPIC'
ac_cv_env_CPP_set=set
ac_cv_env_CPP_value='icc -E'
ac_cv_env_CXXCPP_set=set
ac_cv_env_CXXCPP_value='icc -E'
ac_cv_env_CXXFLAGS_set=
ac_cv_env_CXXFLAGS_value=
ac_cv_env_CXX_set=set
ac_cv_env_CXX_value=icpc
ac_cv_env_LDFLAGS_set=set
ac_cv_env_LDFLAGS_value=-L/home/yymmt/moltypes/lib
ac_cv_env_LIBS_set=
ac_cv_env_LIBS_value=
ac_cv_env_build_alias_set=
ac_cv_env_build_alias_value=
ac_cv_env_host_alias_set=
ac_cv_env_host_alias_value=
ac_cv_env_target_alias_set=
ac_cv_env_target_alias_value=
ac_cv_func_malloc_0_nonnull=yes
ac_cv_func_nc_def_opaque=no
ac_cv_func_nc_set_log_level=no
ac_cv_func_nc_use_parallel_enabled=no
ac_cv_func_nccreate=yes
ac_cv_func_oc_open=yes
ac_cv_header_dlfcn_h=yes
ac_cv_header_inttypes_h=yes
ac_cv_header_memory_h=yes
ac_cv_header_netcdf_h=yes
ac_cv_header_stdbool_h=yes
ac_cv_header_stdc=yes
ac_cv_header_stddef_h=yes
ac_cv_header_stdint_h=yes
ac_cv_header_stdlib_h=yes
ac_cv_header_string_h=yes
ac_cv_header_strings_h=yes
ac_cv_header_sys_stat_h=yes
ac_cv_header_sys_types_h=yes
ac_cv_header_unistd_h=yes
ac_cv_host=x86_64-unknown-linux-gnu
ac_cv_objext=o
ac_cv_path_EGREP='/bin/grep -E'
ac_cv_path_FGREP='/bin/grep -F'
ac_cv_path_GREP=/bin/grep
ac_cv_path_SED=/bin/sed
ac_cv_path_install='/usr/bin/install -c'
ac_cv_path_mkdir=/bin/mkdir
ac_cv_prog_AWK=gawk
ac_cv_prog_CPP='icc -E'
ac_cv_prog_CXXCPP='icc -E'
ac_cv_prog_DOXYGEN=doxygen
ac_cv_prog_ac_ct_AR=ar
ac_cv_prog_ac_ct_CC=icc
ac_cv_prog_ac_ct_OBJDUMP=objdump
ac_cv_prog_ac_ct_RANLIB=ranlib
ac_cv_prog_ac_ct_STRIP=strip
ac_cv_prog_cc_c89=
ac_cv_prog_cc_g=yes
ac_cv_prog_cxx_g=yes
ac_cv_prog_make_make_set=yes
ac_cv_search_nc_create=-lnetcdf
ac_cv_sys_file_offset_bits=no
ac_cv_sys_largefile_CC=no
ac_cv_target=x86_64-unknown-linux-gnu
ac_cv_type__Bool=yes
ac_cv_type_ptrdiff_t=yes
ac_cv_type_size_t=yes
am_cv_CC_dependencies_compiler_type=gcc3
am_cv_CXX_dependencies_compiler_type=gcc3
am_cv_make_support_nested_variables=yes
am_cv_prog_cc_c_o=yes
lt_cv_ar_at_file=@
lt_cv_archive_cmds_need_lc=no
lt_cv_deplibs_check_method=pass_all
lt_cv_file_magic_cmd='$MAGIC_CMD'
lt_cv_file_magic_test_file=
lt_cv_ld_reload_flag=-r
lt_cv_nm_interface='BSD nm'
lt_cv_objdir=.libs
lt_cv_path_LD=/usr/bin/ld
lt_cv_path_LDCXX='/usr/bin/ld -m elf_x86_64'
lt_cv_path_NM='/usr/bin/nm -B'
lt_cv_path_mainfest_tool=no
lt_cv_prog_compiler_c_o=yes
lt_cv_prog_compiler_c_o_CXX=yes
lt_cv_prog_compiler_pic='-fPIC -DPIC'
lt_cv_prog_compiler_pic_CXX='-fPIC -DPIC'
lt_cv_prog_compiler_pic_works=yes
lt_cv_prog_compiler_pic_works_CXX=yes
lt_cv_prog_compiler_rtti_exceptions=yes
lt_cv_prog_compiler_static_works=no
lt_cv_prog_compiler_static_works_CXX=no
lt_cv_prog_gnu_ld=yes
lt_cv_prog_gnu_ldcxx=yes
lt_cv_sharedlib_from_linklib_cmd='printf %s\n'
lt_cv_shlibpath_overrides_runpath=no
lt_cv_sys_global_symbol_pipe='sed -n -e '\''s/^.*[	 ]\([ABCDGIRSTW][ABCDGIRSTW]*\)[	 ][	 ]*\([_A-Za-z][_A-Za-z0-9]*\)$/\1 \2 \2/p'\'' | sed '\''/ __gnu_lto/d'\'''
lt_cv_sys_global_symbol_to_c_name_address='sed -n -e '\''s/^: \([^ ]*\)[ ]*$/  {\"\1\", (void *) 0},/p'\'' -e '\''s/^[ABCDGIRSTW]* \([^ ]*\) \([^ ]*\)$/  {"\2", (void *) \&\2},/p'\'''
lt_cv_sys_global_symbol_to_c_name_address_lib_prefix='sed -n -e '\''s/^: \([^ ]*\)[ ]*$/  {\"\1\", (void *) 0},/p'\'' -e '\''s/^[ABCDGIRSTW]* \([^ ]*\) \(lib[^ ]*\)$/  {"\2", (void *) \&\2},/p'\'' -e '\''s/^[ABCDGIRSTW]* \([^ ]*\) \([^ ]*\)$/  {"lib\2", (void *) \&\2},/p'\'''
lt_cv_sys_global_symbol_to_cdecl='sed -n -e '\''s/^T .* \(.*\)$/extern int \1();/p'\'' -e '\''s/^[ABCDGIRSTW]* .* \(.*\)$/extern char \1;/p'\'''
lt_cv_sys_max_cmd_len=1966080
lt_cv_to_host_file_cmd=func_convert_file_noop
lt_cv_to_tool_file_cmd=func_convert_file_noop

## ----------------- ##
## Output variables. ##
## ----------------- ##

ACLOCAL='${SHELL} /home/yymmt/moltypes/src/netcdf/netcdf-cxx4-4.3.0/missing aclocal-1.14'
AMDEPBACKSLASH='\'
AMDEP_FALSE='#'
AMDEP_TRUE=''
AMTAR='$${TAR-tar}'
AM_BACKSLASH='\'
AM_DEFAULT_V='$(AM_DEFAULT_VERBOSITY)'
AM_DEFAULT_VERBOSITY='1'
AM_V='$(V)'
AR='ar'
AUTOCONF='${SHELL} /home/yymmt/moltypes/src/netcdf/netcdf-cxx4-4.3.0/missing autoconf'
AUTOHEADER='${SHELL} /home/yymmt/moltypes/src/netcdf/netcdf-cxx4-4.3.0/missing autoheader'
AUTOMAKE='${SHELL} /home/yymmt/moltypes/src/netcdf/netcdf-cxx4-4.3.0/missing automake-1.14'
AWK='gawk'
BUILD_BENCHMARKS_FALSE=''
BUILD_BENCHMARKS_TRUE='#'
BUILD_DAP_FALSE=''
BUILD_DAP_TRUE=''
BUILD_DOCS_FALSE=''
BUILD_DOCS_TRUE='#'
BUILD_PARALLEL_FALSE=''
BUILD_PARALLEL_TRUE=''
BUILD_V2_FALSE=''
BUILD_V2_TRUE=''
CC='icc'
CCDEPMODE='depmode=gcc3'
CFLAGS='-O3 -xHost -ip -no-prec-div -I/home/yymmt/moltypes/include -fPIC'
CPP='icc -E'
CPPFLAGS='-O3 -xHost -ip -no-prec-div -I/home/yymmt/moltypes/include -fPIC'
CXX='icpc'
CXXCPP='icc -E'
CXXDEPMODE='depmode=gcc3'
CXXFLAGS='-g -O2'
CYGPATH_W='echo'
DEFS=''
DEPDIR='.deps'
DLLTOOL='false'
DOT=''
DOXYGEN='doxygen'
DOXYGEN_CSS_FILE=''
DOXYGEN_HEADER_FILE=''
DOXYGEN_SEARCHENGINE='YES'
DSYMUTIL=''
DUMPBIN=''
ECHO_C=''
ECHO_N='-n'
ECHO_T=''
EGREP='/bin/grep -E'
EXEEXT=''
EXTRA_TESTS_FALSE=''
EXTRA_TESTS_TRUE='#'
FGREP='/bin/grep -F'
GREP='/bin/grep'
HAS_DAP=''
HAS_NC2=''
HAS_NC4=''
HAVE_DOT='NO'
INSTALL_DATA='${INSTALL} -m 644'
INSTALL_PROGRAM='${INSTALL}'
INSTALL_SCRIPT='${INSTALL}'
INSTALL_STRIP_PROGRAM='$(install_sh) -c -s'
LARGE_FILE_TESTS_FALSE=''
LARGE_FILE_TESTS_TRUE='#'
LD='/usr/bin/ld -m elf_x86_64'
LDFLAGS='-L/home/yymmt/moltypes/lib'
LIBOBJS=''
LIBS='-lnetcdf '
LIBTOOL='$(SHELL) $(top_builddir)/libtool'
LIPO=''
LN_S='ln -s'
LTLIBOBJS=''
MAINT='#'
MAINTAINER_MODE_FALSE=''
MAINTAINER_MODE_TRUE='#'
MAKEINFO='${SHELL} /home/yymmt/moltypes/src/netcdf/netcdf-cxx4-4.3.0/missing makeinfo'
MANIFEST_TOOL=':'
MKDIR_P='/bin/mkdir -p'
NC_LIBS=''
NM='/usr/bin/nm -B'
NMEDIT=''
OBJDUMP='objdump'
OBJEXT='o'
OTOOL64=''
OTOOL=''
PACKAGE='netcdf-cxx4'
PACKAGE_BUGREPORT='support-netcdf@unidata.ucar.edu'
PACKAGE_NAME='netCDF-cxx4'
PACKAGE_STRING='netCDF-cxx4 4.3.0'
PACKAGE_TARNAME='netcdf-cxx4'
PACKAGE_URL=''
PACKAGE_VERSION='4.3.0'
PATH_SEPARATOR=':'
RANLIB='ranlib'
SED='/bin/sed'
SET_MAKE=''
SHELL='/bin/sh'
STRIP='strip'
USE_LOGGING_FALSE=''
USE_LOGGING_TRUE=''
USE_NETCDF4_FALSE=''
USE_NETCDF4_TRUE=''
USE_VALGRIND_TESTS_FALSE=''
USE_VALGRIND_TESTS_TRUE=''
VERSION='4.3.0'
ac_ct_AR='ar'
ac_ct_CC='icc'
ac_ct_CXX=''
ac_ct_DUMPBIN=''
am__EXEEXT_FALSE=''
am__EXEEXT_TRUE=''
am__fastdepCC_FALSE='#'
am__fastdepCC_TRUE=''
am__fastdepCXX_FALSE='#'
am__fastdepCXX_TRUE=''
am__include='include'
am__isrc=''
am__leading_dot='.'
am__nodep='_no'
am__quote=''
am__tar='$${TAR-tar} chof - "$$tardir"'
am__untar='$${TAR-tar} xf -'
bindir='${exec_prefix}/bin'
build='x86_64-unknown-linux-gnu'
build_alias=''
build_cpu='x86_64'
build_os='linux-gnu'
build_vendor='unknown'
datadir='${datarootdir}'
datarootdir='${prefix}/share'
docdir='${datarootdir}/doc/${PACKAGE_TARNAME}'
dvidir='${docdir}'
exec_prefix='NONE'
host='x86_64-unknown-linux-gnu'
host_alias=''
host_cpu='x86_64'
host_os='linux-gnu'
host_vendor='unknown'
htmldir='${docdir}'
includedir='${prefix}/include'
infodir='${datarootdir}/info'
install_sh='${SHELL} /home/yymmt/moltypes/src/netcdf/netcdf-cxx4-4.3.0/install-sh'
libdir='${exec_prefix}/lib'
libexecdir='${exec_prefix}/libexec'
localedir='${datarootdir}/locale'
localstatedir='${prefix}/var'
mandir='${datarootdir}/man'
mkdir_p='$(MKDIR_P)'
oldincludedir='/usr/include'
pdfdir='${docdir}'
prefix='/home/yymmt/moltypes'
program_transform_name='s,x,x,'
psdir='${docdir}'
sbindir='${exec_prefix}/sbin'
sharedstatedir='${prefix}/com'
sysconfdir='${prefix}/etc'
target='x86_64-unknown-linux-gnu'
target_alias=''
target_cpu='x86_64'
target_os='linux-gnu'
target_vendor='unknown'

## ----------- ##
## confdefs.h. ##
## ----------- ##

/* confdefs.h */
#define PACKAGE_NAME "netCDF-cxx4"
#define PACKAGE_TARNAME "netcdf-cxx4"
#define PACKAGE_VERSION "4.3.0"
#define PACKAGE_STRING "netCDF-cxx4 4.3.0"
#define PACKAGE_BUGREPORT "support-netcdf@unidata.ucar.edu"
#define PACKAGE_URL ""
#define PACKAGE "netcdf-cxx4"
#define VERSION "4.3.0"
#define TEMP_LARGE "."
#define STDC_HEADERS 1
#define HAVE_SYS_TYPES_H 1
#define HAVE_SYS_STAT_H 1
#define HAVE_STDLIB_H 1
#define HAVE_STRING_H 1
#define HAVE_MEMORY_H 1
#define HAVE_STRINGS_H 1
#define HAVE_INTTYPES_H 1
#define HAVE_STDINT_H 1
#define HAVE_UNISTD_H 1
#define HAVE_DLFCN_H 1
#define LT_OBJDIR ".libs/"
#define HAVE_STDDEF_H 1
#define HAVE_STDLIB_H 1
#define HAVE_STRING_H 1
#define HAVE__BOOL 1
#define HAVE_STDBOOL_H 1
#define HAVE_PTRDIFF_T 1
#define HAVE_STDLIB_H 1
#define HAVE_MALLOC 1
#define HAVE_NETCDF_H 1
#define HAVE_NCCREATE 1
#define HAVE_OC_OPEN 1

configure: exit 1
